[1.048s] Invoking command in '/home/ros/ros2_ws/src/merge_arrays': PYTHONPATH=/home/ros/ros2_ws/build/merge_arrays/prefix_override:/home/ros/ros2_ws/install/merge_arrays/lib/python3.10/site-packages:${PYTHONPATH} /usr/bin/python3 setup.py egg_info --egg-base ../../build/merge_arrays build --build-base /home/ros/ros2_ws/build/merge_arrays/build install --record /home/ros/ros2_ws/build/merge_arrays/install.log --single-version-externally-managed
[1.418s] running egg_info
[1.419s] writing ../../build/merge_arrays/merge_arrays.egg-info/PKG-INFO
[1.420s] writing dependency_links to ../../build/merge_arrays/merge_arrays.egg-info/dependency_links.txt
[1.421s] writing entry points to ../../build/merge_arrays/merge_arrays.egg-info/entry_points.txt
[1.422s] writing requirements to ../../build/merge_arrays/merge_arrays.egg-info/requires.txt
[1.423s] writing top-level names to ../../build/merge_arrays/merge_arrays.egg-info/top_level.txt
[1.425s] reading manifest file '../../build/merge_arrays/merge_arrays.egg-info/SOURCES.txt'
[1.427s] writing manifest file '../../build/merge_arrays/merge_arrays.egg-info/SOURCES.txt'
[1.427s] running build
[1.427s] running build_py
[1.427s] copying merge_arrays/merge_arrays_node.py -> /home/ros/ros2_ws/build/merge_arrays/build/lib/merge_arrays
[1.428s] running install
[1.429s] /usr/lib/python3/dist-packages/setuptools/command/install.py:34: SetuptoolsDeprecationWarning: setup.py install is deprecated. Use build and pip and other standards-based tools.
[1.429s]   warnings.warn(
[1.429s] running install_lib
[1.430s] copying /home/ros/ros2_ws/build/merge_arrays/build/lib/merge_arrays/merge_arrays_node.py -> /home/ros/ros2_ws/install/merge_arrays/lib/python3.10/site-packages/merge_arrays
[1.431s] byte-compiling /home/ros/ros2_ws/install/merge_arrays/lib/python3.10/site-packages/merge_arrays/merge_arrays_node.py to merge_arrays_node.cpython-310.pyc
[1.434s]   File "/home/ros/ros2_ws/install/merge_arrays/lib/python3.10/site-packages/merge_arrays/merge_arrays_node.py", line 34
[1.435s]     msg.data = [1 3 5 6]
[1.435s]                 ^^^
[1.435s] SyntaxError: invalid syntax. Perhaps you forgot a comma?
[1.435s] 
[1.435s] running install_data
[1.435s] running install_egg_info
[1.438s] removing '/home/ros/ros2_ws/install/merge_arrays/lib/python3.10/site-packages/merge_arrays-0.0.0-py3.10.egg-info' (and everything under it)
[1.438s] Copying ../../build/merge_arrays/merge_arrays.egg-info to /home/ros/ros2_ws/install/merge_arrays/lib/python3.10/site-packages/merge_arrays-0.0.0-py3.10.egg-info
[1.441s] running install_scripts
[1.470s] Installing talker script to /home/ros/ros2_ws/install/merge_arrays/lib/merge_arrays
[1.475s] writing list of installed files to '/home/ros/ros2_ws/build/merge_arrays/install.log'
[1.509s] Invoked command in '/home/ros/ros2_ws/src/merge_arrays' returned '0': PYTHONPATH=/home/ros/ros2_ws/build/merge_arrays/prefix_override:/home/ros/ros2_ws/install/merge_arrays/lib/python3.10/site-packages:${PYTHONPATH} /usr/bin/python3 setup.py egg_info --egg-base ../../build/merge_arrays build --build-base /home/ros/ros2_ws/build/merge_arrays/build install --record /home/ros/ros2_ws/build/merge_arrays/install.log --single-version-externally-managed
