[1.501s] Invoking command in '/home/ros/ros2_ws/build/examples_rclpy_pointcloud_publisher': PYTHONPATH=/home/ros/ros2_ws/build/examples_rclpy_pointcloud_publisher/prefix_override:/home/ros/ros2_ws/install/examples_rclpy_pointcloud_publisher/lib/python3.10/site-packages:${PYTHONPATH} /usr/bin/python3 setup.py develop --uninstall --editable --build-directory /home/ros/ros2_ws/build/examples_rclpy_pointcloud_publisher/build
[1.902s] running develop
[1.903s] /usr/lib/python3/dist-packages/setuptools/command/easy_install.py:158: EasyInstallDeprecationWarning: easy_install command is deprecated. Use build and pip and other standards-based tools.
[1.903s]   warnings.warn(
[1.905s] /usr/lib/python3/dist-packages/setuptools/command/install.py:34: SetuptoolsDeprecationWarning: setup.py install is deprecated. Use build and pip and other standards-based tools.
[1.906s]   warnings.warn(
[2.027s] /usr/lib/python3/dist-packages/pkg_resources/__init__.py:116: PkgResourcesDeprecationWarning: 1.1build1 is an invalid version and will not be supported in a future release
[2.027s]   warnings.warn(
[2.028s] /usr/lib/python3/dist-packages/pkg_resources/__init__.py:116: PkgResourcesDeprecationWarning: 0.1.43ubuntu1 is an invalid version and will not be supported in a future release
[2.028s]   warnings.warn(
[2.228s] Removing /home/ros/ros2_ws/install/examples_rclpy_pointcloud_publisher/lib/python3.10/site-packages/examples-rclpy-pointcloud-publisher.egg-link (link to .)
[2.259s] Invoked command in '/home/ros/ros2_ws/build/examples_rclpy_pointcloud_publisher' returned '0': PYTHONPATH=/home/ros/ros2_ws/build/examples_rclpy_pointcloud_publisher/prefix_override:/home/ros/ros2_ws/install/examples_rclpy_pointcloud_publisher/lib/python3.10/site-packages:${PYTHONPATH} /usr/bin/python3 setup.py develop --uninstall --editable --build-directory /home/ros/ros2_ws/build/examples_rclpy_pointcloud_publisher/build
[2.260s] Invoking command in '/home/ros/ros2_ws/src/examples/rclpy/topics/pointcloud_publisher': PYTHONPATH=/home/ros/ros2_ws/build/examples_rclpy_pointcloud_publisher/prefix_override:/home/ros/ros2_ws/install/examples_rclpy_pointcloud_publisher/lib/python3.10/site-packages:${PYTHONPATH} /usr/bin/python3 setup.py egg_info --egg-base ../../../../../build/examples_rclpy_pointcloud_publisher build --build-base /home/ros/ros2_ws/build/examples_rclpy_pointcloud_publisher/build install --record /home/ros/ros2_ws/build/examples_rclpy_pointcloud_publisher/install.log --single-version-externally-managed
[2.618s] running egg_info
[2.622s] writing ../../../../../build/examples_rclpy_pointcloud_publisher/examples_rclpy_pointcloud_publisher.egg-info/PKG-INFO
[2.622s] writing dependency_links to ../../../../../build/examples_rclpy_pointcloud_publisher/examples_rclpy_pointcloud_publisher.egg-info/dependency_links.txt
[2.622s] writing entry points to ../../../../../build/examples_rclpy_pointcloud_publisher/examples_rclpy_pointcloud_publisher.egg-info/entry_points.txt
[2.622s] writing requirements to ../../../../../build/examples_rclpy_pointcloud_publisher/examples_rclpy_pointcloud_publisher.egg-info/requires.txt
[2.623s] writing top-level names to ../../../../../build/examples_rclpy_pointcloud_publisher/examples_rclpy_pointcloud_publisher.egg-info/top_level.txt
[2.628s] reading manifest file '../../../../../build/examples_rclpy_pointcloud_publisher/examples_rclpy_pointcloud_publisher.egg-info/SOURCES.txt'
[2.630s] writing manifest file '../../../../../build/examples_rclpy_pointcloud_publisher/examples_rclpy_pointcloud_publisher.egg-info/SOURCES.txt'
[2.630s] running build
[2.631s] running build_py
[2.631s] creating /home/ros/ros2_ws/build/examples_rclpy_pointcloud_publisher/build
[2.631s] creating /home/ros/ros2_ws/build/examples_rclpy_pointcloud_publisher/build/lib
[2.632s] creating /home/ros/ros2_ws/build/examples_rclpy_pointcloud_publisher/build/lib/examples_rclpy_pointcloud_publisher
[2.632s] copying examples_rclpy_pointcloud_publisher/__init__.py -> /home/ros/ros2_ws/build/examples_rclpy_pointcloud_publisher/build/lib/examples_rclpy_pointcloud_publisher
[2.633s] copying examples_rclpy_pointcloud_publisher/pointcloud_publisher.py -> /home/ros/ros2_ws/build/examples_rclpy_pointcloud_publisher/build/lib/examples_rclpy_pointcloud_publisher
[2.634s] running install
[2.634s] running install_lib
[2.634s] /usr/lib/python3/dist-packages/setuptools/command/install.py:34: SetuptoolsDeprecationWarning: setup.py install is deprecated. Use build and pip and other standards-based tools.
[2.634s]   warnings.warn(
[2.635s] creating /home/ros/ros2_ws/install/examples_rclpy_pointcloud_publisher/lib/python3.10/site-packages/examples_rclpy_pointcloud_publisher
[2.635s] copying /home/ros/ros2_ws/build/examples_rclpy_pointcloud_publisher/build/lib/examples_rclpy_pointcloud_publisher/__init__.py -> /home/ros/ros2_ws/install/examples_rclpy_pointcloud_publisher/lib/python3.10/site-packages/examples_rclpy_pointcloud_publisher
[2.636s] copying /home/ros/ros2_ws/build/examples_rclpy_pointcloud_publisher/build/lib/examples_rclpy_pointcloud_publisher/pointcloud_publisher.py -> /home/ros/ros2_ws/install/examples_rclpy_pointcloud_publisher/lib/python3.10/site-packages/examples_rclpy_pointcloud_publisher
[2.636s] byte-compiling /home/ros/ros2_ws/install/examples_rclpy_pointcloud_publisher/lib/python3.10/site-packages/examples_rclpy_pointcloud_publisher/__init__.py to __init__.cpython-310.pyc
[2.637s] byte-compiling /home/ros/ros2_ws/install/examples_rclpy_pointcloud_publisher/lib/python3.10/site-packages/examples_rclpy_pointcloud_publisher/pointcloud_publisher.py to pointcloud_publisher.cpython-310.pyc
[2.638s] running install_data
[2.639s] running install_egg_info
[2.642s] Copying ../../../../../build/examples_rclpy_pointcloud_publisher/examples_rclpy_pointcloud_publisher.egg-info to /home/ros/ros2_ws/install/examples_rclpy_pointcloud_publisher/lib/python3.10/site-packages/examples_rclpy_pointcloud_publisher-0.15.1-py3.10.egg-info
[2.643s] running install_scripts
[2.679s] Installing pointcloud_publisher script to /home/ros/ros2_ws/install/examples_rclpy_pointcloud_publisher/lib/examples_rclpy_pointcloud_publisher
[2.679s] writing list of installed files to '/home/ros/ros2_ws/build/examples_rclpy_pointcloud_publisher/install.log'
[2.726s] Invoked command in '/home/ros/ros2_ws/src/examples/rclpy/topics/pointcloud_publisher' returned '0': PYTHONPATH=/home/ros/ros2_ws/build/examples_rclpy_pointcloud_publisher/prefix_override:/home/ros/ros2_ws/install/examples_rclpy_pointcloud_publisher/lib/python3.10/site-packages:${PYTHONPATH} /usr/bin/python3 setup.py egg_info --egg-base ../../../../../build/examples_rclpy_pointcloud_publisher build --build-base /home/ros/ros2_ws/build/examples_rclpy_pointcloud_publisher/build install --record /home/ros/ros2_ws/build/examples_rclpy_pointcloud_publisher/install.log --single-version-externally-managed
