[0.078s] Invoking command in '/home/ros/ros2_ws/build/examples_rclcpp_minimal_action_server': CMAKE_PREFIX_PATH=/opt/ros/humble /usr/bin/cmake /home/ros/ros2_ws/src/examples/rclcpp/actions/minimal_action_server -DAMENT_CMAKE_SYMLINK_INSTALL=1 -DCMAKE_INSTALL_PREFIX=/home/ros/ros2_ws/install/examples_rclcpp_minimal_action_server
[0.374s] -- The C compiler identification is GNU 11.3.0
[0.610s] -- The CXX compiler identification is GNU 11.3.0
[0.624s] -- Detecting C compiler ABI info
[0.775s] -- Detecting C compiler ABI info - done
[0.795s] -- Check for working C compiler: /usr/bin/cc - skipped
[0.795s] -- Detecting C compile features
[0.796s] -- Detecting C compile features - done
[0.803s] -- Detecting CXX compiler ABI info
[0.995s] -- Detecting CXX compiler ABI info - done
[1.033s] -- Check for working CXX compiler: /usr/bin/c++ - skipped
[1.034s] -- Detecting CXX compile features
[1.036s] -- Detecting CXX compile features - done
[1.051s] -- Found ament_cmake: 1.3.3 (/opt/ros/humble/share/ament_cmake/cmake)
[1.423s] -- Found Python3: /usr/bin/python3.10 (found version "3.10.6") found components: Interpreter 
[1.524s] -- Override CMake install command with custom implementation using symlinks instead of copying resources
[1.569s] -- Found example_interfaces: 0.9.3 (/opt/ros/humble/share/example_interfaces/cmake)
[1.629s] -- Found rosidl_generator_c: 3.1.4 (/opt/ros/humble/share/rosidl_generator_c/cmake)
[1.638s] -- Found rosidl_adapter: 3.1.4 (/opt/ros/humble/share/rosidl_adapter/cmake)
[1.653s] -- Found rosidl_generator_cpp: 3.1.4 (/opt/ros/humble/share/rosidl_generator_cpp/cmake)
[1.680s] -- Using all available rosidl_typesupport_c: rosidl_typesupport_fastrtps_c;rosidl_typesupport_introspection_c
[1.711s] -- Using all available rosidl_typesupport_cpp: rosidl_typesupport_fastrtps_cpp;rosidl_typesupport_introspection_cpp
[2.058s] -- Found rclcpp: 16.0.3 (/opt/ros/humble/share/rclcpp/cmake)
[2.184s] -- Found rmw_implementation_cmake: 6.1.1 (/opt/ros/humble/share/rmw_implementation_cmake/cmake)
[2.184s] -- Found rmw_fastrtps_cpp: 6.2.2 (/opt/ros/humble/share/rmw_fastrtps_cpp/cmake)
[2.633s] -- Found OpenSSL: /usr/lib/x86_64-linux-gnu/libcrypto.so (found version "3.0.2")  
[2.751s] -- Found FastRTPS: /opt/ros/humble/include  
[2.879s] -- Using RMW implementation 'rmw_fastrtps_cpp' as default
[2.895s] -- Looking for pthread.h
[3.062s] -- Looking for pthread.h - found
[3.063s] -- Performing Test CMAKE_HAVE_LIBC_PTHREAD
[3.257s] -- Performing Test CMAKE_HAVE_LIBC_PTHREAD - Success
[3.257s] -- Found Threads: TRUE  
[3.571s] -- Found rclcpp_action: 16.0.3 (/opt/ros/humble/share/rclcpp_action/cmake)
[3.666s] -- Found ament_lint_auto: 0.12.5 (/opt/ros/humble/share/ament_lint_auto/cmake)
[3.900s] -- Added test 'copyright' to check source files copyright and LICENSE
[3.917s] -- Added test 'cppcheck' to perform static code analysis on C / C++ code
[3.927s] -- Configured cppcheck include dirs: 
[3.927s] -- Configured cppcheck exclude dirs and/or files: 
[3.929s] -- Added test 'cpplint' to check C / C++ code against the Google style
[3.930s] -- Configured cpplint exclude dirs and/or files: 
[3.931s] -- Added test 'lint_cmake' to check CMake code style
[3.933s] -- Added test 'uncrustify' to check C / C++ code style
[3.941s] -- Configured uncrustify additional arguments: 
[3.942s] -- Added test 'xmllint' to check XML markup files
[3.950s] -- Configuring done
[4.023s] -- Generating done
[4.042s] -- Build files have been written to: /home/ros/ros2_ws/build/examples_rclcpp_minimal_action_server
[4.094s] Invoked command in '/home/ros/ros2_ws/build/examples_rclcpp_minimal_action_server' returned '0': CMAKE_PREFIX_PATH=/opt/ros/humble /usr/bin/cmake /home/ros/ros2_ws/src/examples/rclcpp/actions/minimal_action_server -DAMENT_CMAKE_SYMLINK_INSTALL=1 -DCMAKE_INSTALL_PREFIX=/home/ros/ros2_ws/install/examples_rclcpp_minimal_action_server
[4.094s] Invoking command in '/home/ros/ros2_ws/build/examples_rclcpp_minimal_action_server': CMAKE_PREFIX_PATH=/opt/ros/humble /usr/bin/cmake --build /home/ros/ros2_ws/build/examples_rclcpp_minimal_action_server -- -j4 -l4
[4.408s] [ 25%] [32mBuilding CXX object CMakeFiles/action_server_not_composable.dir/not_composable.cpp.o[0m
[4.435s] [ 50%] [32mBuilding CXX object CMakeFiles/action_server_member_functions.dir/member_functions.cpp.o[0m
[34.907s] [ 75%] [32m[1mLinking CXX executable action_server_member_functions[0m
[34.983s] [100%] [32m[1mLinking CXX executable action_server_not_composable[0m
[36.054s] [100%] Built target action_server_member_functions
[36.063s] [100%] Built target action_server_not_composable
[36.149s] Invoked command in '/home/ros/ros2_ws/build/examples_rclcpp_minimal_action_server' returned '0': CMAKE_PREFIX_PATH=/opt/ros/humble /usr/bin/cmake --build /home/ros/ros2_ws/build/examples_rclcpp_minimal_action_server -- -j4 -l4
[36.523s] Invoking command in '/home/ros/ros2_ws/build/examples_rclcpp_minimal_action_server': CMAKE_PREFIX_PATH=/opt/ros/humble /usr/bin/cmake --install /home/ros/ros2_ws/build/examples_rclcpp_minimal_action_server
[36.585s] -- Install configuration: ""
[36.587s] -- Execute custom install script
[36.600s] -- Symlinking: /home/ros/ros2_ws/install/examples_rclcpp_minimal_action_server/lib/examples_rclcpp_minimal_action_server/action_server_not_composable
[36.671s] -- Symlinking: /home/ros/ros2_ws/install/examples_rclcpp_minimal_action_server/lib/examples_rclcpp_minimal_action_server/action_server_member_functions
[36.738s] -- Symlinking: /home/ros/ros2_ws/install/examples_rclcpp_minimal_action_server/share/ament_index/resource_index/package_run_dependencies/examples_rclcpp_minimal_action_server
[36.782s] -- Symlinking: /home/ros/ros2_ws/install/examples_rclcpp_minimal_action_server/share/ament_index/resource_index/parent_prefix_path/examples_rclcpp_minimal_action_server
[36.845s] -- Symlinking: /home/ros/ros2_ws/install/examples_rclcpp_minimal_action_server/share/examples_rclcpp_minimal_action_server/environment/ament_prefix_path.sh
[36.909s] -- Symlinking: /home/ros/ros2_ws/install/examples_rclcpp_minimal_action_server/share/examples_rclcpp_minimal_action_server/environment/ament_prefix_path.dsv
[36.962s] -- Symlinking: /home/ros/ros2_ws/install/examples_rclcpp_minimal_action_server/share/examples_rclcpp_minimal_action_server/environment/path.sh
[36.982s] -- Symlinking: /home/ros/ros2_ws/install/examples_rclcpp_minimal_action_server/share/examples_rclcpp_minimal_action_server/environment/path.dsv
[37.042s] -- Symlinking: /home/ros/ros2_ws/install/examples_rclcpp_minimal_action_server/share/examples_rclcpp_minimal_action_server/local_setup.bash
[37.107s] -- Symlinking: /home/ros/ros2_ws/install/examples_rclcpp_minimal_action_server/share/examples_rclcpp_minimal_action_server/local_setup.sh
[37.146s] -- Symlinking: /home/ros/ros2_ws/install/examples_rclcpp_minimal_action_server/share/examples_rclcpp_minimal_action_server/local_setup.zsh
[37.222s] -- Symlinking: /home/ros/ros2_ws/install/examples_rclcpp_minimal_action_server/share/examples_rclcpp_minimal_action_server/local_setup.dsv
[37.276s] -- Symlinking: /home/ros/ros2_ws/install/examples_rclcpp_minimal_action_server/share/examples_rclcpp_minimal_action_server/package.dsv
[37.332s] -- Symlinking: /home/ros/ros2_ws/install/examples_rclcpp_minimal_action_server/share/ament_index/resource_index/packages/examples_rclcpp_minimal_action_server
[37.387s] -- Symlinking: /home/ros/ros2_ws/install/examples_rclcpp_minimal_action_server/share/examples_rclcpp_minimal_action_server/cmake/examples_rclcpp_minimal_action_serverConfig.cmake
[37.466s] -- Symlinking: /home/ros/ros2_ws/install/examples_rclcpp_minimal_action_server/share/examples_rclcpp_minimal_action_server/cmake/examples_rclcpp_minimal_action_serverConfig-version.cmake
[37.516s] -- Symlinking: /home/ros/ros2_ws/install/examples_rclcpp_minimal_action_server/share/examples_rclcpp_minimal_action_server/package.xml
[37.566s] Invoked command in '/home/ros/ros2_ws/build/examples_rclcpp_minimal_action_server' returned '0': CMAKE_PREFIX_PATH=/opt/ros/humble /usr/bin/cmake --install /home/ros/ros2_ws/build/examples_rclcpp_minimal_action_server
