[0.045s] Invoking command in '/home/ros/ros2_ws/build/merge_arrays': CMAKE_PREFIX_PATH=${CMAKE_PREFIX_PATH}:/home/ros/ros2_ws/install/launch_testing_examples:/home/ros/ros2_ws/install/examples_rclpy_pointcloud_publisher:/home/ros/ros2_ws/install/examples_rclpy_minimal_subscriber:/home/ros/ros2_ws/install/examples_rclpy_minimal_service:/home/ros/ros2_ws/install/examples_rclpy_minimal_publisher:/home/ros/ros2_ws/install/examples_rclpy_minimal_client:/home/ros/ros2_ws/install/examples_rclpy_minimal_action_server:/home/ros/ros2_ws/install/examples_rclpy_minimal_action_client:/home/ros/ros2_ws/install/examples_rclpy_guard_conditions:/home/ros/ros2_ws/install/examples_rclpy_executors:/opt/ros/humble /usr/bin/cmake --build /home/ros/ros2_ws/build/merge_arrays -- -j4 -l4
[0.090s] -- Found ament_cmake: 1.3.3 (/opt/ros/humble/share/ament_cmake/cmake)
[0.360s] -- Found rclcpp: 16.0.3 (/opt/ros/humble/share/rclcpp/cmake)
[0.492s] -- Found rosidl_generator_c: 3.1.4 (/opt/ros/humble/share/rosidl_generator_c/cmake)
[0.506s] -- Found rosidl_adapter: 3.1.4 (/opt/ros/humble/share/rosidl_adapter/cmake)
[0.528s] -- Found rosidl_generator_cpp: 3.1.4 (/opt/ros/humble/share/rosidl_generator_cpp/cmake)
[0.566s] -- Using all available rosidl_typesupport_c: rosidl_typesupport_fastrtps_c;rosidl_typesupport_introspection_c
[0.615s] -- Using all available rosidl_typesupport_cpp: rosidl_typesupport_fastrtps_cpp;rosidl_typesupport_introspection_cpp
[0.779s] -- Found rmw_implementation_cmake: 6.1.1 (/opt/ros/humble/share/rmw_implementation_cmake/cmake)
[0.790s] -- Found rmw_fastrtps_cpp: 6.2.2 (/opt/ros/humble/share/rmw_fastrtps_cpp/cmake)
[1.099s] -- Found OpenSSL: /usr/lib/x86_64-linux-gnu/libcrypto.so (found version "3.0.2")  
[1.217s] -- Found FastRTPS: /opt/ros/humble/include  
[1.368s] -- Using RMW implementation 'rmw_fastrtps_cpp' as default
[1.423s] -- Looking for pthread.h
[1.640s] -- Looking for pthread.h - found
[1.643s] -- Performing Test CMAKE_HAVE_LIBC_PTHREAD
[1.891s] -- Performing Test CMAKE_HAVE_LIBC_PTHREAD - Success
[1.897s] -- Found Threads: TRUE  
[2.446s] [31mCMake Error at /opt/ros/humble/share/ament_cmake_target_dependencies/cmake/ament_target_dependencies.cmake:42 (message):
[2.446s]   ament_target_dependencies() the first argument must be a valid target name
[2.446s] Call Stack (most recent call first):
[2.446s]   CMakeLists.txt:19 (ament_target_dependencies)
[2.446s] 
[2.447s] [0m
[2.454s] -- Configuring incomplete, errors occurred!
[2.454s] See also "/home/ros/ros2_ws/build/merge_arrays/CMakeFiles/CMakeOutput.log".
[2.470s] gmake: *** [Makefile:267: cmake_check_build_system] Error 1
[2.477s] Invoked command in '/home/ros/ros2_ws/build/merge_arrays' returned '2': CMAKE_PREFIX_PATH=${CMAKE_PREFIX_PATH}:/home/ros/ros2_ws/install/launch_testing_examples:/home/ros/ros2_ws/install/examples_rclpy_pointcloud_publisher:/home/ros/ros2_ws/install/examples_rclpy_minimal_subscriber:/home/ros/ros2_ws/install/examples_rclpy_minimal_service:/home/ros/ros2_ws/install/examples_rclpy_minimal_publisher:/home/ros/ros2_ws/install/examples_rclpy_minimal_client:/home/ros/ros2_ws/install/examples_rclpy_minimal_action_server:/home/ros/ros2_ws/install/examples_rclpy_minimal_action_client:/home/ros/ros2_ws/install/examples_rclpy_guard_conditions:/home/ros/ros2_ws/install/examples_rclpy_executors:/opt/ros/humble /usr/bin/cmake --build /home/ros/ros2_ws/build/merge_arrays -- -j4 -l4
