[1.522s] Invoking command in '/home/ros/ros2_ws/build/examples_rclpy_minimal_service': PYTHONPATH=/home/ros/ros2_ws/build/examples_rclpy_minimal_service/prefix_override:/home/ros/ros2_ws/install/examples_rclpy_minimal_service/lib/python3.10/site-packages:${PYTHONPATH} /usr/bin/python3 setup.py develop --uninstall --editable --build-directory /home/ros/ros2_ws/build/examples_rclpy_minimal_service/build
[1.942s] running develop
[1.942s] /usr/lib/python3/dist-packages/setuptools/command/easy_install.py:158: EasyInstallDeprecationWarning: easy_install command is deprecated. Use build and pip and other standards-based tools.
[1.942s]   warnings.warn(
[1.944s] /usr/lib/python3/dist-packages/setuptools/command/install.py:34: SetuptoolsDeprecationWarning: setup.py install is deprecated. Use build and pip and other standards-based tools.
[1.944s]   warnings.warn(
[2.066s] /usr/lib/python3/dist-packages/pkg_resources/__init__.py:116: PkgResourcesDeprecationWarning: 1.1build1 is an invalid version and will not be supported in a future release
[2.066s]   warnings.warn(
[2.067s] /usr/lib/python3/dist-packages/pkg_resources/__init__.py:116: PkgResourcesDeprecationWarning: 0.1.43ubuntu1 is an invalid version and will not be supported in a future release
[2.067s]   warnings.warn(
[2.288s] Invoked command in '/home/ros/ros2_ws/build/examples_rclpy_minimal_service' returned '0': PYTHONPATH=/home/ros/ros2_ws/build/examples_rclpy_minimal_service/prefix_override:/home/ros/ros2_ws/install/examples_rclpy_minimal_service/lib/python3.10/site-packages:${PYTHONPATH} /usr/bin/python3 setup.py develop --uninstall --editable --build-directory /home/ros/ros2_ws/build/examples_rclpy_minimal_service/build
[2.289s] Invoking command in '/home/ros/ros2_ws/src/examples/rclpy/services/minimal_service': PYTHONPATH=/home/ros/ros2_ws/build/examples_rclpy_minimal_service/prefix_override:/home/ros/ros2_ws/install/examples_rclpy_minimal_service/lib/python3.10/site-packages:${PYTHONPATH} /usr/bin/python3 setup.py egg_info --egg-base ../../../../../build/examples_rclpy_minimal_service build --build-base /home/ros/ros2_ws/build/examples_rclpy_minimal_service/build install --record /home/ros/ros2_ws/build/examples_rclpy_minimal_service/install.log --single-version-externally-managed
[2.788s] running egg_info
[2.795s] writing ../../../../../build/examples_rclpy_minimal_service/examples_rclpy_minimal_service.egg-info/PKG-INFO
[2.795s] writing dependency_links to ../../../../../build/examples_rclpy_minimal_service/examples_rclpy_minimal_service.egg-info/dependency_links.txt
[2.800s] writing entry points to ../../../../../build/examples_rclpy_minimal_service/examples_rclpy_minimal_service.egg-info/entry_points.txt
[2.806s] writing requirements to ../../../../../build/examples_rclpy_minimal_service/examples_rclpy_minimal_service.egg-info/requires.txt
[2.806s] writing top-level names to ../../../../../build/examples_rclpy_minimal_service/examples_rclpy_minimal_service.egg-info/top_level.txt
[2.814s] reading manifest file '../../../../../build/examples_rclpy_minimal_service/examples_rclpy_minimal_service.egg-info/SOURCES.txt'
[2.819s] /usr/lib/python3/dist-packages/setuptools/command/install.py:34: SetuptoolsDeprecationWarning: setup.py install is deprecated. Use build and pip and other standards-based tools.
[2.819s]   warnings.warn(
[2.820s] writing manifest file '../../../../../build/examples_rclpy_minimal_service/examples_rclpy_minimal_service.egg-info/SOURCES.txt'
[2.820s] running build
[2.820s] running build_py
[2.820s] running install
[2.821s] running install_lib
[2.826s] running install_data
[2.827s] running install_egg_info
[2.829s] removing '/home/ros/ros2_ws/install/examples_rclpy_minimal_service/lib/python3.10/site-packages/examples_rclpy_minimal_service-0.15.1-py3.10.egg-info' (and everything under it)
[2.830s] Copying ../../../../../build/examples_rclpy_minimal_service/examples_rclpy_minimal_service.egg-info to /home/ros/ros2_ws/install/examples_rclpy_minimal_service/lib/python3.10/site-packages/examples_rclpy_minimal_service-0.15.1-py3.10.egg-info
[2.832s] running install_scripts
[2.890s] Installing service script to /home/ros/ros2_ws/install/examples_rclpy_minimal_service/lib/examples_rclpy_minimal_service
[2.890s] Installing service_member_function script to /home/ros/ros2_ws/install/examples_rclpy_minimal_service/lib/examples_rclpy_minimal_service
[2.890s] writing list of installed files to '/home/ros/ros2_ws/build/examples_rclpy_minimal_service/install.log'
[3.514s] Invoked command in '/home/ros/ros2_ws/src/examples/rclpy/services/minimal_service' returned '0': PYTHONPATH=/home/ros/ros2_ws/build/examples_rclpy_minimal_service/prefix_override:/home/ros/ros2_ws/install/examples_rclpy_minimal_service/lib/python3.10/site-packages:${PYTHONPATH} /usr/bin/python3 setup.py egg_info --egg-base ../../../../../build/examples_rclpy_minimal_service build --build-base /home/ros/ros2_ws/build/examples_rclpy_minimal_service/build install --record /home/ros/ros2_ws/build/examples_rclpy_minimal_service/install.log --single-version-externally-managed
