[1.346s] Invoking command in '/home/ros/ros2_ws/src/merge_arrays': PYTHONPATH=/home/ros/ros2_ws/build/merge_arrays/prefix_override:/home/ros/ros2_ws/install/merge_arrays/lib/python3.10/site-packages:${PYTHONPATH} /usr/bin/python3 setup.py egg_info --egg-base ../../build/merge_arrays build --build-base /home/ros/ros2_ws/build/merge_arrays/build install --record /home/ros/ros2_ws/build/merge_arrays/install.log --single-version-externally-managed
[1.823s] running egg_info
[1.825s] writing ../../build/merge_arrays/merge_arrays.egg-info/PKG-INFO
[1.826s] writing dependency_links to ../../build/merge_arrays/merge_arrays.egg-info/dependency_links.txt
[1.827s] writing entry points to ../../build/merge_arrays/merge_arrays.egg-info/entry_points.txt
[1.828s] writing requirements to ../../build/merge_arrays/merge_arrays.egg-info/requires.txt
[1.828s] writing top-level names to ../../build/merge_arrays/merge_arrays.egg-info/top_level.txt
[1.837s] reading manifest file '../../build/merge_arrays/merge_arrays.egg-info/SOURCES.txt'
[1.843s] writing manifest file '../../build/merge_arrays/merge_arrays.egg-info/SOURCES.txt'
[1.844s] running build
[1.844s] running build_py
[1.847s] copying merge_arrays/merge_arrays_node.py -> /home/ros/ros2_ws/build/merge_arrays/build/lib/merge_arrays
[1.848s] running install
[1.848s] /usr/lib/python3/dist-packages/setuptools/command/install.py:34: SetuptoolsDeprecationWarning: setup.py install is deprecated. Use build and pip and other standards-based tools.
[1.849s]   warnings.warn(
[1.849s] running install_lib
[1.850s] copying /home/ros/ros2_ws/build/merge_arrays/build/lib/merge_arrays/merge_arrays_node.py -> /home/ros/ros2_ws/install/merge_arrays/lib/python3.10/site-packages/merge_arrays
[1.852s] byte-compiling /home/ros/ros2_ws/install/merge_arrays/lib/python3.10/site-packages/merge_arrays/merge_arrays_node.py to merge_arrays_node.cpython-310.pyc
[1.853s] running install_data
[1.854s] running install_egg_info
[1.859s] removing '/home/ros/ros2_ws/install/merge_arrays/lib/python3.10/site-packages/merge_arrays-0.0.0-py3.10.egg-info' (and everything under it)
[1.860s] Copying ../../build/merge_arrays/merge_arrays.egg-info to /home/ros/ros2_ws/install/merge_arrays/lib/python3.10/site-packages/merge_arrays-0.0.0-py3.10.egg-info
[1.862s] running install_scripts
[1.896s] Installing merge_arrays_node script to /home/ros/ros2_ws/install/merge_arrays/lib/merge_arrays
[1.896s] writing list of installed files to '/home/ros/ros2_ws/build/merge_arrays/install.log'
[1.930s] Invoked command in '/home/ros/ros2_ws/src/merge_arrays' returned '0': PYTHONPATH=/home/ros/ros2_ws/build/merge_arrays/prefix_override:/home/ros/ros2_ws/install/merge_arrays/lib/python3.10/site-packages:${PYTHONPATH} /usr/bin/python3 setup.py egg_info --egg-base ../../build/merge_arrays build --build-base /home/ros/ros2_ws/build/merge_arrays/build install --record /home/ros/ros2_ws/build/merge_arrays/install.log --single-version-externally-managed
