[0.092s] Invoking command in '/home/ros/ros2_ws/build/examples_rclcpp_minimal_timer': CMAKE_PREFIX_PATH=/opt/ros/humble /usr/bin/cmake /home/ros/ros2_ws/src/examples/rclcpp/timers/minimal_timer -DAMENT_CMAKE_SYMLINK_INSTALL=1 -DCMAKE_INSTALL_PREFIX=/home/ros/ros2_ws/install/examples_rclcpp_minimal_timer
[0.321s] -- The C compiler identification is GNU 11.3.0
[0.465s] -- The CXX compiler identification is GNU 11.3.0
[0.502s] -- Detecting C compiler ABI info
[0.812s] -- Detecting C compiler ABI info - done
[0.891s] -- Check for working C compiler: /usr/bin/cc - skipped
[0.897s] -- Detecting C compile features
[0.897s] -- Detecting C compile features - done
[0.924s] -- Detecting CXX compiler ABI info
[1.229s] -- Detecting CXX compiler ABI info - done
[1.243s] -- Check for working CXX compiler: /usr/bin/c++ - skipped
[1.244s] -- Detecting CXX compile features
[1.245s] -- Detecting CXX compile features - done
[1.250s] -- Found ament_cmake: 1.3.3 (/opt/ros/humble/share/ament_cmake/cmake)
[1.691s] -- Found Python3: /usr/bin/python3.10 (found version "3.10.6") found components: Interpreter 
[1.838s] -- Override CMake install command with custom implementation using symlinks instead of copying resources
[1.874s] -- Found rclcpp: 16.0.3 (/opt/ros/humble/share/rclcpp/cmake)
[1.987s] -- Found rosidl_generator_c: 3.1.4 (/opt/ros/humble/share/rosidl_generator_c/cmake)
[1.997s] -- Found rosidl_adapter: 3.1.4 (/opt/ros/humble/share/rosidl_adapter/cmake)
[2.010s] -- Found rosidl_generator_cpp: 3.1.4 (/opt/ros/humble/share/rosidl_generator_cpp/cmake)
[2.049s] -- Using all available rosidl_typesupport_c: rosidl_typesupport_fastrtps_c;rosidl_typesupport_introspection_c
[2.174s] -- Using all available rosidl_typesupport_cpp: rosidl_typesupport_fastrtps_cpp;rosidl_typesupport_introspection_cpp
[2.417s] -- Found rmw_implementation_cmake: 6.1.1 (/opt/ros/humble/share/rmw_implementation_cmake/cmake)
[2.421s] -- Found rmw_fastrtps_cpp: 6.2.2 (/opt/ros/humble/share/rmw_fastrtps_cpp/cmake)
[2.737s] -- Found OpenSSL: /usr/lib/x86_64-linux-gnu/libcrypto.so (found version "3.0.2")  
[2.871s] -- Found FastRTPS: /opt/ros/humble/include  
[2.962s] -- Using RMW implementation 'rmw_fastrtps_cpp' as default
[2.982s] -- Looking for pthread.h
[3.124s] -- Looking for pthread.h - found
[3.124s] -- Performing Test CMAKE_HAVE_LIBC_PTHREAD
[3.284s] -- Performing Test CMAKE_HAVE_LIBC_PTHREAD - Success
[3.287s] -- Found Threads: TRUE  
[3.832s] -- Found ament_lint_auto: 0.12.5 (/opt/ros/humble/share/ament_lint_auto/cmake)
[4.041s] -- Added test 'copyright' to check source files copyright and LICENSE
[4.044s] -- Added test 'cppcheck' to perform static code analysis on C / C++ code
[4.044s] -- Configured cppcheck include dirs: 
[4.044s] -- Configured cppcheck exclude dirs and/or files: 
[4.046s] -- Added test 'cpplint' to check C / C++ code against the Google style
[4.046s] -- Configured cpplint exclude dirs and/or files: 
[4.047s] -- Added test 'lint_cmake' to check CMake code style
[4.048s] -- Added test 'uncrustify' to check C / C++ code style
[4.048s] -- Configured uncrustify additional arguments: 
[4.048s] -- Added test 'xmllint' to check XML markup files
[4.050s] -- Configuring done
[4.120s] -- Generating done
[4.123s] -- Build files have been written to: /home/ros/ros2_ws/build/examples_rclcpp_minimal_timer
[4.145s] Invoked command in '/home/ros/ros2_ws/build/examples_rclcpp_minimal_timer' returned '0': CMAKE_PREFIX_PATH=/opt/ros/humble /usr/bin/cmake /home/ros/ros2_ws/src/examples/rclcpp/timers/minimal_timer -DAMENT_CMAKE_SYMLINK_INSTALL=1 -DCMAKE_INSTALL_PREFIX=/home/ros/ros2_ws/install/examples_rclcpp_minimal_timer
[4.178s] Invoking command in '/home/ros/ros2_ws/build/examples_rclcpp_minimal_timer': CMAKE_PREFIX_PATH=/opt/ros/humble /usr/bin/cmake --build /home/ros/ros2_ws/build/examples_rclcpp_minimal_timer -- -j4 -l4
[4.383s] [ 25%] [32mBuilding CXX object CMakeFiles/timer_lambda.dir/lambda.cpp.o[0m
[11.162s] [ 50%] [32m[1mLinking CXX executable timer_lambda[0m
[11.354s] [ 50%] Built target timer_lambda
[11.385s] [ 75%] [32mBuilding CXX object CMakeFiles/timer_member_function.dir/member_function.cpp.o[0m
[17.615s] [100%] [32m[1mLinking CXX executable timer_member_function[0m
[17.965s] [100%] Built target timer_member_function
[18.026s] Invoked command in '/home/ros/ros2_ws/build/examples_rclcpp_minimal_timer' returned '0': CMAKE_PREFIX_PATH=/opt/ros/humble /usr/bin/cmake --build /home/ros/ros2_ws/build/examples_rclcpp_minimal_timer -- -j4 -l4
[18.189s] Invoking command in '/home/ros/ros2_ws/build/examples_rclcpp_minimal_timer': CMAKE_PREFIX_PATH=/opt/ros/humble /usr/bin/cmake --install /home/ros/ros2_ws/build/examples_rclcpp_minimal_timer
[18.208s] -- Install configuration: ""
[18.208s] -- Execute custom install script
[18.208s] -- Symlinking: /home/ros/ros2_ws/install/examples_rclcpp_minimal_timer/lib/examples_rclcpp_minimal_timer/timer_lambda
[18.216s] -- Symlinking: /home/ros/ros2_ws/install/examples_rclcpp_minimal_timer/lib/examples_rclcpp_minimal_timer/timer_member_function
[18.231s] -- Symlinking: /home/ros/ros2_ws/install/examples_rclcpp_minimal_timer/share/ament_index/resource_index/package_run_dependencies/examples_rclcpp_minimal_timer
[18.244s] -- Symlinking: /home/ros/ros2_ws/install/examples_rclcpp_minimal_timer/share/ament_index/resource_index/parent_prefix_path/examples_rclcpp_minimal_timer
[18.270s] -- Symlinking: /home/ros/ros2_ws/install/examples_rclcpp_minimal_timer/share/examples_rclcpp_minimal_timer/environment/ament_prefix_path.sh
[18.285s] -- Symlinking: /home/ros/ros2_ws/install/examples_rclcpp_minimal_timer/share/examples_rclcpp_minimal_timer/environment/ament_prefix_path.dsv
[18.298s] -- Symlinking: /home/ros/ros2_ws/install/examples_rclcpp_minimal_timer/share/examples_rclcpp_minimal_timer/environment/path.sh
[18.311s] -- Symlinking: /home/ros/ros2_ws/install/examples_rclcpp_minimal_timer/share/examples_rclcpp_minimal_timer/environment/path.dsv
[18.323s] -- Symlinking: /home/ros/ros2_ws/install/examples_rclcpp_minimal_timer/share/examples_rclcpp_minimal_timer/local_setup.bash
[18.334s] -- Symlinking: /home/ros/ros2_ws/install/examples_rclcpp_minimal_timer/share/examples_rclcpp_minimal_timer/local_setup.sh
[18.346s] -- Symlinking: /home/ros/ros2_ws/install/examples_rclcpp_minimal_timer/share/examples_rclcpp_minimal_timer/local_setup.zsh
[18.367s] -- Symlinking: /home/ros/ros2_ws/install/examples_rclcpp_minimal_timer/share/examples_rclcpp_minimal_timer/local_setup.dsv
[18.382s] -- Symlinking: /home/ros/ros2_ws/install/examples_rclcpp_minimal_timer/share/examples_rclcpp_minimal_timer/package.dsv
[18.396s] -- Symlinking: /home/ros/ros2_ws/install/examples_rclcpp_minimal_timer/share/ament_index/resource_index/packages/examples_rclcpp_minimal_timer
[18.413s] -- Symlinking: /home/ros/ros2_ws/install/examples_rclcpp_minimal_timer/share/examples_rclcpp_minimal_timer/cmake/examples_rclcpp_minimal_timerConfig.cmake
[18.428s] -- Symlinking: /home/ros/ros2_ws/install/examples_rclcpp_minimal_timer/share/examples_rclcpp_minimal_timer/cmake/examples_rclcpp_minimal_timerConfig-version.cmake
[18.456s] -- Symlinking: /home/ros/ros2_ws/install/examples_rclcpp_minimal_timer/share/examples_rclcpp_minimal_timer/package.xml
[18.478s] Invoked command in '/home/ros/ros2_ws/build/examples_rclcpp_minimal_timer' returned '0': CMAKE_PREFIX_PATH=/opt/ros/humble /usr/bin/cmake --install /home/ros/ros2_ws/build/examples_rclcpp_minimal_timer
