[2.171s] Invoking command in '/home/ros/ros2_ws/build/examples_rclpy_minimal_action_server': PYTHONPATH=/home/ros/ros2_ws/build/examples_rclpy_minimal_action_server/prefix_override:/home/ros/ros2_ws/install/examples_rclpy_minimal_action_server/lib/python3.10/site-packages:${PYTHONPATH} /usr/bin/python3 setup.py develop --uninstall --editable --build-directory /home/ros/ros2_ws/build/examples_rclpy_minimal_action_server/build
[2.678s] running develop
[2.679s] /usr/lib/python3/dist-packages/setuptools/command/easy_install.py:158: EasyInstallDeprecationWarning: easy_install command is deprecated. Use build and pip and other standards-based tools.
[2.679s]   warnings.warn(
[2.681s] /usr/lib/python3/dist-packages/setuptools/command/install.py:34: SetuptoolsDeprecationWarning: setup.py install is deprecated. Use build and pip and other standards-based tools.
[2.682s]   warnings.warn(
[2.771s] /usr/lib/python3/dist-packages/pkg_resources/__init__.py:116: PkgResourcesDeprecationWarning: 1.1build1 is an invalid version and will not be supported in a future release
[2.771s]   warnings.warn(
[2.775s] /usr/lib/python3/dist-packages/pkg_resources/__init__.py:116: PkgResourcesDeprecationWarning: 0.1.43ubuntu1 is an invalid version and will not be supported in a future release
[2.775s]   warnings.warn(
[2.997s] Invoked command in '/home/ros/ros2_ws/build/examples_rclpy_minimal_action_server' returned '0': PYTHONPATH=/home/ros/ros2_ws/build/examples_rclpy_minimal_action_server/prefix_override:/home/ros/ros2_ws/install/examples_rclpy_minimal_action_server/lib/python3.10/site-packages:${PYTHONPATH} /usr/bin/python3 setup.py develop --uninstall --editable --build-directory /home/ros/ros2_ws/build/examples_rclpy_minimal_action_server/build
[3.005s] Invoking command in '/home/ros/ros2_ws/src/examples/rclpy/actions/minimal_action_server': PYTHONPATH=/home/ros/ros2_ws/build/examples_rclpy_minimal_action_server/prefix_override:/home/ros/ros2_ws/install/examples_rclpy_minimal_action_server/lib/python3.10/site-packages:${PYTHONPATH} /usr/bin/python3 setup.py egg_info --egg-base ../../../../../build/examples_rclpy_minimal_action_server build --build-base /home/ros/ros2_ws/build/examples_rclpy_minimal_action_server/build install --record /home/ros/ros2_ws/build/examples_rclpy_minimal_action_server/install.log --single-version-externally-managed
[3.444s] running egg_info
[3.445s] writing ../../../../../build/examples_rclpy_minimal_action_server/examples_rclpy_minimal_action_server.egg-info/PKG-INFO
[3.449s] writing dependency_links to ../../../../../build/examples_rclpy_minimal_action_server/examples_rclpy_minimal_action_server.egg-info/dependency_links.txt
[3.449s] writing entry points to ../../../../../build/examples_rclpy_minimal_action_server/examples_rclpy_minimal_action_server.egg-info/entry_points.txt
[3.454s] writing requirements to ../../../../../build/examples_rclpy_minimal_action_server/examples_rclpy_minimal_action_server.egg-info/requires.txt
[3.455s] writing top-level names to ../../../../../build/examples_rclpy_minimal_action_server/examples_rclpy_minimal_action_server.egg-info/top_level.txt
[3.456s] reading manifest file '../../../../../build/examples_rclpy_minimal_action_server/examples_rclpy_minimal_action_server.egg-info/SOURCES.txt'
[3.460s] writing manifest file '../../../../../build/examples_rclpy_minimal_action_server/examples_rclpy_minimal_action_server.egg-info/SOURCES.txt'
[3.461s] running build
[3.462s] running build_py
[3.464s] running install
[3.465s] /usr/lib/python3/dist-packages/setuptools/command/install.py:34: SetuptoolsDeprecationWarning: setup.py install is deprecated. Use build and pip and other standards-based tools.
[3.465s]   warnings.warn(
[3.466s] running install_lib
[3.469s] running install_data
[3.470s] running install_egg_info
[3.473s] removing '/home/ros/ros2_ws/install/examples_rclpy_minimal_action_server/lib/python3.10/site-packages/examples_rclpy_minimal_action_server-0.15.1-py3.10.egg-info' (and everything under it)
[3.474s] Copying ../../../../../build/examples_rclpy_minimal_action_server/examples_rclpy_minimal_action_server.egg-info to /home/ros/ros2_ws/install/examples_rclpy_minimal_action_server/lib/python3.10/site-packages/examples_rclpy_minimal_action_server-0.15.1-py3.10.egg-info
[3.477s] running install_scripts
[3.519s] Installing server script to /home/ros/ros2_ws/install/examples_rclpy_minimal_action_server/lib/examples_rclpy_minimal_action_server
[3.521s] Installing server_defer script to /home/ros/ros2_ws/install/examples_rclpy_minimal_action_server/lib/examples_rclpy_minimal_action_server
[3.521s] Installing server_not_composable script to /home/ros/ros2_ws/install/examples_rclpy_minimal_action_server/lib/examples_rclpy_minimal_action_server
[3.521s] Installing server_queue_goals script to /home/ros/ros2_ws/install/examples_rclpy_minimal_action_server/lib/examples_rclpy_minimal_action_server
[3.522s] Installing server_single_goal script to /home/ros/ros2_ws/install/examples_rclpy_minimal_action_server/lib/examples_rclpy_minimal_action_server
[3.522s] writing list of installed files to '/home/ros/ros2_ws/build/examples_rclpy_minimal_action_server/install.log'
[3.779s] Invoked command in '/home/ros/ros2_ws/src/examples/rclpy/actions/minimal_action_server' returned '0': PYTHONPATH=/home/ros/ros2_ws/build/examples_rclpy_minimal_action_server/prefix_override:/home/ros/ros2_ws/install/examples_rclpy_minimal_action_server/lib/python3.10/site-packages:${PYTHONPATH} /usr/bin/python3 setup.py egg_info --egg-base ../../../../../build/examples_rclpy_minimal_action_server build --build-base /home/ros/ros2_ws/build/examples_rclpy_minimal_action_server/build install --record /home/ros/ros2_ws/build/examples_rclpy_minimal_action_server/install.log --single-version-externally-managed
