[0.070s] Invoking command in '/home/ros/ros2_ws/build/examples_rclcpp_minimal_action_client': CMAKE_PREFIX_PATH=/opt/ros/humble /usr/bin/cmake /home/ros/ros2_ws/src/examples/rclcpp/actions/minimal_action_client -DCMAKE_INSTALL_PREFIX=/home/ros/ros2_ws/install/examples_rclcpp_minimal_action_client
[0.161s] -- Found ament_cmake: 1.3.3 (/opt/ros/humble/share/ament_cmake/cmake)
[0.615s] -- Override CMake install command with custom implementation using symlinks instead of copying resources
[0.645s] -- Found example_interfaces: 0.9.3 (/opt/ros/humble/share/example_interfaces/cmake)
[0.769s] -- Found rosidl_generator_c: 3.1.4 (/opt/ros/humble/share/rosidl_generator_c/cmake)
[0.785s] -- Found rosidl_adapter: 3.1.4 (/opt/ros/humble/share/rosidl_adapter/cmake)
[0.810s] -- Found rosidl_generator_cpp: 3.1.4 (/opt/ros/humble/share/rosidl_generator_cpp/cmake)
[0.874s] -- Using all available rosidl_typesupport_c: rosidl_typesupport_fastrtps_c;rosidl_typesupport_introspection_c
[0.917s] -- Using all available rosidl_typesupport_cpp: rosidl_typesupport_fastrtps_cpp;rosidl_typesupport_introspection_cpp
[1.476s] -- Found rclcpp: 16.0.3 (/opt/ros/humble/share/rclcpp/cmake)
[1.596s] -- Found rmw_implementation_cmake: 6.1.1 (/opt/ros/humble/share/rmw_implementation_cmake/cmake)
[1.600s] -- Found rmw_fastrtps_cpp: 6.2.2 (/opt/ros/humble/share/rmw_fastrtps_cpp/cmake)
[1.857s] -- Using RMW implementation 'rmw_fastrtps_cpp' as default
[2.186s] -- Found rclcpp_action: 16.0.3 (/opt/ros/humble/share/rclcpp_action/cmake)
[2.239s] -- Found ament_lint_auto: 0.12.5 (/opt/ros/humble/share/ament_lint_auto/cmake)
[2.375s] -- Added test 'copyright' to check source files copyright and LICENSE
[2.383s] -- Added test 'cppcheck' to perform static code analysis on C / C++ code
[2.383s] -- Configured cppcheck include dirs: 
[2.383s] -- Configured cppcheck exclude dirs and/or files: 
[2.383s] -- Added test 'cpplint' to check C / C++ code against the Google style
[2.383s] -- Configured cpplint exclude dirs and/or files: 
[2.383s] -- Added test 'lint_cmake' to check CMake code style
[2.385s] -- Added test 'uncrustify' to check C / C++ code style
[2.385s] -- Configured uncrustify additional arguments: 
[2.388s] -- Added test 'xmllint' to check XML markup files
[2.389s] -- Configuring done
[2.450s] -- Generating done
[2.453s] -- Build files have been written to: /home/ros/ros2_ws/build/examples_rclcpp_minimal_action_client
[2.479s] Invoked command in '/home/ros/ros2_ws/build/examples_rclcpp_minimal_action_client' returned '0': CMAKE_PREFIX_PATH=/opt/ros/humble /usr/bin/cmake /home/ros/ros2_ws/src/examples/rclcpp/actions/minimal_action_client -DCMAKE_INSTALL_PREFIX=/home/ros/ros2_ws/install/examples_rclcpp_minimal_action_client
[2.492s] Invoking command in '/home/ros/ros2_ws/build/examples_rclcpp_minimal_action_client': CMAKE_PREFIX_PATH=/opt/ros/humble /usr/bin/cmake --build /home/ros/ros2_ws/build/examples_rclcpp_minimal_action_client -- -j4 -l4
[2.622s] [35m[1mConsolidate compiler generated dependencies of target action_client_member_functions[0m
[2.703s] [35m[1mConsolidate compiler generated dependencies of target action_client_not_composable_with_cancel[0m
[2.715s] [35m[1mConsolidate compiler generated dependencies of target action_client_not_composable_with_feedback[0m
[2.759s] [35m[1mConsolidate compiler generated dependencies of target action_client_not_composable[0m
[2.765s] [ 25%] Built target action_client_member_functions
[2.849s] [ 75%] Built target action_client_not_composable_with_cancel
[2.849s] [ 75%] Built target action_client_not_composable_with_feedback
[2.850s] [100%] Built target action_client_not_composable
[2.909s] Invoked command in '/home/ros/ros2_ws/build/examples_rclcpp_minimal_action_client' returned '0': CMAKE_PREFIX_PATH=/opt/ros/humble /usr/bin/cmake --build /home/ros/ros2_ws/build/examples_rclcpp_minimal_action_client -- -j4 -l4
[3.246s] Invoking command in '/home/ros/ros2_ws/build/examples_rclcpp_minimal_action_client': CMAKE_PREFIX_PATH=/opt/ros/humble /usr/bin/cmake --install /home/ros/ros2_ws/build/examples_rclcpp_minimal_action_client
[3.299s] -- Install configuration: ""
[3.300s] -- Execute custom install script
[3.300s] -- Up-to-date symlink: /home/ros/ros2_ws/install/examples_rclcpp_minimal_action_client/lib/examples_rclcpp_minimal_action_client/action_client_member_functions
[3.300s] -- Up-to-date symlink: /home/ros/ros2_ws/install/examples_rclcpp_minimal_action_client/lib/examples_rclcpp_minimal_action_client/action_client_not_composable
[3.301s] -- Up-to-date symlink: /home/ros/ros2_ws/install/examples_rclcpp_minimal_action_client/lib/examples_rclcpp_minimal_action_client/action_client_not_composable_with_cancel
[3.301s] -- Up-to-date symlink: /home/ros/ros2_ws/install/examples_rclcpp_minimal_action_client/lib/examples_rclcpp_minimal_action_client/action_client_not_composable_with_feedback
[3.302s] -- Up-to-date symlink: /home/ros/ros2_ws/install/examples_rclcpp_minimal_action_client/share/ament_index/resource_index/package_run_dependencies/examples_rclcpp_minimal_action_client
[3.302s] -- Up-to-date symlink: /home/ros/ros2_ws/install/examples_rclcpp_minimal_action_client/share/ament_index/resource_index/parent_prefix_path/examples_rclcpp_minimal_action_client
[3.302s] -- Up-to-date symlink: /home/ros/ros2_ws/install/examples_rclcpp_minimal_action_client/share/examples_rclcpp_minimal_action_client/environment/ament_prefix_path.sh
[3.302s] -- Up-to-date symlink: /home/ros/ros2_ws/install/examples_rclcpp_minimal_action_client/share/examples_rclcpp_minimal_action_client/environment/ament_prefix_path.dsv
[3.302s] -- Up-to-date symlink: /home/ros/ros2_ws/install/examples_rclcpp_minimal_action_client/share/examples_rclcpp_minimal_action_client/environment/path.sh
[3.302s] -- Up-to-date symlink: /home/ros/ros2_ws/install/examples_rclcpp_minimal_action_client/share/examples_rclcpp_minimal_action_client/environment/path.dsv
[3.303s] -- Up-to-date symlink: /home/ros/ros2_ws/install/examples_rclcpp_minimal_action_client/share/examples_rclcpp_minimal_action_client/local_setup.bash
[3.303s] -- Up-to-date symlink: /home/ros/ros2_ws/install/examples_rclcpp_minimal_action_client/share/examples_rclcpp_minimal_action_client/local_setup.sh
[3.303s] -- Up-to-date symlink: /home/ros/ros2_ws/install/examples_rclcpp_minimal_action_client/share/examples_rclcpp_minimal_action_client/local_setup.zsh
[3.303s] -- Up-to-date symlink: /home/ros/ros2_ws/install/examples_rclcpp_minimal_action_client/share/examples_rclcpp_minimal_action_client/local_setup.dsv
[3.304s] -- Symlinking: /home/ros/ros2_ws/install/examples_rclcpp_minimal_action_client/share/examples_rclcpp_minimal_action_client/package.dsv
[3.345s] -- Up-to-date symlink: /home/ros/ros2_ws/install/examples_rclcpp_minimal_action_client/share/ament_index/resource_index/packages/examples_rclcpp_minimal_action_client
[3.345s] -- Up-to-date symlink: /home/ros/ros2_ws/install/examples_rclcpp_minimal_action_client/share/examples_rclcpp_minimal_action_client/cmake/examples_rclcpp_minimal_action_clientConfig.cmake
[3.346s] -- Up-to-date symlink: /home/ros/ros2_ws/install/examples_rclcpp_minimal_action_client/share/examples_rclcpp_minimal_action_client/cmake/examples_rclcpp_minimal_action_clientConfig-version.cmake
[3.346s] -- Up-to-date symlink: /home/ros/ros2_ws/install/examples_rclcpp_minimal_action_client/share/examples_rclcpp_minimal_action_client/package.xml
[3.517s] Invoked command in '/home/ros/ros2_ws/build/examples_rclcpp_minimal_action_client' returned '0': CMAKE_PREFIX_PATH=/opt/ros/humble /usr/bin/cmake --install /home/ros/ros2_ws/build/examples_rclcpp_minimal_action_client
