[2.452s] Invoking command in '/home/ros/ros2_ws/build/examples_rclpy_guard_conditions': PYTHONPATH=/home/ros/ros2_ws/build/examples_rclpy_guard_conditions/prefix_override:/home/ros/ros2_ws/install/examples_rclpy_guard_conditions/lib/python3.10/site-packages:${PYTHONPATH} /usr/bin/python3 setup.py develop --uninstall --editable --build-directory /home/ros/ros2_ws/build/examples_rclpy_guard_conditions/build
[3.181s] running develop
[3.182s] /usr/lib/python3/dist-packages/setuptools/command/easy_install.py:158: EasyInstallDeprecationWarning: easy_install command is deprecated. Use build and pip and other standards-based tools.
[3.182s]   warnings.warn(
[3.184s] /usr/lib/python3/dist-packages/setuptools/command/install.py:34: SetuptoolsDeprecationWarning: setup.py install is deprecated. Use build and pip and other standards-based tools.
[3.185s]   warnings.warn(
[3.335s] /usr/lib/python3/dist-packages/pkg_resources/__init__.py:116: PkgResourcesDeprecationWarning: 1.1build1 is an invalid version and will not be supported in a future release
[3.336s]   warnings.warn(
[3.336s] /usr/lib/python3/dist-packages/pkg_resources/__init__.py:116: PkgResourcesDeprecationWarning: 0.1.43ubuntu1 is an invalid version and will not be supported in a future release
[3.337s]   warnings.warn(
[3.877s] Invoked command in '/home/ros/ros2_ws/build/examples_rclpy_guard_conditions' returned '0': PYTHONPATH=/home/ros/ros2_ws/build/examples_rclpy_guard_conditions/prefix_override:/home/ros/ros2_ws/install/examples_rclpy_guard_conditions/lib/python3.10/site-packages:${PYTHONPATH} /usr/bin/python3 setup.py develop --uninstall --editable --build-directory /home/ros/ros2_ws/build/examples_rclpy_guard_conditions/build
[3.880s] Invoking command in '/home/ros/ros2_ws/src/examples/rclpy/guard_conditions': PYTHONPATH=/home/ros/ros2_ws/build/examples_rclpy_guard_conditions/prefix_override:/home/ros/ros2_ws/install/examples_rclpy_guard_conditions/lib/python3.10/site-packages:${PYTHONPATH} /usr/bin/python3 setup.py egg_info --egg-base ../../../../build/examples_rclpy_guard_conditions build --build-base /home/ros/ros2_ws/build/examples_rclpy_guard_conditions/build install --record /home/ros/ros2_ws/build/examples_rclpy_guard_conditions/install.log --single-version-externally-managed
[4.300s] running egg_info
[4.302s] writing ../../../../build/examples_rclpy_guard_conditions/examples_rclpy_guard_conditions.egg-info/PKG-INFO
[4.303s] writing dependency_links to ../../../../build/examples_rclpy_guard_conditions/examples_rclpy_guard_conditions.egg-info/dependency_links.txt
[4.304s] writing entry points to ../../../../build/examples_rclpy_guard_conditions/examples_rclpy_guard_conditions.egg-info/entry_points.txt
[4.305s] writing requirements to ../../../../build/examples_rclpy_guard_conditions/examples_rclpy_guard_conditions.egg-info/requires.txt
[4.305s] writing top-level names to ../../../../build/examples_rclpy_guard_conditions/examples_rclpy_guard_conditions.egg-info/top_level.txt
[4.308s] reading manifest file '../../../../build/examples_rclpy_guard_conditions/examples_rclpy_guard_conditions.egg-info/SOURCES.txt'
[4.310s] writing manifest file '../../../../build/examples_rclpy_guard_conditions/examples_rclpy_guard_conditions.egg-info/SOURCES.txt'
[4.310s] running build
[4.311s] running build_py
[4.311s] running install
[4.312s] /usr/lib/python3/dist-packages/setuptools/command/install.py:34: SetuptoolsDeprecationWarning: setup.py install is deprecated. Use build and pip and other standards-based tools.
[4.312s]   warnings.warn(
[4.313s] running install_lib
[4.315s] running install_data
[4.316s] running install_egg_info
[4.318s] removing '/home/ros/ros2_ws/install/examples_rclpy_guard_conditions/lib/python3.10/site-packages/examples_rclpy_guard_conditions-0.15.1-py3.10.egg-info' (and everything under it)
[4.319s] Copying ../../../../build/examples_rclpy_guard_conditions/examples_rclpy_guard_conditions.egg-info to /home/ros/ros2_ws/install/examples_rclpy_guard_conditions/lib/python3.10/site-packages/examples_rclpy_guard_conditions-0.15.1-py3.10.egg-info
[4.321s] running install_scripts
[4.353s] Installing trigger_guard_condition script to /home/ros/ros2_ws/install/examples_rclpy_guard_conditions/lib/examples_rclpy_guard_conditions
[4.355s] writing list of installed files to '/home/ros/ros2_ws/build/examples_rclpy_guard_conditions/install.log'
[4.395s] Invoked command in '/home/ros/ros2_ws/src/examples/rclpy/guard_conditions' returned '0': PYTHONPATH=/home/ros/ros2_ws/build/examples_rclpy_guard_conditions/prefix_override:/home/ros/ros2_ws/install/examples_rclpy_guard_conditions/lib/python3.10/site-packages:${PYTHONPATH} /usr/bin/python3 setup.py egg_info --egg-base ../../../../build/examples_rclpy_guard_conditions build --build-base /home/ros/ros2_ws/build/examples_rclpy_guard_conditions/build install --record /home/ros/ros2_ws/build/examples_rclpy_guard_conditions/install.log --single-version-externally-managed
