[2.714s] Invoking command in '/home/ros/ros2_ws/build/examples_rclpy_minimal_action_client': PYTHONPATH=/home/ros/ros2_ws/build/examples_rclpy_minimal_action_client/prefix_override:/home/ros/ros2_ws/install/examples_rclpy_minimal_action_client/lib/python3.10/site-packages:${PYTHONPATH} /usr/bin/python3 setup.py develop --uninstall --editable --build-directory /home/ros/ros2_ws/build/examples_rclpy_minimal_action_client/build
[3.718s] running develop
[3.720s] /usr/lib/python3/dist-packages/setuptools/command/easy_install.py:158: EasyInstallDeprecationWarning: easy_install command is deprecated. Use build and pip and other standards-based tools.
[3.720s]   warnings.warn(
[3.723s] /usr/lib/python3/dist-packages/setuptools/command/install.py:34: SetuptoolsDeprecationWarning: setup.py install is deprecated. Use build and pip and other standards-based tools.
[3.724s]   warnings.warn(
[3.895s] /usr/lib/python3/dist-packages/pkg_resources/__init__.py:116: PkgResourcesDeprecationWarning: 1.1build1 is an invalid version and will not be supported in a future release
[3.896s]   warnings.warn(
[3.909s] /usr/lib/python3/dist-packages/pkg_resources/__init__.py:116: PkgResourcesDeprecationWarning: 0.1.43ubuntu1 is an invalid version and will not be supported in a future release
[3.909s]   warnings.warn(
[4.761s] Invoked command in '/home/ros/ros2_ws/build/examples_rclpy_minimal_action_client' returned '0': PYTHONPATH=/home/ros/ros2_ws/build/examples_rclpy_minimal_action_client/prefix_override:/home/ros/ros2_ws/install/examples_rclpy_minimal_action_client/lib/python3.10/site-packages:${PYTHONPATH} /usr/bin/python3 setup.py develop --uninstall --editable --build-directory /home/ros/ros2_ws/build/examples_rclpy_minimal_action_client/build
[4.762s] Invoking command in '/home/ros/ros2_ws/src/examples/rclpy/actions/minimal_action_client': PYTHONPATH=/home/ros/ros2_ws/build/examples_rclpy_minimal_action_client/prefix_override:/home/ros/ros2_ws/install/examples_rclpy_minimal_action_client/lib/python3.10/site-packages:${PYTHONPATH} /usr/bin/python3 setup.py egg_info --egg-base ../../../../../build/examples_rclpy_minimal_action_client build --build-base /home/ros/ros2_ws/build/examples_rclpy_minimal_action_client/build install --record /home/ros/ros2_ws/build/examples_rclpy_minimal_action_client/install.log --single-version-externally-managed
[5.320s] running egg_info
[5.324s] writing ../../../../../build/examples_rclpy_minimal_action_client/examples_rclpy_minimal_action_client.egg-info/PKG-INFO
[5.326s] writing dependency_links to ../../../../../build/examples_rclpy_minimal_action_client/examples_rclpy_minimal_action_client.egg-info/dependency_links.txt
[5.337s] writing entry points to ../../../../../build/examples_rclpy_minimal_action_client/examples_rclpy_minimal_action_client.egg-info/entry_points.txt
[5.337s] writing requirements to ../../../../../build/examples_rclpy_minimal_action_client/examples_rclpy_minimal_action_client.egg-info/requires.txt
[5.338s] writing top-level names to ../../../../../build/examples_rclpy_minimal_action_client/examples_rclpy_minimal_action_client.egg-info/top_level.txt
[5.341s] reading manifest file '../../../../../build/examples_rclpy_minimal_action_client/examples_rclpy_minimal_action_client.egg-info/SOURCES.txt'
[5.344s] writing manifest file '../../../../../build/examples_rclpy_minimal_action_client/examples_rclpy_minimal_action_client.egg-info/SOURCES.txt'
[5.345s] running build
[5.345s] running build_py
[5.349s] running install
[5.349s] /usr/lib/python3/dist-packages/setuptools/command/install.py:34: SetuptoolsDeprecationWarning: setup.py install is deprecated. Use build and pip and other standards-based tools.
[5.349s]   warnings.warn(
[5.350s] running install_lib
[5.355s] running install_data
[5.358s] running install_egg_info
[5.360s] removing '/home/ros/ros2_ws/install/examples_rclpy_minimal_action_client/lib/python3.10/site-packages/examples_rclpy_minimal_action_client-0.15.1-py3.10.egg-info' (and everything under it)
[5.361s] Copying ../../../../../build/examples_rclpy_minimal_action_client/examples_rclpy_minimal_action_client.egg-info to /home/ros/ros2_ws/install/examples_rclpy_minimal_action_client/lib/python3.10/site-packages/examples_rclpy_minimal_action_client-0.15.1-py3.10.egg-info
[5.364s] running install_scripts
[5.426s] Installing client script to /home/ros/ros2_ws/install/examples_rclpy_minimal_action_client/lib/examples_rclpy_minimal_action_client
[5.427s] Installing client_asyncio script to /home/ros/ros2_ws/install/examples_rclpy_minimal_action_client/lib/examples_rclpy_minimal_action_client
[5.428s] Installing client_cancel script to /home/ros/ros2_ws/install/examples_rclpy_minimal_action_client/lib/examples_rclpy_minimal_action_client
[5.429s] Installing client_not_composable script to /home/ros/ros2_ws/install/examples_rclpy_minimal_action_client/lib/examples_rclpy_minimal_action_client
[5.430s] writing list of installed files to '/home/ros/ros2_ws/build/examples_rclpy_minimal_action_client/install.log'
[5.472s] Invoked command in '/home/ros/ros2_ws/src/examples/rclpy/actions/minimal_action_client' returned '0': PYTHONPATH=/home/ros/ros2_ws/build/examples_rclpy_minimal_action_client/prefix_override:/home/ros/ros2_ws/install/examples_rclpy_minimal_action_client/lib/python3.10/site-packages:${PYTHONPATH} /usr/bin/python3 setup.py egg_info --egg-base ../../../../../build/examples_rclpy_minimal_action_client build --build-base /home/ros/ros2_ws/build/examples_rclpy_minimal_action_client/build install --record /home/ros/ros2_ws/build/examples_rclpy_minimal_action_client/install.log --single-version-externally-managed
