[0.014s] Invoking command in '/home/ros/ros2_ws/build/examples_rclcpp_multithreaded_executor': CMAKE_PREFIX_PATH=/opt/ros/humble /usr/bin/cmake /home/ros/ros2_ws/src/examples/rclcpp/executors/multithreaded_executor -DAMENT_CMAKE_SYMLINK_INSTALL=1 -DCMAKE_INSTALL_PREFIX=/home/ros/ros2_ws/install/examples_rclcpp_multithreaded_executor
[0.120s] -- The C compiler identification is GNU 11.3.0
[0.218s] -- The CXX compiler identification is GNU 11.3.0
[0.230s] -- Detecting C compiler ABI info
[0.345s] -- Detecting C compiler ABI info - done
[0.352s] -- Check for working C compiler: /usr/bin/cc - skipped
[0.352s] -- Detecting C compile features
[0.353s] -- Detecting C compile features - done
[0.358s] -- Detecting CXX compiler ABI info
[0.495s] -- Detecting CXX compiler ABI info - done
[0.509s] -- Check for working CXX compiler: /usr/bin/c++ - skipped
[0.510s] -- Detecting CXX compile features
[0.511s] -- Detecting CXX compile features - done
[0.514s] -- Found ament_cmake: 1.3.3 (/opt/ros/humble/share/ament_cmake/cmake)
[0.797s] -- Found Python3: /usr/bin/python3.10 (found version "3.10.6") found components: Interpreter 
[0.904s] -- Override CMake install command with custom implementation using symlinks instead of copying resources
[0.960s] -- Found rclcpp: 16.0.3 (/opt/ros/humble/share/rclcpp/cmake)
[1.035s] -- Found rosidl_generator_c: 3.1.4 (/opt/ros/humble/share/rosidl_generator_c/cmake)
[1.050s] -- Found rosidl_adapter: 3.1.4 (/opt/ros/humble/share/rosidl_adapter/cmake)
[1.068s] -- Found rosidl_generator_cpp: 3.1.4 (/opt/ros/humble/share/rosidl_generator_cpp/cmake)
[1.095s] -- Using all available rosidl_typesupport_c: rosidl_typesupport_fastrtps_c;rosidl_typesupport_introspection_c
[1.127s] -- Using all available rosidl_typesupport_cpp: rosidl_typesupport_fastrtps_cpp;rosidl_typesupport_introspection_cpp
[1.267s] -- Found rmw_implementation_cmake: 6.1.1 (/opt/ros/humble/share/rmw_implementation_cmake/cmake)
[1.270s] -- Found rmw_fastrtps_cpp: 6.2.2 (/opt/ros/humble/share/rmw_fastrtps_cpp/cmake)
[1.462s] -- Found OpenSSL: /usr/lib/x86_64-linux-gnu/libcrypto.so (found version "3.0.2")  
[1.513s] -- Found FastRTPS: /opt/ros/humble/include  
[1.593s] -- Using RMW implementation 'rmw_fastrtps_cpp' as default
[1.611s] -- Looking for pthread.h
[1.728s] -- Looking for pthread.h - found
[1.729s] -- Performing Test CMAKE_HAVE_LIBC_PTHREAD
[1.848s] -- Performing Test CMAKE_HAVE_LIBC_PTHREAD - Success
[1.851s] -- Found Threads: TRUE  
[2.161s] -- Found ament_lint_auto: 0.12.5 (/opt/ros/humble/share/ament_lint_auto/cmake)
[2.281s] -- Added test 'copyright' to check source files copyright and LICENSE
[2.283s] -- Added test 'cppcheck' to perform static code analysis on C / C++ code
[2.284s] -- Configured cppcheck include dirs: 
[2.284s] -- Configured cppcheck exclude dirs and/or files: 
[2.285s] -- Added test 'cpplint' to check C / C++ code against the Google style
[2.285s] -- Configured cpplint exclude dirs and/or files: 
[2.286s] -- Added test 'lint_cmake' to check CMake code style
[2.288s] -- Added test 'uncrustify' to check C / C++ code style
[2.288s] -- Configured uncrustify additional arguments: 
[2.288s] -- Added test 'xmllint' to check XML markup files
[2.292s] -- Configuring done
[2.306s] -- Generating done
[2.309s] -- Build files have been written to: /home/ros/ros2_ws/build/examples_rclcpp_multithreaded_executor
[2.329s] Invoked command in '/home/ros/ros2_ws/build/examples_rclcpp_multithreaded_executor' returned '0': CMAKE_PREFIX_PATH=/opt/ros/humble /usr/bin/cmake /home/ros/ros2_ws/src/examples/rclcpp/executors/multithreaded_executor -DAMENT_CMAKE_SYMLINK_INSTALL=1 -DCMAKE_INSTALL_PREFIX=/home/ros/ros2_ws/install/examples_rclcpp_multithreaded_executor
[2.329s] Invoking command in '/home/ros/ros2_ws/build/examples_rclcpp_multithreaded_executor': CMAKE_PREFIX_PATH=/opt/ros/humble /usr/bin/cmake --build /home/ros/ros2_ws/build/examples_rclcpp_multithreaded_executor -- -j4 -l4
[2.394s] [ 50%] [32mBuilding CXX object CMakeFiles/multithreaded_executor.dir/multithreaded_executor.cpp.o[0m
[20.289s] [100%] [32m[1mLinking CXX executable multithreaded_executor[0m
[21.039s] [100%] Built target multithreaded_executor
[21.109s] Invoked command in '/home/ros/ros2_ws/build/examples_rclcpp_multithreaded_executor' returned '0': CMAKE_PREFIX_PATH=/opt/ros/humble /usr/bin/cmake --build /home/ros/ros2_ws/build/examples_rclcpp_multithreaded_executor -- -j4 -l4
[21.334s] Invoking command in '/home/ros/ros2_ws/build/examples_rclcpp_multithreaded_executor': CMAKE_PREFIX_PATH=/opt/ros/humble /usr/bin/cmake --install /home/ros/ros2_ws/build/examples_rclcpp_multithreaded_executor
[21.356s] -- Install configuration: ""
[21.356s] -- Execute custom install script
[21.356s] -- Symlinking: /home/ros/ros2_ws/install/examples_rclcpp_multithreaded_executor/lib/examples_rclcpp_multithreaded_executor/multithreaded_executor
[21.374s] -- Symlinking: /home/ros/ros2_ws/install/examples_rclcpp_multithreaded_executor/share/ament_index/resource_index/package_run_dependencies/examples_rclcpp_multithreaded_executor
[21.395s] -- Symlinking: /home/ros/ros2_ws/install/examples_rclcpp_multithreaded_executor/share/ament_index/resource_index/parent_prefix_path/examples_rclcpp_multithreaded_executor
[21.416s] -- Symlinking: /home/ros/ros2_ws/install/examples_rclcpp_multithreaded_executor/share/examples_rclcpp_multithreaded_executor/environment/ament_prefix_path.sh
[21.438s] -- Symlinking: /home/ros/ros2_ws/install/examples_rclcpp_multithreaded_executor/share/examples_rclcpp_multithreaded_executor/environment/ament_prefix_path.dsv
[21.463s] -- Symlinking: /home/ros/ros2_ws/install/examples_rclcpp_multithreaded_executor/share/examples_rclcpp_multithreaded_executor/environment/path.sh
[21.486s] -- Symlinking: /home/ros/ros2_ws/install/examples_rclcpp_multithreaded_executor/share/examples_rclcpp_multithreaded_executor/environment/path.dsv
[21.506s] -- Symlinking: /home/ros/ros2_ws/install/examples_rclcpp_multithreaded_executor/share/examples_rclcpp_multithreaded_executor/local_setup.bash
[21.526s] -- Symlinking: /home/ros/ros2_ws/install/examples_rclcpp_multithreaded_executor/share/examples_rclcpp_multithreaded_executor/local_setup.sh
[21.538s] -- Symlinking: /home/ros/ros2_ws/install/examples_rclcpp_multithreaded_executor/share/examples_rclcpp_multithreaded_executor/local_setup.zsh
[21.561s] -- Symlinking: /home/ros/ros2_ws/install/examples_rclcpp_multithreaded_executor/share/examples_rclcpp_multithreaded_executor/local_setup.dsv
[21.582s] -- Symlinking: /home/ros/ros2_ws/install/examples_rclcpp_multithreaded_executor/share/examples_rclcpp_multithreaded_executor/package.dsv
[21.602s] -- Symlinking: /home/ros/ros2_ws/install/examples_rclcpp_multithreaded_executor/share/ament_index/resource_index/packages/examples_rclcpp_multithreaded_executor
[21.620s] -- Symlinking: /home/ros/ros2_ws/install/examples_rclcpp_multithreaded_executor/share/examples_rclcpp_multithreaded_executor/cmake/examples_rclcpp_multithreaded_executorConfig.cmake
[21.632s] -- Symlinking: /home/ros/ros2_ws/install/examples_rclcpp_multithreaded_executor/share/examples_rclcpp_multithreaded_executor/cmake/examples_rclcpp_multithreaded_executorConfig-version.cmake
[21.644s] -- Symlinking: /home/ros/ros2_ws/install/examples_rclcpp_multithreaded_executor/share/examples_rclcpp_multithreaded_executor/package.xml
[21.945s] Invoked command in '/home/ros/ros2_ws/build/examples_rclcpp_multithreaded_executor' returned '0': CMAKE_PREFIX_PATH=/opt/ros/humble /usr/bin/cmake --install /home/ros/ros2_ws/build/examples_rclcpp_multithreaded_executor
