[0.050s] Invoking command in '/home/ros/ros2_ws/build/examples_rclcpp_minimal_composition': CMAKE_PREFIX_PATH=/opt/ros/humble /usr/bin/cmake --build /home/ros/ros2_ws/build/examples_rclcpp_minimal_composition -- -j4 -l4
[0.253s] [ 33%] Built target composition_nodes
[0.358s] [ 55%] Built target composition_composed
[0.363s] [ 77%] Built target composition_publisher
[0.365s] [100%] Built target composition_subscriber
[0.388s] Invoked command in '/home/ros/ros2_ws/build/examples_rclcpp_minimal_composition' returned '0': CMAKE_PREFIX_PATH=/opt/ros/humble /usr/bin/cmake --build /home/ros/ros2_ws/build/examples_rclcpp_minimal_composition -- -j4 -l4
[0.553s] Invoking command in '/home/ros/ros2_ws/build/examples_rclcpp_minimal_composition': CMAKE_PREFIX_PATH=/opt/ros/humble /usr/bin/cmake --install /home/ros/ros2_ws/build/examples_rclcpp_minimal_composition
[0.587s] -- Install configuration: ""
[0.588s] -- Execute custom install script
[0.594s] -- Up-to-date symlink: /home/ros/ros2_ws/install/examples_rclcpp_minimal_composition/share/examples_rclcpp_minimal_composition/environment/library_path.sh
[0.595s] -- Up-to-date symlink: /home/ros/ros2_ws/install/examples_rclcpp_minimal_composition/share/examples_rclcpp_minimal_composition/environment/library_path.dsv
[0.605s] -- Up-to-date symlink: /home/ros/ros2_ws/install/examples_rclcpp_minimal_composition/lib/libcomposition_nodes.so
[0.614s] -- Up-to-date symlink: /home/ros/ros2_ws/install/examples_rclcpp_minimal_composition/lib/examples_rclcpp_minimal_composition/composition_publisher
[0.615s] -- Up-to-date symlink: /home/ros/ros2_ws/install/examples_rclcpp_minimal_composition/lib/examples_rclcpp_minimal_composition/composition_subscriber
[0.617s] -- Up-to-date symlink: /home/ros/ros2_ws/install/examples_rclcpp_minimal_composition/lib/examples_rclcpp_minimal_composition/composition_composed
[0.621s] -- Up-to-date symlink: /home/ros/ros2_ws/install/examples_rclcpp_minimal_composition/share/ament_index/resource_index/package_run_dependencies/examples_rclcpp_minimal_composition
[0.657s] -- Up-to-date symlink: /home/ros/ros2_ws/install/examples_rclcpp_minimal_composition/share/ament_index/resource_index/parent_prefix_path/examples_rclcpp_minimal_composition
[0.657s] -- Up-to-date symlink: /home/ros/ros2_ws/install/examples_rclcpp_minimal_composition/share/examples_rclcpp_minimal_composition/environment/ament_prefix_path.sh
[0.657s] -- Up-to-date symlink: /home/ros/ros2_ws/install/examples_rclcpp_minimal_composition/share/examples_rclcpp_minimal_composition/environment/ament_prefix_path.dsv
[0.657s] -- Up-to-date symlink: /home/ros/ros2_ws/install/examples_rclcpp_minimal_composition/share/examples_rclcpp_minimal_composition/environment/path.sh
[0.658s] -- Up-to-date symlink: /home/ros/ros2_ws/install/examples_rclcpp_minimal_composition/share/examples_rclcpp_minimal_composition/environment/path.dsv
[0.658s] -- Up-to-date symlink: /home/ros/ros2_ws/install/examples_rclcpp_minimal_composition/share/examples_rclcpp_minimal_composition/local_setup.bash
[0.658s] -- Up-to-date symlink: /home/ros/ros2_ws/install/examples_rclcpp_minimal_composition/share/examples_rclcpp_minimal_composition/local_setup.sh
[0.658s] -- Up-to-date symlink: /home/ros/ros2_ws/install/examples_rclcpp_minimal_composition/share/examples_rclcpp_minimal_composition/local_setup.zsh
[0.658s] -- Up-to-date symlink: /home/ros/ros2_ws/install/examples_rclcpp_minimal_composition/share/examples_rclcpp_minimal_composition/local_setup.dsv
[0.658s] -- Symlinking: /home/ros/ros2_ws/install/examples_rclcpp_minimal_composition/share/examples_rclcpp_minimal_composition/package.dsv
[0.666s] -- Up-to-date symlink: /home/ros/ros2_ws/install/examples_rclcpp_minimal_composition/share/ament_index/resource_index/packages/examples_rclcpp_minimal_composition
[0.667s] -- Up-to-date symlink: /home/ros/ros2_ws/install/examples_rclcpp_minimal_composition/share/examples_rclcpp_minimal_composition/cmake/examples_rclcpp_minimal_compositionConfig.cmake
[0.667s] -- Up-to-date symlink: /home/ros/ros2_ws/install/examples_rclcpp_minimal_composition/share/examples_rclcpp_minimal_composition/cmake/examples_rclcpp_minimal_compositionConfig-version.cmake
[0.671s] -- Up-to-date symlink: /home/ros/ros2_ws/install/examples_rclcpp_minimal_composition/share/examples_rclcpp_minimal_composition/package.xml
[0.687s] Invoked command in '/home/ros/ros2_ws/build/examples_rclcpp_minimal_composition' returned '0': CMAKE_PREFIX_PATH=/opt/ros/humble /usr/bin/cmake --install /home/ros/ros2_ws/build/examples_rclcpp_minimal_composition
