[0.978s] Invoking command in '/home/ros/ros2_ws/src/merge_arrays': PYTHONPATH=/home/ros/ros2_ws/build/merge_arrays/prefix_override:/home/ros/ros2_ws/install/merge_arrays/lib/python3.10/site-packages:${PYTHONPATH} /usr/bin/python3 setup.py egg_info --egg-base ../../build/merge_arrays build --build-base /home/ros/ros2_ws/build/merge_arrays/build install --record /home/ros/ros2_ws/build/merge_arrays/install.log --single-version-externally-managed
[1.370s] running egg_info
[1.371s] writing ../../build/merge_arrays/merge_arrays.egg-info/PKG-INFO
[1.372s] writing dependency_links to ../../build/merge_arrays/merge_arrays.egg-info/dependency_links.txt
[1.373s] writing entry points to ../../build/merge_arrays/merge_arrays.egg-info/entry_points.txt
[1.374s] writing requirements to ../../build/merge_arrays/merge_arrays.egg-info/requires.txt
[1.374s] writing top-level names to ../../build/merge_arrays/merge_arrays.egg-info/top_level.txt
[1.377s] reading manifest file '../../build/merge_arrays/merge_arrays.egg-info/SOURCES.txt'
[1.379s] writing manifest file '../../build/merge_arrays/merge_arrays.egg-info/SOURCES.txt'
[1.379s] running build
[1.379s] running build_py
[1.380s] running install
[1.380s] /usr/lib/python3/dist-packages/setuptools/command/install.py:34: SetuptoolsDeprecationWarning: setup.py install is deprecated. Use build and pip and other standards-based tools.
[1.380s]   warnings.warn(
[1.380s] running install_lib
[1.382s] byte-compiling /home/ros/ros2_ws/install/merge_arrays/lib/python3.10/site-packages/merge_arrays/merge_arrays_node.py to merge_arrays_node.cpython-310.pyc
[1.382s] running install_data
[1.383s] Sorry: TabError: inconsistent use of tabs and spaces in indentation (merge_arrays_node.py, line 26)
[1.383s] running install_egg_info
[1.386s] removing '/home/ros/ros2_ws/install/merge_arrays/lib/python3.10/site-packages/merge_arrays-0.0.0-py3.10.egg-info' (and everything under it)
[1.387s] Copying ../../build/merge_arrays/merge_arrays.egg-info to /home/ros/ros2_ws/install/merge_arrays/lib/python3.10/site-packages/merge_arrays-0.0.0-py3.10.egg-info
[1.389s] running install_scripts
[1.427s] Installing talker script to /home/ros/ros2_ws/install/merge_arrays/lib/merge_arrays
[1.427s] writing list of installed files to '/home/ros/ros2_ws/build/merge_arrays/install.log'
[1.464s] Invoked command in '/home/ros/ros2_ws/src/merge_arrays' returned '0': PYTHONPATH=/home/ros/ros2_ws/build/merge_arrays/prefix_override:/home/ros/ros2_ws/install/merge_arrays/lib/python3.10/site-packages:${PYTHONPATH} /usr/bin/python3 setup.py egg_info --egg-base ../../build/merge_arrays build --build-base /home/ros/ros2_ws/build/merge_arrays/build install --record /home/ros/ros2_ws/build/merge_arrays/install.log --single-version-externally-managed
