[0.126s] Invoking command in '/home/ros/ros2_ws/build/examples_rclcpp_minimal_publisher': CMAKE_PREFIX_PATH=/opt/ros/humble /usr/bin/cmake /home/ros/ros2_ws/src/examples/rclcpp/topics/minimal_publisher -DAMENT_CMAKE_SYMLINK_INSTALL=1 -DCMAKE_INSTALL_PREFIX=/home/ros/ros2_ws/install/examples_rclcpp_minimal_publisher
[0.588s] -- The C compiler identification is GNU 11.3.0
[0.895s] -- The CXX compiler identification is GNU 11.3.0
[0.938s] -- Detecting C compiler ABI info
[1.546s] -- Detecting C compiler ABI info - done
[1.587s] -- Check for working C compiler: /usr/bin/cc - skipped
[1.587s] -- Detecting C compile features
[1.588s] -- Detecting C compile features - done
[1.602s] -- Detecting CXX compiler ABI info
[1.868s] -- Detecting CXX compiler ABI info - done
[1.912s] -- Check for working CXX compiler: /usr/bin/c++ - skipped
[1.913s] -- Detecting CXX compile features
[1.914s] -- Detecting CXX compile features - done
[1.931s] -- Found ament_cmake: 1.3.3 (/opt/ros/humble/share/ament_cmake/cmake)
[2.451s] -- Found Python3: /usr/bin/python3.10 (found version "3.10.6") found components: Interpreter 
[2.589s] -- Override CMake install command with custom implementation using symlinks instead of copying resources
[2.617s] -- Found rclcpp: 16.0.3 (/opt/ros/humble/share/rclcpp/cmake)
[2.725s] -- Found rosidl_generator_c: 3.1.4 (/opt/ros/humble/share/rosidl_generator_c/cmake)
[2.731s] -- Found rosidl_adapter: 3.1.4 (/opt/ros/humble/share/rosidl_adapter/cmake)
[2.744s] -- Found rosidl_generator_cpp: 3.1.4 (/opt/ros/humble/share/rosidl_generator_cpp/cmake)
[2.768s] -- Using all available rosidl_typesupport_c: rosidl_typesupport_fastrtps_c;rosidl_typesupport_introspection_c
[2.825s] -- Using all available rosidl_typesupport_cpp: rosidl_typesupport_fastrtps_cpp;rosidl_typesupport_introspection_cpp
[2.981s] -- Found rmw_implementation_cmake: 6.1.1 (/opt/ros/humble/share/rmw_implementation_cmake/cmake)
[2.988s] -- Found rmw_fastrtps_cpp: 6.2.2 (/opt/ros/humble/share/rmw_fastrtps_cpp/cmake)
[3.162s] -- Found OpenSSL: /usr/lib/x86_64-linux-gnu/libcrypto.so (found version "3.0.2")  
[3.203s] -- Found FastRTPS: /opt/ros/humble/include  
[3.288s] -- Using RMW implementation 'rmw_fastrtps_cpp' as default
[3.302s] -- Looking for pthread.h
[3.566s] -- Looking for pthread.h - found
[3.566s] -- Performing Test CMAKE_HAVE_LIBC_PTHREAD
[4.001s] -- Performing Test CMAKE_HAVE_LIBC_PTHREAD - Success
[4.003s] -- Found Threads: TRUE  
[4.686s] -- Found ament_lint_auto: 0.12.5 (/opt/ros/humble/share/ament_lint_auto/cmake)
[4.968s] -- Added test 'copyright' to check source files copyright and LICENSE
[4.969s] -- Added test 'cppcheck' to perform static code analysis on C / C++ code
[4.969s] -- Configured cppcheck include dirs: 
[4.969s] -- Configured cppcheck exclude dirs and/or files: 
[4.970s] -- Added test 'cpplint' to check C / C++ code against the Google style
[4.970s] -- Configured cpplint exclude dirs and/or files: 
[4.971s] -- Added test 'lint_cmake' to check CMake code style
[4.973s] -- Added test 'uncrustify' to check C / C++ code style
[4.973s] -- Configured uncrustify additional arguments: 
[4.973s] -- Added test 'xmllint' to check XML markup files
[4.976s] -- Configuring done
[5.079s] -- Generating done
[5.084s] -- Build files have been written to: /home/ros/ros2_ws/build/examples_rclcpp_minimal_publisher
[5.127s] Invoked command in '/home/ros/ros2_ws/build/examples_rclcpp_minimal_publisher' returned '0': CMAKE_PREFIX_PATH=/opt/ros/humble /usr/bin/cmake /home/ros/ros2_ws/src/examples/rclcpp/topics/minimal_publisher -DAMENT_CMAKE_SYMLINK_INSTALL=1 -DCMAKE_INSTALL_PREFIX=/home/ros/ros2_ws/install/examples_rclcpp_minimal_publisher
[5.128s] Invoking command in '/home/ros/ros2_ws/build/examples_rclcpp_minimal_publisher': CMAKE_PREFIX_PATH=/opt/ros/humble /usr/bin/cmake --build /home/ros/ros2_ws/build/examples_rclcpp_minimal_publisher -- -j4 -l4
[5.450s] [  8%] [32mBuilding CXX object CMakeFiles/publisher_lambda.dir/lambda.cpp.o[0m
[22.350s] [ 16%] [32m[1mLinking CXX executable publisher_lambda[0m
[22.753s] [ 16%] Built target publisher_lambda
[22.880s] [ 25%] [32mBuilding CXX object CMakeFiles/publisher_member_function_with_unique_network_flow_endpoints.dir/member_function_with_unique_network_flow_endpoints.cpp.o[0m
[32.071s] [ 33%] [32m[1mLinking CXX executable publisher_member_function_with_unique_network_flow_endpoints[0m
[32.667s] [ 33%] Built target publisher_member_function_with_unique_network_flow_endpoints
[32.855s] [ 41%] [32mBuilding CXX object CMakeFiles/publisher_wait_for_all_acked.dir/member_function_with_wait_for_all_acked.cpp.o[0m
[44.973s] [ 50%] [32m[1mLinking CXX executable publisher_wait_for_all_acked[0m
[45.407s] [ 50%] Built target publisher_wait_for_all_acked
[45.444s] [ 58%] [32mBuilding CXX object CMakeFiles/publisher_not_composable.dir/not_composable.cpp.o[0m
[53.764s] [ 66%] [32m[1mLinking CXX executable publisher_not_composable[0m
[54.055s] [ 66%] Built target publisher_not_composable
[54.086s] [ 75%] [32mBuilding CXX object CMakeFiles/publisher_member_function_with_type_adapter.dir/member_function_with_type_adapter.cpp.o[0m
[62.115s] [ 83%] [32m[1mLinking CXX executable publisher_member_function_with_type_adapter[0m
[62.448s] [ 83%] Built target publisher_member_function_with_type_adapter
[62.477s] [ 91%] [32mBuilding CXX object CMakeFiles/publisher_member_function.dir/member_function.cpp.o[0m
[72.291s] [100%] [32m[1mLinking CXX executable publisher_member_function[0m
[72.799s] [100%] Built target publisher_member_function
[72.854s] Invoked command in '/home/ros/ros2_ws/build/examples_rclcpp_minimal_publisher' returned '0': CMAKE_PREFIX_PATH=/opt/ros/humble /usr/bin/cmake --build /home/ros/ros2_ws/build/examples_rclcpp_minimal_publisher -- -j4 -l4
[73.268s] Invoking command in '/home/ros/ros2_ws/build/examples_rclcpp_minimal_publisher': CMAKE_PREFIX_PATH=/opt/ros/humble /usr/bin/cmake --install /home/ros/ros2_ws/build/examples_rclcpp_minimal_publisher
[73.304s] -- Install configuration: ""
[73.307s] -- Execute custom install script
[73.313s] -- Symlinking: /home/ros/ros2_ws/install/examples_rclcpp_minimal_publisher/lib/examples_rclcpp_minimal_publisher/publisher_lambda
[73.370s] -- Symlinking: /home/ros/ros2_ws/install/examples_rclcpp_minimal_publisher/lib/examples_rclcpp_minimal_publisher/publisher_member_function
[73.439s] -- Symlinking: /home/ros/ros2_ws/install/examples_rclcpp_minimal_publisher/lib/examples_rclcpp_minimal_publisher/publisher_member_function_with_type_adapter
[73.470s] -- Symlinking: /home/ros/ros2_ws/install/examples_rclcpp_minimal_publisher/lib/examples_rclcpp_minimal_publisher/publisher_member_function_with_unique_network_flow_endpoints
[73.488s] -- Symlinking: /home/ros/ros2_ws/install/examples_rclcpp_minimal_publisher/lib/examples_rclcpp_minimal_publisher/publisher_wait_for_all_acked
[73.528s] -- Symlinking: /home/ros/ros2_ws/install/examples_rclcpp_minimal_publisher/lib/examples_rclcpp_minimal_publisher/publisher_not_composable
[73.553s] -- Symlinking: /home/ros/ros2_ws/install/examples_rclcpp_minimal_publisher/share/ament_index/resource_index/package_run_dependencies/examples_rclcpp_minimal_publisher
[73.570s] -- Symlinking: /home/ros/ros2_ws/install/examples_rclcpp_minimal_publisher/share/ament_index/resource_index/parent_prefix_path/examples_rclcpp_minimal_publisher
[73.587s] -- Symlinking: /home/ros/ros2_ws/install/examples_rclcpp_minimal_publisher/share/examples_rclcpp_minimal_publisher/environment/ament_prefix_path.sh
[73.621s] -- Symlinking: /home/ros/ros2_ws/install/examples_rclcpp_minimal_publisher/share/examples_rclcpp_minimal_publisher/environment/ament_prefix_path.dsv
[73.678s] -- Symlinking: /home/ros/ros2_ws/install/examples_rclcpp_minimal_publisher/share/examples_rclcpp_minimal_publisher/environment/path.sh
[73.699s] -- Symlinking: /home/ros/ros2_ws/install/examples_rclcpp_minimal_publisher/share/examples_rclcpp_minimal_publisher/environment/path.dsv
[73.770s] -- Symlinking: /home/ros/ros2_ws/install/examples_rclcpp_minimal_publisher/share/examples_rclcpp_minimal_publisher/local_setup.bash
[73.800s] -- Symlinking: /home/ros/ros2_ws/install/examples_rclcpp_minimal_publisher/share/examples_rclcpp_minimal_publisher/local_setup.sh
[73.822s] -- Symlinking: /home/ros/ros2_ws/install/examples_rclcpp_minimal_publisher/share/examples_rclcpp_minimal_publisher/local_setup.zsh
[73.831s] -- Symlinking: /home/ros/ros2_ws/install/examples_rclcpp_minimal_publisher/share/examples_rclcpp_minimal_publisher/local_setup.dsv
[73.855s] -- Symlinking: /home/ros/ros2_ws/install/examples_rclcpp_minimal_publisher/share/examples_rclcpp_minimal_publisher/package.dsv
[73.869s] -- Symlinking: /home/ros/ros2_ws/install/examples_rclcpp_minimal_publisher/share/ament_index/resource_index/packages/examples_rclcpp_minimal_publisher
[73.882s] -- Symlinking: /home/ros/ros2_ws/install/examples_rclcpp_minimal_publisher/share/examples_rclcpp_minimal_publisher/cmake/examples_rclcpp_minimal_publisherConfig.cmake
[73.896s] -- Symlinking: /home/ros/ros2_ws/install/examples_rclcpp_minimal_publisher/share/examples_rclcpp_minimal_publisher/cmake/examples_rclcpp_minimal_publisherConfig-version.cmake
[73.916s] -- Symlinking: /home/ros/ros2_ws/install/examples_rclcpp_minimal_publisher/share/examples_rclcpp_minimal_publisher/package.xml
[73.939s] Invoked command in '/home/ros/ros2_ws/build/examples_rclcpp_minimal_publisher' returned '0': CMAKE_PREFIX_PATH=/opt/ros/humble /usr/bin/cmake --install /home/ros/ros2_ws/build/examples_rclcpp_minimal_publisher
