[1.566s] Invoking command in '/home/ros/ros2_ws/build/examples_rclpy_minimal_publisher': PYTHONPATH=/home/ros/ros2_ws/build/examples_rclpy_minimal_publisher/prefix_override:/home/ros/ros2_ws/install/examples_rclpy_minimal_publisher/lib/python3.10/site-packages:${PYTHONPATH} /usr/bin/python3 setup.py develop --uninstall --editable --build-directory /home/ros/ros2_ws/build/examples_rclpy_minimal_publisher/build
[2.017s] running develop
[2.018s] /usr/lib/python3/dist-packages/setuptools/command/easy_install.py:158: EasyInstallDeprecationWarning: easy_install command is deprecated. Use build and pip and other standards-based tools.
[2.018s]   warnings.warn(
[2.020s] /usr/lib/python3/dist-packages/setuptools/command/install.py:34: SetuptoolsDeprecationWarning: setup.py install is deprecated. Use build and pip and other standards-based tools.
[2.020s]   warnings.warn(
[2.132s] /usr/lib/python3/dist-packages/pkg_resources/__init__.py:116: PkgResourcesDeprecationWarning: 1.1build1 is an invalid version and will not be supported in a future release
[2.133s]   warnings.warn(
[2.133s] /usr/lib/python3/dist-packages/pkg_resources/__init__.py:116: PkgResourcesDeprecationWarning: 0.1.43ubuntu1 is an invalid version and will not be supported in a future release
[2.133s]   warnings.warn(
[2.328s] Removing /home/ros/ros2_ws/install/examples_rclpy_minimal_publisher/lib/python3.10/site-packages/examples-rclpy-minimal-publisher.egg-link (link to .)
[2.569s] Invoked command in '/home/ros/ros2_ws/build/examples_rclpy_minimal_publisher' returned '0': PYTHONPATH=/home/ros/ros2_ws/build/examples_rclpy_minimal_publisher/prefix_override:/home/ros/ros2_ws/install/examples_rclpy_minimal_publisher/lib/python3.10/site-packages:${PYTHONPATH} /usr/bin/python3 setup.py develop --uninstall --editable --build-directory /home/ros/ros2_ws/build/examples_rclpy_minimal_publisher/build
[2.570s] Invoking command in '/home/ros/ros2_ws/src/examples/rclpy/topics/minimal_publisher': PYTHONPATH=/home/ros/ros2_ws/build/examples_rclpy_minimal_publisher/prefix_override:/home/ros/ros2_ws/install/examples_rclpy_minimal_publisher/lib/python3.10/site-packages:${PYTHONPATH} /usr/bin/python3 setup.py egg_info --egg-base ../../../../../build/examples_rclpy_minimal_publisher build --build-base /home/ros/ros2_ws/build/examples_rclpy_minimal_publisher/build install --record /home/ros/ros2_ws/build/examples_rclpy_minimal_publisher/install.log --single-version-externally-managed
[2.945s] running egg_info
[2.946s] writing ../../../../../build/examples_rclpy_minimal_publisher/examples_rclpy_minimal_publisher.egg-info/PKG-INFO
[2.947s] writing dependency_links to ../../../../../build/examples_rclpy_minimal_publisher/examples_rclpy_minimal_publisher.egg-info/dependency_links.txt
[2.947s] writing entry points to ../../../../../build/examples_rclpy_minimal_publisher/examples_rclpy_minimal_publisher.egg-info/entry_points.txt
[2.948s] writing requirements to ../../../../../build/examples_rclpy_minimal_publisher/examples_rclpy_minimal_publisher.egg-info/requires.txt
[2.948s] writing top-level names to ../../../../../build/examples_rclpy_minimal_publisher/examples_rclpy_minimal_publisher.egg-info/top_level.txt
[2.951s] reading manifest file '../../../../../build/examples_rclpy_minimal_publisher/examples_rclpy_minimal_publisher.egg-info/SOURCES.txt'
[2.953s] writing manifest file '../../../../../build/examples_rclpy_minimal_publisher/examples_rclpy_minimal_publisher.egg-info/SOURCES.txt'
[2.954s] running build
[2.954s] running build_py
[2.954s] creating /home/ros/ros2_ws/build/examples_rclpy_minimal_publisher/build
[2.954s] creating /home/ros/ros2_ws/build/examples_rclpy_minimal_publisher/build/lib
[2.955s] creating /home/ros/ros2_ws/build/examples_rclpy_minimal_publisher/build/lib/examples_rclpy_minimal_publisher
[2.955s] copying examples_rclpy_minimal_publisher/__init__.py -> /home/ros/ros2_ws/build/examples_rclpy_minimal_publisher/build/lib/examples_rclpy_minimal_publisher
[2.955s] copying examples_rclpy_minimal_publisher/publisher_member_function.py -> /home/ros/ros2_ws/build/examples_rclpy_minimal_publisher/build/lib/examples_rclpy_minimal_publisher
[2.955s] copying examples_rclpy_minimal_publisher/publisher_old_school.py -> /home/ros/ros2_ws/build/examples_rclpy_minimal_publisher/build/lib/examples_rclpy_minimal_publisher
[2.955s] copying examples_rclpy_minimal_publisher/publisher_local_function.py -> /home/ros/ros2_ws/build/examples_rclpy_minimal_publisher/build/lib/examples_rclpy_minimal_publisher
[2.957s] running install
[2.957s] /usr/lib/python3/dist-packages/setuptools/command/install.py:34: SetuptoolsDeprecationWarning: setup.py install is deprecated. Use build and pip and other standards-based tools.
[2.957s]   warnings.warn(
[2.958s] running install_lib
[2.960s] creating /home/ros/ros2_ws/install/examples_rclpy_minimal_publisher/lib/python3.10/site-packages/examples_rclpy_minimal_publisher
[2.960s] copying /home/ros/ros2_ws/build/examples_rclpy_minimal_publisher/build/lib/examples_rclpy_minimal_publisher/__init__.py -> /home/ros/ros2_ws/install/examples_rclpy_minimal_publisher/lib/python3.10/site-packages/examples_rclpy_minimal_publisher
[2.961s] copying /home/ros/ros2_ws/build/examples_rclpy_minimal_publisher/build/lib/examples_rclpy_minimal_publisher/publisher_member_function.py -> /home/ros/ros2_ws/install/examples_rclpy_minimal_publisher/lib/python3.10/site-packages/examples_rclpy_minimal_publisher
[2.961s] copying /home/ros/ros2_ws/build/examples_rclpy_minimal_publisher/build/lib/examples_rclpy_minimal_publisher/publisher_old_school.py -> /home/ros/ros2_ws/install/examples_rclpy_minimal_publisher/lib/python3.10/site-packages/examples_rclpy_minimal_publisher
[2.961s] copying /home/ros/ros2_ws/build/examples_rclpy_minimal_publisher/build/lib/examples_rclpy_minimal_publisher/publisher_local_function.py -> /home/ros/ros2_ws/install/examples_rclpy_minimal_publisher/lib/python3.10/site-packages/examples_rclpy_minimal_publisher
[2.964s] byte-compiling /home/ros/ros2_ws/install/examples_rclpy_minimal_publisher/lib/python3.10/site-packages/examples_rclpy_minimal_publisher/__init__.py to __init__.cpython-310.pyc
[2.964s] byte-compiling /home/ros/ros2_ws/install/examples_rclpy_minimal_publisher/lib/python3.10/site-packages/examples_rclpy_minimal_publisher/publisher_member_function.py to publisher_member_function.cpython-310.pyc
[2.964s] byte-compiling /home/ros/ros2_ws/install/examples_rclpy_minimal_publisher/lib/python3.10/site-packages/examples_rclpy_minimal_publisher/publisher_old_school.py to publisher_old_school.cpython-310.pyc
[2.965s] byte-compiling /home/ros/ros2_ws/install/examples_rclpy_minimal_publisher/lib/python3.10/site-packages/examples_rclpy_minimal_publisher/publisher_local_function.py to publisher_local_function.cpython-310.pyc
[2.965s] running install_data
[2.966s] running install_egg_info
[2.973s] Copying ../../../../../build/examples_rclpy_minimal_publisher/examples_rclpy_minimal_publisher.egg-info to /home/ros/ros2_ws/install/examples_rclpy_minimal_publisher/lib/python3.10/site-packages/examples_rclpy_minimal_publisher-0.15.1-py3.10.egg-info
[2.980s] running install_scripts
[3.012s] Installing publisher_local_function script to /home/ros/ros2_ws/install/examples_rclpy_minimal_publisher/lib/examples_rclpy_minimal_publisher
[3.013s] Installing publisher_member_function script to /home/ros/ros2_ws/install/examples_rclpy_minimal_publisher/lib/examples_rclpy_minimal_publisher
[3.013s] Installing publisher_old_school script to /home/ros/ros2_ws/install/examples_rclpy_minimal_publisher/lib/examples_rclpy_minimal_publisher
[3.014s] writing list of installed files to '/home/ros/ros2_ws/build/examples_rclpy_minimal_publisher/install.log'
[3.056s] Invoked command in '/home/ros/ros2_ws/src/examples/rclpy/topics/minimal_publisher' returned '0': PYTHONPATH=/home/ros/ros2_ws/build/examples_rclpy_minimal_publisher/prefix_override:/home/ros/ros2_ws/install/examples_rclpy_minimal_publisher/lib/python3.10/site-packages:${PYTHONPATH} /usr/bin/python3 setup.py egg_info --egg-base ../../../../../build/examples_rclpy_minimal_publisher build --build-base /home/ros/ros2_ws/build/examples_rclpy_minimal_publisher/build install --record /home/ros/ros2_ws/build/examples_rclpy_minimal_publisher/install.log --single-version-externally-managed
