[1.025s] Invoking command in '/home/ros/ros2_ws/build/examples_rclpy_minimal_client': PYTHONPATH=/home/ros/ros2_ws/build/examples_rclpy_minimal_client/prefix_override:/home/ros/ros2_ws/install/examples_rclpy_minimal_client/lib/python3.10/site-packages:${PYTHONPATH} /usr/bin/python3 setup.py develop --editable --build-directory /home/ros/ros2_ws/build/examples_rclpy_minimal_client/build --no-deps install_data
[1.521s] running develop
[1.522s] /usr/lib/python3/dist-packages/setuptools/command/easy_install.py:158: EasyInstallDeprecationWarning: easy_install command is deprecated. Use build and pip and other standards-based tools.
[1.522s]   warnings.warn(
[1.525s] /usr/lib/python3/dist-packages/setuptools/command/install.py:34: SetuptoolsDeprecationWarning: setup.py install is deprecated. Use build and pip and other standards-based tools.
[1.525s]   warnings.warn(
[1.626s] /usr/lib/python3/dist-packages/pkg_resources/__init__.py:116: PkgResourcesDeprecationWarning: 1.1build1 is an invalid version and will not be supported in a future release
[1.626s]   warnings.warn(
[1.626s] /usr/lib/python3/dist-packages/pkg_resources/__init__.py:116: PkgResourcesDeprecationWarning: 0.1.43ubuntu1 is an invalid version and will not be supported in a future release
[1.626s]   warnings.warn(
[1.796s] running egg_info
[1.796s] creating examples_rclpy_minimal_client.egg-info
[1.796s] writing examples_rclpy_minimal_client.egg-info/PKG-INFO
[1.797s] writing dependency_links to examples_rclpy_minimal_client.egg-info/dependency_links.txt
[1.797s] writing entry points to examples_rclpy_minimal_client.egg-info/entry_points.txt
[1.797s] writing requirements to examples_rclpy_minimal_client.egg-info/requires.txt
[1.798s] writing top-level names to examples_rclpy_minimal_client.egg-info/top_level.txt
[1.798s] writing manifest file 'examples_rclpy_minimal_client.egg-info/SOURCES.txt'
[1.801s] reading manifest file 'examples_rclpy_minimal_client.egg-info/SOURCES.txt'
[1.802s] writing manifest file 'examples_rclpy_minimal_client.egg-info/SOURCES.txt'
[1.804s] running build_ext
[1.804s] Creating /home/ros/ros2_ws/install/examples_rclpy_minimal_client/lib/python3.10/site-packages/examples-rclpy-minimal-client.egg-link (link to .)
[1.805s] Installing client script to /home/ros/ros2_ws/install/examples_rclpy_minimal_client/lib/examples_rclpy_minimal_client
[1.806s] Installing client_async script to /home/ros/ros2_ws/install/examples_rclpy_minimal_client/lib/examples_rclpy_minimal_client
[1.806s] Installing client_async_callback script to /home/ros/ros2_ws/install/examples_rclpy_minimal_client/lib/examples_rclpy_minimal_client
[1.806s] Installing client_async_member_function script to /home/ros/ros2_ws/install/examples_rclpy_minimal_client/lib/examples_rclpy_minimal_client
[1.807s] 
[1.807s] Installed /home/ros/ros2_ws/build/examples_rclpy_minimal_client
[1.808s] running install_data
[1.809s] creating /home/ros/ros2_ws/install/examples_rclpy_minimal_client/share/ament_index
[1.809s] creating /home/ros/ros2_ws/install/examples_rclpy_minimal_client/share/ament_index/resource_index
[1.811s] creating /home/ros/ros2_ws/install/examples_rclpy_minimal_client/share/ament_index/resource_index/packages
[1.811s] copying resource/examples_rclpy_minimal_client -> /home/ros/ros2_ws/install/examples_rclpy_minimal_client/share/ament_index/resource_index/packages
[1.812s] copying package.xml -> /home/ros/ros2_ws/install/examples_rclpy_minimal_client/share/examples_rclpy_minimal_client
[1.872s] Invoked command in '/home/ros/ros2_ws/build/examples_rclpy_minimal_client' returned '0': PYTHONPATH=/home/ros/ros2_ws/build/examples_rclpy_minimal_client/prefix_override:/home/ros/ros2_ws/install/examples_rclpy_minimal_client/lib/python3.10/site-packages:${PYTHONPATH} /usr/bin/python3 setup.py develop --editable --build-directory /home/ros/ros2_ws/build/examples_rclpy_minimal_client/build --no-deps install_data
