[0.035s] Invoking command in '/home/ros/ros2_ws/build/merge_arrays': CMAKE_PREFIX_PATH=${CMAKE_PREFIX_PATH}:/home/ros/ros2_ws/install/launch_testing_examples:/home/ros/ros2_ws/install/examples_rclpy_pointcloud_publisher:/home/ros/ros2_ws/install/examples_rclpy_minimal_subscriber:/home/ros/ros2_ws/install/examples_rclpy_minimal_service:/home/ros/ros2_ws/install/examples_rclpy_minimal_publisher:/home/ros/ros2_ws/install/examples_rclpy_minimal_client:/home/ros/ros2_ws/install/examples_rclpy_minimal_action_server:/home/ros/ros2_ws/install/examples_rclpy_minimal_action_client:/home/ros/ros2_ws/install/examples_rclpy_guard_conditions:/home/ros/ros2_ws/install/examples_rclpy_executors:/opt/ros/humble /usr/bin/cmake --build /home/ros/ros2_ws/build/merge_arrays -- -j4 -l4
[0.108s] [35m[1mConsolidate compiler generated dependencies of target merge_arrays_node[0m
[0.131s] [ 50%] Built target listener
[0.137s] [100%] Built target merge_arrays_node
[0.162s] Invoked command in '/home/ros/ros2_ws/build/merge_arrays' returned '0': CMAKE_PREFIX_PATH=${CMAKE_PREFIX_PATH}:/home/ros/ros2_ws/install/launch_testing_examples:/home/ros/ros2_ws/install/examples_rclpy_pointcloud_publisher:/home/ros/ros2_ws/install/examples_rclpy_minimal_subscriber:/home/ros/ros2_ws/install/examples_rclpy_minimal_service:/home/ros/ros2_ws/install/examples_rclpy_minimal_publisher:/home/ros/ros2_ws/install/examples_rclpy_minimal_client:/home/ros/ros2_ws/install/examples_rclpy_minimal_action_server:/home/ros/ros2_ws/install/examples_rclpy_minimal_action_client:/home/ros/ros2_ws/install/examples_rclpy_guard_conditions:/home/ros/ros2_ws/install/examples_rclpy_executors:/opt/ros/humble /usr/bin/cmake --build /home/ros/ros2_ws/build/merge_arrays -- -j4 -l4
[0.243s] Invoking command in '/home/ros/ros2_ws/build/merge_arrays': CMAKE_PREFIX_PATH=${CMAKE_PREFIX_PATH}:/home/ros/ros2_ws/install/launch_testing_examples:/home/ros/ros2_ws/install/examples_rclpy_pointcloud_publisher:/home/ros/ros2_ws/install/examples_rclpy_minimal_subscriber:/home/ros/ros2_ws/install/examples_rclpy_minimal_service:/home/ros/ros2_ws/install/examples_rclpy_minimal_publisher:/home/ros/ros2_ws/install/examples_rclpy_minimal_client:/home/ros/ros2_ws/install/examples_rclpy_minimal_action_server:/home/ros/ros2_ws/install/examples_rclpy_minimal_action_client:/home/ros/ros2_ws/install/examples_rclpy_guard_conditions:/home/ros/ros2_ws/install/examples_rclpy_executors:/opt/ros/humble /usr/bin/cmake --install /home/ros/ros2_ws/build/merge_arrays
[0.253s] -- Install configuration: ""
[0.253s] -- Up-to-date: /home/ros/ros2_ws/install/merge_arrays/lib/merge_arrays/merge_arrays_node
[0.254s] -- Up-to-date: /home/ros/ros2_ws/install/merge_arrays/lib/merge_arrays/listener
[0.254s] -- Up-to-date: /home/ros/ros2_ws/install/merge_arrays/share/ament_index/resource_index/package_run_dependencies/merge_arrays
[0.255s] -- Up-to-date: /home/ros/ros2_ws/install/merge_arrays/share/ament_index/resource_index/parent_prefix_path/merge_arrays
[0.258s] -- Up-to-date: /home/ros/ros2_ws/install/merge_arrays/share/merge_arrays/environment/ament_prefix_path.sh
[0.259s] -- Up-to-date: /home/ros/ros2_ws/install/merge_arrays/share/merge_arrays/environment/ament_prefix_path.dsv
[0.259s] -- Up-to-date: /home/ros/ros2_ws/install/merge_arrays/share/merge_arrays/environment/path.sh
[0.259s] -- Up-to-date: /home/ros/ros2_ws/install/merge_arrays/share/merge_arrays/environment/path.dsv
[0.259s] -- Up-to-date: /home/ros/ros2_ws/install/merge_arrays/share/merge_arrays/local_setup.bash
[0.260s] -- Up-to-date: /home/ros/ros2_ws/install/merge_arrays/share/merge_arrays/local_setup.sh
[0.260s] -- Up-to-date: /home/ros/ros2_ws/install/merge_arrays/share/merge_arrays/local_setup.zsh
[0.260s] -- Up-to-date: /home/ros/ros2_ws/install/merge_arrays/share/merge_arrays/local_setup.dsv
[0.260s] -- Installing: /home/ros/ros2_ws/install/merge_arrays/share/merge_arrays/package.dsv
[0.260s] -- Up-to-date: /home/ros/ros2_ws/install/merge_arrays/share/ament_index/resource_index/packages/merge_arrays
[0.262s] -- Up-to-date: /home/ros/ros2_ws/install/merge_arrays/share/merge_arrays/cmake/merge_arraysConfig.cmake
[0.263s] -- Up-to-date: /home/ros/ros2_ws/install/merge_arrays/share/merge_arrays/cmake/merge_arraysConfig-version.cmake
[0.263s] -- Up-to-date: /home/ros/ros2_ws/install/merge_arrays/share/merge_arrays/package.xml
[0.266s] Invoked command in '/home/ros/ros2_ws/build/merge_arrays' returned '0': CMAKE_PREFIX_PATH=${CMAKE_PREFIX_PATH}:/home/ros/ros2_ws/install/launch_testing_examples:/home/ros/ros2_ws/install/examples_rclpy_pointcloud_publisher:/home/ros/ros2_ws/install/examples_rclpy_minimal_subscriber:/home/ros/ros2_ws/install/examples_rclpy_minimal_service:/home/ros/ros2_ws/install/examples_rclpy_minimal_publisher:/home/ros/ros2_ws/install/examples_rclpy_minimal_client:/home/ros/ros2_ws/install/examples_rclpy_minimal_action_server:/home/ros/ros2_ws/install/examples_rclpy_minimal_action_client:/home/ros/ros2_ws/install/examples_rclpy_guard_conditions:/home/ros/ros2_ws/install/examples_rclpy_executors:/opt/ros/humble /usr/bin/cmake --install /home/ros/ros2_ws/build/merge_arrays
