[0.063s] Invoking command in '/home/ros/ros2_ws/build/examples_rclcpp_minimal_action_client': CMAKE_PREFIX_PATH=/opt/ros/humble /usr/bin/cmake /home/ros/ros2_ws/src/examples/rclcpp/actions/minimal_action_client -DAMENT_CMAKE_SYMLINK_INSTALL=1 -DCMAKE_INSTALL_PREFIX=/home/ros/ros2_ws/install/examples_rclcpp_minimal_action_client
[0.379s] -- The C compiler identification is GNU 11.3.0
[0.618s] -- The CXX compiler identification is GNU 11.3.0
[0.636s] -- Detecting C compiler ABI info
[0.787s] -- Detecting C compiler ABI info - done
[0.802s] -- Check for working C compiler: /usr/bin/cc - skipped
[0.805s] -- Detecting C compile features
[0.806s] -- Detecting C compile features - done
[0.815s] -- Detecting CXX compiler ABI info
[1.005s] -- Detecting CXX compiler ABI info - done
[1.053s] -- Check for working CXX compiler: /usr/bin/c++ - skipped
[1.055s] -- Detecting CXX compile features
[1.062s] -- Detecting CXX compile features - done
[1.074s] -- Found ament_cmake: 1.3.3 (/opt/ros/humble/share/ament_cmake/cmake)
[1.468s] -- Found Python3: /usr/bin/python3.10 (found version "3.10.6") found components: Interpreter 
[1.585s] -- Override CMake install command with custom implementation using symlinks instead of copying resources
[1.607s] -- Found example_interfaces: 0.9.3 (/opt/ros/humble/share/example_interfaces/cmake)
[1.669s] -- Found rosidl_generator_c: 3.1.4 (/opt/ros/humble/share/rosidl_generator_c/cmake)
[1.679s] -- Found rosidl_adapter: 3.1.4 (/opt/ros/humble/share/rosidl_adapter/cmake)
[1.698s] -- Found rosidl_generator_cpp: 3.1.4 (/opt/ros/humble/share/rosidl_generator_cpp/cmake)
[1.719s] -- Using all available rosidl_typesupport_c: rosidl_typesupport_fastrtps_c;rosidl_typesupport_introspection_c
[1.757s] -- Using all available rosidl_typesupport_cpp: rosidl_typesupport_fastrtps_cpp;rosidl_typesupport_introspection_cpp
[2.118s] -- Found rclcpp: 16.0.3 (/opt/ros/humble/share/rclcpp/cmake)
[2.241s] -- Found rmw_implementation_cmake: 6.1.1 (/opt/ros/humble/share/rmw_implementation_cmake/cmake)
[2.245s] -- Found rmw_fastrtps_cpp: 6.2.2 (/opt/ros/humble/share/rmw_fastrtps_cpp/cmake)
[2.730s] -- Found OpenSSL: /usr/lib/x86_64-linux-gnu/libcrypto.so (found version "3.0.2")  
[2.833s] -- Found FastRTPS: /opt/ros/humble/include  
[2.924s] -- Using RMW implementation 'rmw_fastrtps_cpp' as default
[2.948s] -- Looking for pthread.h
[3.187s] -- Looking for pthread.h - found
[3.187s] -- Performing Test CMAKE_HAVE_LIBC_PTHREAD
[3.356s] -- Performing Test CMAKE_HAVE_LIBC_PTHREAD - Success
[3.358s] -- Found Threads: TRUE  
[3.681s] -- Found rclcpp_action: 16.0.3 (/opt/ros/humble/share/rclcpp_action/cmake)
[3.880s] -- Found ament_lint_auto: 0.12.5 (/opt/ros/humble/share/ament_lint_auto/cmake)
[4.224s] -- Added test 'copyright' to check source files copyright and LICENSE
[4.233s] -- Added test 'cppcheck' to perform static code analysis on C / C++ code
[4.233s] -- Configured cppcheck include dirs: 
[4.233s] -- Configured cppcheck exclude dirs and/or files: 
[4.234s] -- Added test 'cpplint' to check C / C++ code against the Google style
[4.234s] -- Configured cpplint exclude dirs and/or files: 
[4.235s] -- Added test 'lint_cmake' to check CMake code style
[4.236s] -- Added test 'uncrustify' to check C / C++ code style
[4.237s] -- Configured uncrustify additional arguments: 
[4.237s] -- Added test 'xmllint' to check XML markup files
[4.252s] -- Configuring done
[4.342s] -- Generating done
[4.346s] -- Build files have been written to: /home/ros/ros2_ws/build/examples_rclcpp_minimal_action_client
[4.399s] Invoked command in '/home/ros/ros2_ws/build/examples_rclcpp_minimal_action_client' returned '0': CMAKE_PREFIX_PATH=/opt/ros/humble /usr/bin/cmake /home/ros/ros2_ws/src/examples/rclcpp/actions/minimal_action_client -DAMENT_CMAKE_SYMLINK_INSTALL=1 -DCMAKE_INSTALL_PREFIX=/home/ros/ros2_ws/install/examples_rclcpp_minimal_action_client
[4.413s] Invoking command in '/home/ros/ros2_ws/build/examples_rclcpp_minimal_action_client': CMAKE_PREFIX_PATH=/opt/ros/humble /usr/bin/cmake --build /home/ros/ros2_ws/build/examples_rclcpp_minimal_action_client -- -j4 -l4
[4.782s] [ 12%] [32mBuilding CXX object CMakeFiles/action_client_member_functions.dir/member_functions.cpp.o[0m
[4.794s] [ 25%] [32mBuilding CXX object CMakeFiles/action_client_not_composable_with_cancel.dir/not_composable_with_cancel.cpp.o[0m
[4.794s] [ 37%] [32mBuilding CXX object CMakeFiles/action_client_not_composable.dir/not_composable.cpp.o[0m
[4.823s] [ 50%] [32mBuilding CXX object CMakeFiles/action_client_not_composable_with_feedback.dir/not_composable_with_feedback.cpp.o[0m
[34.518s] [ 62%] [32m[1mLinking CXX executable action_client_not_composable_with_feedback[0m
[35.606s] [ 62%] Built target action_client_not_composable_with_feedback
[36.175s] [ 75%] [32m[1mLinking CXX executable action_client_not_composable[0m
[37.271s] [ 75%] Built target action_client_not_composable
[38.047s] [ 87%] [32m[1mLinking CXX executable action_client_not_composable_with_cancel[0m
[38.146s] [100%] [32m[1mLinking CXX executable action_client_member_functions[0m
[38.792s] [100%] Built target action_client_member_functions
[38.925s] [100%] Built target action_client_not_composable_with_cancel
[38.964s] Invoked command in '/home/ros/ros2_ws/build/examples_rclcpp_minimal_action_client' returned '0': CMAKE_PREFIX_PATH=/opt/ros/humble /usr/bin/cmake --build /home/ros/ros2_ws/build/examples_rclcpp_minimal_action_client -- -j4 -l4
[39.338s] Invoking command in '/home/ros/ros2_ws/build/examples_rclcpp_minimal_action_client': CMAKE_PREFIX_PATH=/opt/ros/humble /usr/bin/cmake --install /home/ros/ros2_ws/build/examples_rclcpp_minimal_action_client
[39.366s] -- Install configuration: ""
[39.367s] -- Execute custom install script
[39.368s] -- Symlinking: /home/ros/ros2_ws/install/examples_rclcpp_minimal_action_client/lib/examples_rclcpp_minimal_action_client/action_client_member_functions
[39.466s] -- Symlinking: /home/ros/ros2_ws/install/examples_rclcpp_minimal_action_client/lib/examples_rclcpp_minimal_action_client/action_client_not_composable
[39.475s] -- Symlinking: /home/ros/ros2_ws/install/examples_rclcpp_minimal_action_client/lib/examples_rclcpp_minimal_action_client/action_client_not_composable_with_cancel
[39.513s] -- Symlinking: /home/ros/ros2_ws/install/examples_rclcpp_minimal_action_client/lib/examples_rclcpp_minimal_action_client/action_client_not_composable_with_feedback
[39.551s] -- Symlinking: /home/ros/ros2_ws/install/examples_rclcpp_minimal_action_client/share/ament_index/resource_index/package_run_dependencies/examples_rclcpp_minimal_action_client
[39.587s] -- Symlinking: /home/ros/ros2_ws/install/examples_rclcpp_minimal_action_client/share/ament_index/resource_index/parent_prefix_path/examples_rclcpp_minimal_action_client
[39.617s] -- Symlinking: /home/ros/ros2_ws/install/examples_rclcpp_minimal_action_client/share/examples_rclcpp_minimal_action_client/environment/ament_prefix_path.sh
[39.658s] -- Symlinking: /home/ros/ros2_ws/install/examples_rclcpp_minimal_action_client/share/examples_rclcpp_minimal_action_client/environment/ament_prefix_path.dsv
[39.678s] -- Symlinking: /home/ros/ros2_ws/install/examples_rclcpp_minimal_action_client/share/examples_rclcpp_minimal_action_client/environment/path.sh
[39.738s] -- Symlinking: /home/ros/ros2_ws/install/examples_rclcpp_minimal_action_client/share/examples_rclcpp_minimal_action_client/environment/path.dsv
[39.788s] -- Symlinking: /home/ros/ros2_ws/install/examples_rclcpp_minimal_action_client/share/examples_rclcpp_minimal_action_client/local_setup.bash
[39.805s] -- Symlinking: /home/ros/ros2_ws/install/examples_rclcpp_minimal_action_client/share/examples_rclcpp_minimal_action_client/local_setup.sh
[39.847s] -- Symlinking: /home/ros/ros2_ws/install/examples_rclcpp_minimal_action_client/share/examples_rclcpp_minimal_action_client/local_setup.zsh
[39.882s] -- Symlinking: /home/ros/ros2_ws/install/examples_rclcpp_minimal_action_client/share/examples_rclcpp_minimal_action_client/local_setup.dsv
[39.919s] -- Symlinking: /home/ros/ros2_ws/install/examples_rclcpp_minimal_action_client/share/examples_rclcpp_minimal_action_client/package.dsv
[39.926s] -- Symlinking: /home/ros/ros2_ws/install/examples_rclcpp_minimal_action_client/share/ament_index/resource_index/packages/examples_rclcpp_minimal_action_client
[39.945s] -- Symlinking: /home/ros/ros2_ws/install/examples_rclcpp_minimal_action_client/share/examples_rclcpp_minimal_action_client/cmake/examples_rclcpp_minimal_action_clientConfig.cmake
[39.975s] -- Symlinking: /home/ros/ros2_ws/install/examples_rclcpp_minimal_action_client/share/examples_rclcpp_minimal_action_client/cmake/examples_rclcpp_minimal_action_clientConfig-version.cmake
[40.015s] -- Symlinking: /home/ros/ros2_ws/install/examples_rclcpp_minimal_action_client/share/examples_rclcpp_minimal_action_client/package.xml
[40.075s] Invoked command in '/home/ros/ros2_ws/build/examples_rclcpp_minimal_action_client' returned '0': CMAKE_PREFIX_PATH=/opt/ros/humble /usr/bin/cmake --install /home/ros/ros2_ws/build/examples_rclcpp_minimal_action_client
