[2.725s] Invoking command in '/home/ros/ros2_ws/build/examples_rclpy_minimal_client': PYTHONPATH=/home/ros/ros2_ws/build/examples_rclpy_minimal_client/prefix_override:/home/ros/ros2_ws/install/examples_rclpy_minimal_client/lib/python3.10/site-packages:${PYTHONPATH} /usr/bin/python3 setup.py develop --uninstall --editable --build-directory /home/ros/ros2_ws/build/examples_rclpy_minimal_client/build
[3.986s] running develop
[3.986s] /usr/lib/python3/dist-packages/setuptools/command/easy_install.py:158: EasyInstallDeprecationWarning: easy_install command is deprecated. Use build and pip and other standards-based tools.
[3.987s]   warnings.warn(
[3.988s] /usr/lib/python3/dist-packages/setuptools/command/install.py:34: SetuptoolsDeprecationWarning: setup.py install is deprecated. Use build and pip and other standards-based tools.
[3.988s]   warnings.warn(
[4.193s] /usr/lib/python3/dist-packages/pkg_resources/__init__.py:116: PkgResourcesDeprecationWarning: 1.1build1 is an invalid version and will not be supported in a future release
[4.194s]   warnings.warn(
[4.194s] /usr/lib/python3/dist-packages/pkg_resources/__init__.py:116: PkgResourcesDeprecationWarning: 0.1.43ubuntu1 is an invalid version and will not be supported in a future release
[4.194s]   warnings.warn(
[4.646s] Invoked command in '/home/ros/ros2_ws/build/examples_rclpy_minimal_client' returned '0': PYTHONPATH=/home/ros/ros2_ws/build/examples_rclpy_minimal_client/prefix_override:/home/ros/ros2_ws/install/examples_rclpy_minimal_client/lib/python3.10/site-packages:${PYTHONPATH} /usr/bin/python3 setup.py develop --uninstall --editable --build-directory /home/ros/ros2_ws/build/examples_rclpy_minimal_client/build
[4.667s] Invoking command in '/home/ros/ros2_ws/src/examples/rclpy/services/minimal_client': PYTHONPATH=/home/ros/ros2_ws/build/examples_rclpy_minimal_client/prefix_override:/home/ros/ros2_ws/install/examples_rclpy_minimal_client/lib/python3.10/site-packages:${PYTHONPATH} /usr/bin/python3 setup.py egg_info --egg-base ../../../../../build/examples_rclpy_minimal_client build --build-base /home/ros/ros2_ws/build/examples_rclpy_minimal_client/build install --record /home/ros/ros2_ws/build/examples_rclpy_minimal_client/install.log --single-version-externally-managed
[5.364s] running egg_info
[5.365s] writing ../../../../../build/examples_rclpy_minimal_client/examples_rclpy_minimal_client.egg-info/PKG-INFO
[5.368s] writing dependency_links to ../../../../../build/examples_rclpy_minimal_client/examples_rclpy_minimal_client.egg-info/dependency_links.txt
[5.369s] writing entry points to ../../../../../build/examples_rclpy_minimal_client/examples_rclpy_minimal_client.egg-info/entry_points.txt
[5.369s] writing requirements to ../../../../../build/examples_rclpy_minimal_client/examples_rclpy_minimal_client.egg-info/requires.txt
[5.370s] writing top-level names to ../../../../../build/examples_rclpy_minimal_client/examples_rclpy_minimal_client.egg-info/top_level.txt
[5.375s] reading manifest file '../../../../../build/examples_rclpy_minimal_client/examples_rclpy_minimal_client.egg-info/SOURCES.txt'
[5.377s] writing manifest file '../../../../../build/examples_rclpy_minimal_client/examples_rclpy_minimal_client.egg-info/SOURCES.txt'
[5.378s] running build
[5.378s] running build_py
[5.382s] running install
[5.382s] /usr/lib/python3/dist-packages/setuptools/command/install.py:34: SetuptoolsDeprecationWarning: setup.py install is deprecated. Use build and pip and other standards-based tools.
[5.382s]   warnings.warn(
[5.382s] running install_lib
[5.386s] running install_data
[5.389s] running install_egg_info
[5.391s] removing '/home/ros/ros2_ws/install/examples_rclpy_minimal_client/lib/python3.10/site-packages/examples_rclpy_minimal_client-0.15.1-py3.10.egg-info' (and everything under it)
[5.392s] Copying ../../../../../build/examples_rclpy_minimal_client/examples_rclpy_minimal_client.egg-info to /home/ros/ros2_ws/install/examples_rclpy_minimal_client/lib/python3.10/site-packages/examples_rclpy_minimal_client-0.15.1-py3.10.egg-info
[5.394s] running install_scripts
[5.437s] Installing client script to /home/ros/ros2_ws/install/examples_rclpy_minimal_client/lib/examples_rclpy_minimal_client
[5.437s] Installing client_async script to /home/ros/ros2_ws/install/examples_rclpy_minimal_client/lib/examples_rclpy_minimal_client
[5.438s] Installing client_async_callback script to /home/ros/ros2_ws/install/examples_rclpy_minimal_client/lib/examples_rclpy_minimal_client
[5.438s] Installing client_async_member_function script to /home/ros/ros2_ws/install/examples_rclpy_minimal_client/lib/examples_rclpy_minimal_client
[5.440s] writing list of installed files to '/home/ros/ros2_ws/build/examples_rclpy_minimal_client/install.log'
[5.761s] Invoked command in '/home/ros/ros2_ws/src/examples/rclpy/services/minimal_client' returned '0': PYTHONPATH=/home/ros/ros2_ws/build/examples_rclpy_minimal_client/prefix_override:/home/ros/ros2_ws/install/examples_rclpy_minimal_client/lib/python3.10/site-packages:${PYTHONPATH} /usr/bin/python3 setup.py egg_info --egg-base ../../../../../build/examples_rclpy_minimal_client build --build-base /home/ros/ros2_ws/build/examples_rclpy_minimal_client/build install --record /home/ros/ros2_ws/build/examples_rclpy_minimal_client/install.log --single-version-externally-managed
