[0.041s] Invoking command in '/home/ros/ros2_ws/build/merge_arrays': CMAKE_PREFIX_PATH=${CMAKE_PREFIX_PATH}:/home/ros/ros2_ws/install/launch_testing_examples:/home/ros/ros2_ws/install/examples_rclpy_pointcloud_publisher:/home/ros/ros2_ws/install/examples_rclpy_minimal_subscriber:/home/ros/ros2_ws/install/examples_rclpy_minimal_service:/home/ros/ros2_ws/install/examples_rclpy_minimal_publisher:/home/ros/ros2_ws/install/examples_rclpy_minimal_client:/home/ros/ros2_ws/install/examples_rclpy_minimal_action_server:/home/ros/ros2_ws/install/examples_rclpy_minimal_action_client:/home/ros/ros2_ws/install/examples_rclpy_guard_conditions:/home/ros/ros2_ws/install/examples_rclpy_executors:/opt/ros/humble /usr/bin/cmake --build /home/ros/ros2_ws/build/merge_arrays -- -j4 -l4
[0.119s] [35m[1mConsolidate compiler generated dependencies of target merge_arrays_node[0m
[0.152s] [ 50%] Built target listener
[0.161s] [ 75%] [32mBuilding CXX object CMakeFiles/merge_arrays_node.dir/src/merge_arrays_node.cpp.o[0m
[0.475s] [01m[K/home/ros/ros2_ws/src/merge_arrays/src/merge_arrays_node.cpp:19:29:[m[K [01;31m[Kerror: [m[Kempty character constant
[0.475s]    19 |     std::string subscribe = [01;31m[K''[m[K;
[0.475s]       |                             [01;31m[K^~[m[K
[3.570s] [01m[K/home/ros/ros2_ws/src/merge_arrays/src/merge_arrays_node.cpp:19:29:[m[K [01;31m[Kerror: [m[Kcould not convert ‘[01m[K'\000'[m[K’ from ‘[01m[Kchar[m[K’ to ‘[01m[Kstd::string[m[K’ {aka ‘[01m[Kstd::__cxx11::basic_string<char>[m[K’}
[3.570s]    19 |     std::string subscribe = [01;31m[K''[m[K;
[3.570s]       |                             [01;31m[K^~[m[K
[3.570s]       |                             [01;31m[K|[m[K
[3.570s]       |                             [01;31m[Kchar[m[K
[3.595s] [01m[K/home/ros/ros2_ws/src/merge_arrays/src/merge_arrays_node.cpp:[m[K In member function ‘[01m[Kvoid MergeArrays::topic_callback(const String&) const[m[K’:
[3.595s] [01m[K/home/ros/ros2_ws/src/merge_arrays/src/merge_arrays_node.cpp:45:25:[m[K [01;31m[Kerror: [m[Kno match for ‘[01m[Koperator=[m[K’ (operand types are ‘[01m[Kconst string[m[K’ {aka ‘[01m[Kconst std::__cxx11::basic_string<char>[m[K’} and ‘[01m[Kconst _data_type[m[K’ {aka ‘[01m[Kconst std::__cxx11::basic_string<char>[m[K’})
[3.598s]    45 |         subscribe = msg.[01;31m[Kdata[m[K;
[3.601s]       |                         [01;31m[K^~~~[m[K
[3.601s] In file included from [01m[K/usr/include/c++/11/string:55[m[K,
[3.602s]                  from [01m[K/home/ros/ros2_ws/src/merge_arrays/src/merge_arrays_node.cpp:4[m[K:
[3.602s] [01m[K/usr/include/c++/11/bits/basic_string.h:799:8:[m[K [01;36m[Knote: [m[Kcandidate: ‘[01m[Ktemplate<class _Tp> std::__cxx11::basic_string<_CharT, _Traits, _Alloc>::_If_sv<_Tp, std::__cxx11::basic_string<_CharT, _Traits, _Alloc>&> std::__cxx11::basic_string<_CharT, _Traits, _Alloc>::operator=(const _Tp&) [with _Tp = _Tp; _CharT = char; _Traits = std::char_traits<char>; _Alloc = std::allocator<char>][m[K’
[3.602s]   799 |        [01;36m[Koperator[m[K=(const _Tp& __svt)
[3.602s]       |        [01;36m[K^~~~~~~~[m[K
[3.602s] [01m[K/usr/include/c++/11/bits/basic_string.h:799:8:[m[K [01;36m[Knote: [m[K  template argument deduction/substitution failed:
[3.602s] In file included from [01m[K/usr/include/c++/11/ratio:39[m[K,
[3.602s]                  from [01m[K/usr/include/c++/11/chrono:39[m[K,
[3.602s]                  from [01m[K/home/ros/ros2_ws/src/merge_arrays/src/merge_arrays_node.cpp:1[m[K:
[3.602s] /usr/include/c++/11/type_traits: In substitution of ‘[01m[Ktemplate<bool _Cond, class _Tp> using enable_if_t = typename std::enable_if::type [with bool _Cond = false; _Tp = std::__cxx11::basic_string<char>&][m[K’:
[3.602s] [01m[K/usr/include/c++/11/bits/basic_string.h:125:8:[m[K   required by substitution of ‘[01m[Ktemplate<class _CharT, class _Traits, class _Alloc> template<class _Tp, class _Res> using _If_sv = std::enable_if_t<std::__and_<std::is_convertible<const _Tp&, std::basic_string_view<_CharT, _Traits> >, std::__not_<std::is_convertible<const _Tp*, const std::__cxx11::basic_string<_CharT, _Traits, _Alloc>*> >, std::__not_<std::is_convertible<const _Tp&, const _CharT*> > >::value, _Res> [with _Tp = std::__cxx11::basic_string<char>; _Res = std::__cxx11::basic_string<char>&; _CharT = char; _Traits = std::char_traits<char>; _Alloc = std::allocator<char>][m[K’
[3.603s] [01m[K/usr/include/c++/11/bits/basic_string.h:799:8:[m[K   required by substitution of ‘[01m[Ktemplate<class _Tp> std::__cxx11::basic_string<char>::_If_sv<_Tp, std::__cxx11::basic_string<char>&> std::__cxx11::basic_string<char>::operator=<_Tp>(const _Tp&) [with _Tp = std::__cxx11::basic_string<char>][m[K’
[3.603s] [01m[K/home/ros/ros2_ws/src/merge_arrays/src/merge_arrays_node.cpp:45:18:[m[K   required from here
[3.603s] [01m[K/usr/include/c++/11/type_traits:2585:11:[m[K [01;31m[Kerror: [m[Kno type named ‘[01m[Ktype[m[K’ in ‘[01m[Kstruct std::enable_if<false, std::__cxx11::basic_string<char>&>[m[K’
[3.603s]  2585 |     using [01;31m[Kenable_if_t[m[K = typename enable_if<_Cond, _Tp>::type;
[3.603s]       |           [01;31m[K^~~~~~~~~~~[m[K
[3.603s] In file included from [01m[K/usr/include/c++/11/string:55[m[K,
[3.603s]                  from [01m[K/home/ros/ros2_ws/src/merge_arrays/src/merge_arrays_node.cpp:4[m[K:
[3.603s] [01m[K/usr/include/c++/11/bits/basic_string.h:679:7:[m[K [01;36m[Knote: [m[Kcandidate: ‘[01m[Kstd::__cxx11::basic_string<_CharT, _Traits, _Alloc>& std::__cxx11::basic_string<_CharT, _Traits, _Alloc>::operator=(const std::__cxx11::basic_string<_CharT, _Traits, _Alloc>&) [with _CharT = char; _Traits = std::char_traits<char>; _Alloc = std::allocator<char>][m[K’ (near match)
[3.603s]   679 |       [01;36m[Koperator[m[K=(const basic_string& __str)
[3.603s]       |       [01;36m[K^~~~~~~~[m[K
[3.604s] [01m[K/usr/include/c++/11/bits/basic_string.h:679:7:[m[K [01;36m[Knote: [m[K  passing ‘[01m[Kconst string*[m[K’ {aka ‘[01m[Kconst std::__cxx11::basic_string<char>*[m[K’} as ‘[01m[Kthis[m[K’ argument discards qualifiers
[3.604s] [01m[K/usr/include/c++/11/bits/basic_string.h:689:7:[m[K [01;36m[Knote: [m[Kcandidate: ‘[01m[Kstd::__cxx11::basic_string<_CharT, _Traits, _Alloc>& std::__cxx11::basic_string<_CharT, _Traits, _Alloc>::operator=(const _CharT*) [with _CharT = char; _Traits = std::char_traits<char>; _Alloc = std::allocator<char>][m[K’
[3.604s]   689 |       [01;36m[Koperator[m[K=(const _CharT* __s)
[3.604s]       |       [01;36m[K^~~~~~~~[m[K
[3.604s] [01m[K/usr/include/c++/11/bits/basic_string.h:689:31:[m[K [01;36m[Knote: [m[K  no known conversion for argument 1 from ‘[01m[Kconst _data_type[m[K’ {aka ‘[01m[Kconst std::__cxx11::basic_string<char>[m[K’} to ‘[01m[Kconst char*[m[K’
[3.604s]   689 |       operator=([01;36m[Kconst _CharT* __s[m[K)
[3.604s]       |                 [01;36m[K~~~~~~~~~~~~~~^~~[m[K
[3.605s] [01m[K/usr/include/c++/11/bits/basic_string.h:700:7:[m[K [01;36m[Knote: [m[Kcandidate: ‘[01m[Kstd::__cxx11::basic_string<_CharT, _Traits, _Alloc>& std::__cxx11::basic_string<_CharT, _Traits, _Alloc>::operator=(_CharT) [with _CharT = char; _Traits = std::char_traits<char>; _Alloc = std::allocator<char>][m[K’
[3.605s]   700 |       [01;36m[Koperator[m[K=(_CharT __c)
[3.605s]       |       [01;36m[K^~~~~~~~[m[K
[3.605s] [01m[K/usr/include/c++/11/bits/basic_string.h:700:24:[m[K [01;36m[Knote: [m[K  no known conversion for argument 1 from ‘[01m[Kconst _data_type[m[K’ {aka ‘[01m[Kconst std::__cxx11::basic_string<char>[m[K’} to ‘[01m[Kchar[m[K’
[3.605s]   700 |       operator=([01;36m[K_CharT __c[m[K)
[3.605s]       |                 [01;36m[K~~~~~~~^~~[m[K
[3.605s] [01m[K/usr/include/c++/11/bits/basic_string.h:717:7:[m[K [01;36m[Knote: [m[Kcandidate: ‘[01m[Kstd::__cxx11::basic_string<_CharT, _Traits, _Alloc>& std::__cxx11::basic_string<_CharT, _Traits, _Alloc>::operator=(std::__cxx11::basic_string<_CharT, _Traits, _Alloc>&&) [with _CharT = char; _Traits = std::char_traits<char>; _Alloc = std::allocator<char>][m[K’ (near match)
[3.605s]   717 |       [01;36m[Koperator[m[K=(basic_string&& __str)
[3.605s]       |       [01;36m[K^~~~~~~~[m[K
[3.605s] [01m[K/usr/include/c++/11/bits/basic_string.h:717:7:[m[K [01;36m[Knote: [m[K  conversion of argument 1 would be ill-formed:
[3.606s] [01m[K/home/ros/ros2_ws/src/merge_arrays/src/merge_arrays_node.cpp:45:25:[m[K [01;31m[Kerror: [m[Kcannot bind rvalue reference of type ‘[01m[Kstd::__cxx11::basic_string<char>&&[m[K’ to lvalue of type ‘[01m[Kconst _data_type[m[K’ {aka ‘[01m[Kconst std::__cxx11::basic_string<char>[m[K’}
[3.606s]    45 |         subscribe = [01;31m[Kmsg.data[m[K;
[3.606s]       |                     [01;31m[K~~~~^~~~[m[K
[3.606s] In file included from [01m[K/usr/include/c++/11/string:55[m[K,
[3.606s]                  from [01m[K/home/ros/ros2_ws/src/merge_arrays/src/merge_arrays_node.cpp:4[m[K:
[3.606s] [01m[K/usr/include/c++/11/bits/basic_string.h:785:7:[m[K [01;36m[Knote: [m[Kcandidate: ‘[01m[Kstd::__cxx11::basic_string<_CharT, _Traits, _Alloc>& std::__cxx11::basic_string<_CharT, _Traits, _Alloc>::operator=(std::initializer_list<_Tp>) [with _CharT = char; _Traits = std::char_traits<char>; _Alloc = std::allocator<char>][m[K’
[3.606s]   785 |       [01;36m[Koperator[m[K=(initializer_list<_CharT> __l)
[3.606s]       |       [01;36m[K^~~~~~~~[m[K
[3.607s] [01m[K/usr/include/c++/11/bits/basic_string.h:785:42:[m[K [01;36m[Knote: [m[K  no known conversion for argument 1 from ‘[01m[Kconst _data_type[m[K’ {aka ‘[01m[Kconst std::__cxx11::basic_string<char>[m[K’} to ‘[01m[Kstd::initializer_list<char>[m[K’
[3.607s]   785 |       operator=([01;36m[Kinitializer_list<_CharT> __l[m[K)
[3.607s]       |                 [01;36m[K~~~~~~~~~~~~~~~~~~~~~~~~~^~~[m[K
[7.220s] gmake[2]: *** [CMakeFiles/merge_arrays_node.dir/build.make:76: CMakeFiles/merge_arrays_node.dir/src/merge_arrays_node.cpp.o] Error 1
[7.220s] gmake[1]: *** [CMakeFiles/Makefile2:139: CMakeFiles/merge_arrays_node.dir/all] Error 2
[7.225s] gmake: *** [Makefile:146: all] Error 2
[7.227s] Invoked command in '/home/ros/ros2_ws/build/merge_arrays' returned '2': CMAKE_PREFIX_PATH=${CMAKE_PREFIX_PATH}:/home/ros/ros2_ws/install/launch_testing_examples:/home/ros/ros2_ws/install/examples_rclpy_pointcloud_publisher:/home/ros/ros2_ws/install/examples_rclpy_minimal_subscriber:/home/ros/ros2_ws/install/examples_rclpy_minimal_service:/home/ros/ros2_ws/install/examples_rclpy_minimal_publisher:/home/ros/ros2_ws/install/examples_rclpy_minimal_client:/home/ros/ros2_ws/install/examples_rclpy_minimal_action_server:/home/ros/ros2_ws/install/examples_rclpy_minimal_action_client:/home/ros/ros2_ws/install/examples_rclpy_guard_conditions:/home/ros/ros2_ws/install/examples_rclpy_executors:/opt/ros/humble /usr/bin/cmake --build /home/ros/ros2_ws/build/merge_arrays -- -j4 -l4
