[0.014s] Invoking command in '/home/ros/ros2_ws/build/examples_rclcpp_wait_set': CMAKE_PREFIX_PATH=/opt/ros/humble /usr/bin/cmake /home/ros/ros2_ws/src/examples/rclcpp/wait_set -DCMAKE_INSTALL_PREFIX=/home/ros/ros2_ws/install/examples_rclcpp_wait_set
[0.037s] -- Found ament_cmake: 1.3.3 (/opt/ros/humble/share/ament_cmake/cmake)
[0.278s] -- Override CMake install command with custom implementation using symlinks instead of copying resources
[0.289s] -- Found example_interfaces: 0.9.3 (/opt/ros/humble/share/example_interfaces/cmake)
[0.338s] -- Found rosidl_generator_c: 3.1.4 (/opt/ros/humble/share/rosidl_generator_c/cmake)
[0.342s] -- Found rosidl_adapter: 3.1.4 (/opt/ros/humble/share/rosidl_adapter/cmake)
[0.354s] -- Found rosidl_generator_cpp: 3.1.4 (/opt/ros/humble/share/rosidl_generator_cpp/cmake)
[0.374s] -- Using all available rosidl_typesupport_c: rosidl_typesupport_fastrtps_c;rosidl_typesupport_introspection_c
[0.403s] -- Using all available rosidl_typesupport_cpp: rosidl_typesupport_fastrtps_cpp;rosidl_typesupport_introspection_cpp
[0.675s] -- Found rclcpp: 16.0.3 (/opt/ros/humble/share/rclcpp/cmake)
[0.761s] -- Found rmw_implementation_cmake: 6.1.1 (/opt/ros/humble/share/rmw_implementation_cmake/cmake)
[0.762s] -- Found rmw_fastrtps_cpp: 6.2.2 (/opt/ros/humble/share/rmw_fastrtps_cpp/cmake)
[1.019s] -- Using RMW implementation 'rmw_fastrtps_cpp' as default
[1.579s] -- Found rclcpp_components: 16.0.3 (/opt/ros/humble/share/rclcpp_components/cmake)
[1.748s] -- Found ament_lint_auto: 0.12.5 (/opt/ros/humble/share/ament_lint_auto/cmake)
[1.959s] -- Added test 'copyright' to check source files copyright and LICENSE
[1.963s] -- Added test 'cppcheck' to perform static code analysis on C / C++ code
[1.965s] -- Configured cppcheck include dirs: /home/ros/ros2_ws/src/examples/rclcpp/wait_set/include
[1.965s] -- Configured cppcheck exclude dirs and/or files: 
[1.968s] -- Added test 'cpplint' to check C / C++ code against the Google style
[1.968s] -- Configured cpplint exclude dirs and/or files: 
[1.969s] -- Added test 'lint_cmake' to check CMake code style
[1.972s] -- Added test 'uncrustify' to check C / C++ code style
[1.972s] -- Configured uncrustify additional arguments: 
[1.973s] -- Added test 'xmllint' to check XML markup files
[1.975s] -- Configuring done
[2.128s] -- Generating done
[2.140s] -- Build files have been written to: /home/ros/ros2_ws/build/examples_rclcpp_wait_set
[2.334s] Invoked command in '/home/ros/ros2_ws/build/examples_rclcpp_wait_set' returned '0': CMAKE_PREFIX_PATH=/opt/ros/humble /usr/bin/cmake /home/ros/ros2_ws/src/examples/rclcpp/wait_set -DCMAKE_INSTALL_PREFIX=/home/ros/ros2_ws/install/examples_rclcpp_wait_set
[2.337s] Invoking command in '/home/ros/ros2_ws/build/examples_rclcpp_wait_set': CMAKE_PREFIX_PATH=/opt/ros/humble /usr/bin/cmake --build /home/ros/ros2_ws/build/examples_rclcpp_wait_set -- -j4 -l4
[2.482s] [35m[1mConsolidate compiler generated dependencies of target talker[0m
[2.482s] [35m[1mConsolidate compiler generated dependencies of target wait_set_talker[0m
[2.531s] [35m[1mConsolidate compiler generated dependencies of target listener[0m
[2.541s] [  8%] Built target wait_set_talker
[2.543s] [ 16%] Built target talker
[2.557s] [35m[1mConsolidate compiler generated dependencies of target wait_set_listener[0m
[2.561s] [35m[1mConsolidate compiler generated dependencies of target wait_set[0m
[2.599s] [35m[1mConsolidate compiler generated dependencies of target static_wait_set[0m
[2.608s] [ 25%] Built target listener
[2.627s] [ 33%] Built target wait_set_listener
[2.636s] [ 41%] Built target wait_set
[2.650s] [35m[1mConsolidate compiler generated dependencies of target thread_safe_wait_set[0m
[2.666s] [35m[1mConsolidate compiler generated dependencies of target wait_set_topics_and_timer[0m
[2.681s] [ 50%] Built target static_wait_set
[2.687s] [35m[1mConsolidate compiler generated dependencies of target wait_set_random_order[0m
[2.707s] [ 62%] Built target thread_safe_wait_set
[2.708s] [ 66%] Built target wait_set_topics_and_timer
[2.735s] [35m[1mConsolidate compiler generated dependencies of target executor_random_order[0m
[2.749s] [35m[1mConsolidate compiler generated dependencies of target wait_set_topics_with_different_rates[0m
[2.771s] [ 75%] Built target wait_set_random_order
[2.778s] [ 83%] Built target executor_random_order
[2.778s] [35m[1mConsolidate compiler generated dependencies of target wait_set_composed[0m
[2.797s] [ 91%] Built target wait_set_topics_with_different_rates
[2.805s] [100%] Built target wait_set_composed
[2.939s] Invoked command in '/home/ros/ros2_ws/build/examples_rclcpp_wait_set' returned '0': CMAKE_PREFIX_PATH=/opt/ros/humble /usr/bin/cmake --build /home/ros/ros2_ws/build/examples_rclcpp_wait_set -- -j4 -l4
[3.413s] Invoking command in '/home/ros/ros2_ws/build/examples_rclcpp_wait_set': CMAKE_PREFIX_PATH=/opt/ros/humble /usr/bin/cmake --install /home/ros/ros2_ws/build/examples_rclcpp_wait_set
[3.479s] -- Install configuration: ""
[3.486s] -- Execute custom install script
[3.486s] -- Up-to-date symlink: /home/ros/ros2_ws/install/examples_rclcpp_wait_set/lib/examples_rclcpp_wait_set/wait_set_talker
[3.491s] -- Up-to-date symlink: /home/ros/ros2_ws/install/examples_rclcpp_wait_set/lib/examples_rclcpp_wait_set/wait_set_listener
[3.494s] -- Up-to-date symlink: /home/ros/ros2_ws/install/examples_rclcpp_wait_set/lib/libtalker.so
[3.498s] -- Up-to-date symlink: /home/ros/ros2_ws/install/examples_rclcpp_wait_set/lib/liblistener.so
[3.511s] -- Up-to-date symlink: /home/ros/ros2_ws/install/examples_rclcpp_wait_set/lib/examples_rclcpp_wait_set/wait_set
[3.512s] -- Up-to-date symlink: /home/ros/ros2_ws/install/examples_rclcpp_wait_set/lib/examples_rclcpp_wait_set/static_wait_set
[3.512s] -- Up-to-date symlink: /home/ros/ros2_ws/install/examples_rclcpp_wait_set/lib/examples_rclcpp_wait_set/thread_safe_wait_set
[3.515s] -- Up-to-date symlink: /home/ros/ros2_ws/install/examples_rclcpp_wait_set/lib/examples_rclcpp_wait_set/wait_set_topics_and_timer
[3.530s] -- Up-to-date symlink: /home/ros/ros2_ws/install/examples_rclcpp_wait_set/lib/examples_rclcpp_wait_set/wait_set_random_order
[3.535s] -- Up-to-date symlink: /home/ros/ros2_ws/install/examples_rclcpp_wait_set/lib/examples_rclcpp_wait_set/executor_random_order
[3.537s] -- Up-to-date symlink: /home/ros/ros2_ws/install/examples_rclcpp_wait_set/lib/examples_rclcpp_wait_set/wait_set_topics_with_different_rates
[3.537s] -- Up-to-date symlink: /home/ros/ros2_ws/install/examples_rclcpp_wait_set/lib/examples_rclcpp_wait_set/wait_set_composed
[3.546s] -- Up-to-date symlink: /home/ros/ros2_ws/install/examples_rclcpp_wait_set/share/ament_index/resource_index/package_run_dependencies/examples_rclcpp_wait_set
[3.546s] -- Up-to-date symlink: /home/ros/ros2_ws/install/examples_rclcpp_wait_set/share/ament_index/resource_index/parent_prefix_path/examples_rclcpp_wait_set
[3.547s] -- Up-to-date symlink: /home/ros/ros2_ws/install/examples_rclcpp_wait_set/share/examples_rclcpp_wait_set/environment/ament_prefix_path.sh
[3.547s] -- Up-to-date symlink: /home/ros/ros2_ws/install/examples_rclcpp_wait_set/share/examples_rclcpp_wait_set/environment/ament_prefix_path.dsv
[3.575s] -- Up-to-date symlink: /home/ros/ros2_ws/install/examples_rclcpp_wait_set/share/examples_rclcpp_wait_set/environment/path.sh
[3.576s] -- Up-to-date symlink: /home/ros/ros2_ws/install/examples_rclcpp_wait_set/share/examples_rclcpp_wait_set/environment/path.dsv
[3.576s] -- Up-to-date symlink: /home/ros/ros2_ws/install/examples_rclcpp_wait_set/share/examples_rclcpp_wait_set/local_setup.bash
[3.576s] -- Up-to-date symlink: /home/ros/ros2_ws/install/examples_rclcpp_wait_set/share/examples_rclcpp_wait_set/local_setup.sh
[3.576s] -- Up-to-date symlink: /home/ros/ros2_ws/install/examples_rclcpp_wait_set/share/examples_rclcpp_wait_set/local_setup.zsh
[3.577s] -- Up-to-date symlink: /home/ros/ros2_ws/install/examples_rclcpp_wait_set/share/examples_rclcpp_wait_set/local_setup.dsv
[3.577s] -- Symlinking: /home/ros/ros2_ws/install/examples_rclcpp_wait_set/share/examples_rclcpp_wait_set/package.dsv
[3.636s] -- Up-to-date symlink: /home/ros/ros2_ws/install/examples_rclcpp_wait_set/share/ament_index/resource_index/packages/examples_rclcpp_wait_set
[3.636s] -- Up-to-date symlink: /home/ros/ros2_ws/install/examples_rclcpp_wait_set/share/ament_index/resource_index/rclcpp_components/examples_rclcpp_wait_set
[3.636s] -- Up-to-date symlink: /home/ros/ros2_ws/install/examples_rclcpp_wait_set/share/examples_rclcpp_wait_set/cmake/examples_rclcpp_wait_setConfig.cmake
[3.636s] -- Up-to-date symlink: /home/ros/ros2_ws/install/examples_rclcpp_wait_set/share/examples_rclcpp_wait_set/cmake/examples_rclcpp_wait_setConfig-version.cmake
[3.636s] -- Up-to-date symlink: /home/ros/ros2_ws/install/examples_rclcpp_wait_set/share/examples_rclcpp_wait_set/package.xml
[4.312s] Invoked command in '/home/ros/ros2_ws/build/examples_rclcpp_wait_set' returned '0': CMAKE_PREFIX_PATH=/opt/ros/humble /usr/bin/cmake --install /home/ros/ros2_ws/build/examples_rclcpp_wait_set
