[2.345s] Invoking command in '/home/ros/ros2_ws/src/merge_arrays': PYTHONPATH=/home/ros/ros2_ws/build/merge_arrays/prefix_override:/home/ros/ros2_ws/install/merge_arrays/lib/python3.10/site-packages:${PYTHONPATH} /usr/bin/python3 setup.py egg_info --egg-base ../../build/merge_arrays build --build-base /home/ros/ros2_ws/build/merge_arrays/build install --record /home/ros/ros2_ws/build/merge_arrays/install.log --single-version-externally-managed
[2.785s] running egg_info
[2.791s] writing ../../build/merge_arrays/merge_arrays.egg-info/PKG-INFO
[2.792s] writing dependency_links to ../../build/merge_arrays/merge_arrays.egg-info/dependency_links.txt
[2.793s] writing entry points to ../../build/merge_arrays/merge_arrays.egg-info/entry_points.txt
[2.803s] writing requirements to ../../build/merge_arrays/merge_arrays.egg-info/requires.txt
[2.804s] writing top-level names to ../../build/merge_arrays/merge_arrays.egg-info/top_level.txt
[2.826s] reading manifest file '../../build/merge_arrays/merge_arrays.egg-info/SOURCES.txt'
[2.829s] writing manifest file '../../build/merge_arrays/merge_arrays.egg-info/SOURCES.txt'
[2.829s] running build
[2.829s] running build_py
[2.829s] copying merge_arrays/merge_arrays_node.py -> /home/ros/ros2_ws/build/merge_arrays/build/lib/merge_arrays
[2.829s] running install
[2.836s] /usr/lib/python3/dist-packages/setuptools/command/install.py:34: SetuptoolsDeprecationWarning: setup.py install is deprecated. Use build and pip and other standards-based tools.
[2.836s]   warnings.warn(
[2.837s] running install_lib
[2.838s] copying /home/ros/ros2_ws/build/merge_arrays/build/lib/merge_arrays/merge_arrays_node.py -> /home/ros/ros2_ws/install/merge_arrays/lib/python3.10/site-packages/merge_arrays
[2.845s] byte-compiling /home/ros/ros2_ws/install/merge_arrays/lib/python3.10/site-packages/merge_arrays/merge_arrays_node.py to merge_arrays_node.cpython-310.pyc
[2.852s]   File "/home/ros/ros2_ws/install/merge_arrays/lib/python3.10/site-packages/merge_arrays/merge_arrays_node.py", line 87
[2.852s]     ```
[2.852s]     ^
[2.852s] SyntaxError: invalid syntax
[2.852s] 
[2.852s] running install_data
[2.860s] running install_egg_info
[2.863s] removing '/home/ros/ros2_ws/install/merge_arrays/lib/python3.10/site-packages/merge_arrays-0.0.0-py3.10.egg-info' (and everything under it)
[2.877s] Copying ../../build/merge_arrays/merge_arrays.egg-info to /home/ros/ros2_ws/install/merge_arrays/lib/python3.10/site-packages/merge_arrays-0.0.0-py3.10.egg-info
[2.908s] running install_scripts
[2.946s] Installing talker script to /home/ros/ros2_ws/install/merge_arrays/lib/merge_arrays
[2.947s] writing list of installed files to '/home/ros/ros2_ws/build/merge_arrays/install.log'
[2.989s] Invoked command in '/home/ros/ros2_ws/src/merge_arrays' returned '0': PYTHONPATH=/home/ros/ros2_ws/build/merge_arrays/prefix_override:/home/ros/ros2_ws/install/merge_arrays/lib/python3.10/site-packages:${PYTHONPATH} /usr/bin/python3 setup.py egg_info --egg-base ../../build/merge_arrays build --build-base /home/ros/ros2_ws/build/merge_arrays/build install --record /home/ros/ros2_ws/build/merge_arrays/install.log --single-version-externally-managed
