[0.146s] Invoking command in '/home/ros/ros2_ws/build/examples_rclcpp_minimal_action_server': CMAKE_PREFIX_PATH=/opt/ros/humble /usr/bin/cmake /home/ros/ros2_ws/src/examples/rclcpp/actions/minimal_action_server -DCMAKE_INSTALL_PREFIX=/home/ros/ros2_ws/install/examples_rclcpp_minimal_action_server
[0.202s] -- Found ament_cmake: 1.3.3 (/opt/ros/humble/share/ament_cmake/cmake)
[0.668s] -- Override CMake install command with custom implementation using symlinks instead of copying resources
[0.703s] -- Found example_interfaces: 0.9.3 (/opt/ros/humble/share/example_interfaces/cmake)
[0.857s] -- Found rosidl_generator_c: 3.1.4 (/opt/ros/humble/share/rosidl_generator_c/cmake)
[0.862s] -- Found rosidl_adapter: 3.1.4 (/opt/ros/humble/share/rosidl_adapter/cmake)
[0.917s] -- Found rosidl_generator_cpp: 3.1.4 (/opt/ros/humble/share/rosidl_generator_cpp/cmake)
[0.954s] -- Using all available rosidl_typesupport_c: rosidl_typesupport_fastrtps_c;rosidl_typesupport_introspection_c
[1.007s] -- Using all available rosidl_typesupport_cpp: rosidl_typesupport_fastrtps_cpp;rosidl_typesupport_introspection_cpp
[1.686s] -- Found rclcpp: 16.0.3 (/opt/ros/humble/share/rclcpp/cmake)
[1.895s] -- Found rmw_implementation_cmake: 6.1.1 (/opt/ros/humble/share/rmw_implementation_cmake/cmake)
[1.902s] -- Found rmw_fastrtps_cpp: 6.2.2 (/opt/ros/humble/share/rmw_fastrtps_cpp/cmake)
[2.131s] -- Using RMW implementation 'rmw_fastrtps_cpp' as default
[2.561s] -- Found rclcpp_action: 16.0.3 (/opt/ros/humble/share/rclcpp_action/cmake)
[2.730s] -- Found ament_lint_auto: 0.12.5 (/opt/ros/humble/share/ament_lint_auto/cmake)
[3.006s] -- Added test 'copyright' to check source files copyright and LICENSE
[3.006s] -- Added test 'cppcheck' to perform static code analysis on C / C++ code
[3.007s] -- Configured cppcheck include dirs: 
[3.008s] -- Configured cppcheck exclude dirs and/or files: 
[3.009s] -- Added test 'cpplint' to check C / C++ code against the Google style
[3.010s] -- Configured cpplint exclude dirs and/or files: 
[3.010s] -- Added test 'lint_cmake' to check CMake code style
[3.010s] -- Added test 'uncrustify' to check C / C++ code style
[3.010s] -- Configured uncrustify additional arguments: 
[3.011s] -- Added test 'xmllint' to check XML markup files
[3.014s] -- Configuring done
[3.087s] -- Generating done
[3.098s] -- Build files have been written to: /home/ros/ros2_ws/build/examples_rclcpp_minimal_action_server
[3.166s] Invoked command in '/home/ros/ros2_ws/build/examples_rclcpp_minimal_action_server' returned '0': CMAKE_PREFIX_PATH=/opt/ros/humble /usr/bin/cmake /home/ros/ros2_ws/src/examples/rclcpp/actions/minimal_action_server -DCMAKE_INSTALL_PREFIX=/home/ros/ros2_ws/install/examples_rclcpp_minimal_action_server
[3.167s] Invoking command in '/home/ros/ros2_ws/build/examples_rclcpp_minimal_action_server': CMAKE_PREFIX_PATH=/opt/ros/humble /usr/bin/cmake --build /home/ros/ros2_ws/build/examples_rclcpp_minimal_action_server -- -j4 -l4
[3.389s] [35m[1mConsolidate compiler generated dependencies of target action_server_member_functions[0m
[3.416s] [35m[1mConsolidate compiler generated dependencies of target action_server_not_composable[0m
[3.483s] [ 50%] Built target action_server_member_functions
[3.510s] [100%] Built target action_server_not_composable
[3.632s] Invoked command in '/home/ros/ros2_ws/build/examples_rclcpp_minimal_action_server' returned '0': CMAKE_PREFIX_PATH=/opt/ros/humble /usr/bin/cmake --build /home/ros/ros2_ws/build/examples_rclcpp_minimal_action_server -- -j4 -l4
[3.852s] Invoking command in '/home/ros/ros2_ws/build/examples_rclcpp_minimal_action_server': CMAKE_PREFIX_PATH=/opt/ros/humble /usr/bin/cmake --install /home/ros/ros2_ws/build/examples_rclcpp_minimal_action_server
[3.880s] -- Install configuration: ""
[3.881s] -- Execute custom install script
[3.882s] -- Up-to-date symlink: /home/ros/ros2_ws/install/examples_rclcpp_minimal_action_server/lib/examples_rclcpp_minimal_action_server/action_server_not_composable
[3.882s] -- Up-to-date symlink: /home/ros/ros2_ws/install/examples_rclcpp_minimal_action_server/lib/examples_rclcpp_minimal_action_server/action_server_member_functions
[3.883s] -- Up-to-date symlink: /home/ros/ros2_ws/install/examples_rclcpp_minimal_action_server/share/ament_index/resource_index/package_run_dependencies/examples_rclcpp_minimal_action_server
[3.883s] -- Up-to-date symlink: /home/ros/ros2_ws/install/examples_rclcpp_minimal_action_server/share/ament_index/resource_index/parent_prefix_path/examples_rclcpp_minimal_action_server
[3.883s] -- Up-to-date symlink: /home/ros/ros2_ws/install/examples_rclcpp_minimal_action_server/share/examples_rclcpp_minimal_action_server/environment/ament_prefix_path.sh
[3.884s] -- Up-to-date symlink: /home/ros/ros2_ws/install/examples_rclcpp_minimal_action_server/share/examples_rclcpp_minimal_action_server/environment/ament_prefix_path.dsv
[3.884s] -- Up-to-date symlink: /home/ros/ros2_ws/install/examples_rclcpp_minimal_action_server/share/examples_rclcpp_minimal_action_server/environment/path.sh
[3.884s] -- Up-to-date symlink: /home/ros/ros2_ws/install/examples_rclcpp_minimal_action_server/share/examples_rclcpp_minimal_action_server/environment/path.dsv
[3.885s] -- Up-to-date symlink: /home/ros/ros2_ws/install/examples_rclcpp_minimal_action_server/share/examples_rclcpp_minimal_action_server/local_setup.bash
[3.885s] -- Up-to-date symlink: /home/ros/ros2_ws/install/examples_rclcpp_minimal_action_server/share/examples_rclcpp_minimal_action_server/local_setup.sh
[3.885s] -- Up-to-date symlink: /home/ros/ros2_ws/install/examples_rclcpp_minimal_action_server/share/examples_rclcpp_minimal_action_server/local_setup.zsh
[3.886s] -- Up-to-date symlink: /home/ros/ros2_ws/install/examples_rclcpp_minimal_action_server/share/examples_rclcpp_minimal_action_server/local_setup.dsv
[3.886s] -- Symlinking: /home/ros/ros2_ws/install/examples_rclcpp_minimal_action_server/share/examples_rclcpp_minimal_action_server/package.dsv
[3.899s] -- Up-to-date symlink: /home/ros/ros2_ws/install/examples_rclcpp_minimal_action_server/share/ament_index/resource_index/packages/examples_rclcpp_minimal_action_server
[3.899s] -- Up-to-date symlink: /home/ros/ros2_ws/install/examples_rclcpp_minimal_action_server/share/examples_rclcpp_minimal_action_server/cmake/examples_rclcpp_minimal_action_serverConfig.cmake
[3.900s] -- Up-to-date symlink: /home/ros/ros2_ws/install/examples_rclcpp_minimal_action_server/share/examples_rclcpp_minimal_action_server/cmake/examples_rclcpp_minimal_action_serverConfig-version.cmake
[3.901s] -- Up-to-date symlink: /home/ros/ros2_ws/install/examples_rclcpp_minimal_action_server/share/examples_rclcpp_minimal_action_server/package.xml
[3.910s] Invoked command in '/home/ros/ros2_ws/build/examples_rclcpp_minimal_action_server' returned '0': CMAKE_PREFIX_PATH=/opt/ros/humble /usr/bin/cmake --install /home/ros/ros2_ws/build/examples_rclcpp_minimal_action_server
