[1.663s] Invoking command in '/home/ros/ros2_ws/build/examples_rclpy_minimal_client': PYTHONPATH=/home/ros/ros2_ws/build/examples_rclpy_minimal_client/prefix_override:/home/ros/ros2_ws/install/examples_rclpy_minimal_client/lib/python3.10/site-packages:${PYTHONPATH} /usr/bin/python3 setup.py develop --uninstall --editable --build-directory /home/ros/ros2_ws/build/examples_rclpy_minimal_client/build
[2.168s] running develop
[2.168s] /usr/lib/python3/dist-packages/setuptools/command/easy_install.py:158: EasyInstallDeprecationWarning: easy_install command is deprecated. Use build and pip and other standards-based tools.
[2.168s]   warnings.warn(
[2.170s] /usr/lib/python3/dist-packages/setuptools/command/install.py:34: SetuptoolsDeprecationWarning: setup.py install is deprecated. Use build and pip and other standards-based tools.
[2.170s]   warnings.warn(
[2.319s] /usr/lib/python3/dist-packages/pkg_resources/__init__.py:116: PkgResourcesDeprecationWarning: 1.1build1 is an invalid version and will not be supported in a future release
[2.320s]   warnings.warn(
[2.321s] /usr/lib/python3/dist-packages/pkg_resources/__init__.py:116: PkgResourcesDeprecationWarning: 0.1.43ubuntu1 is an invalid version and will not be supported in a future release
[2.321s]   warnings.warn(
[2.522s] Removing /home/ros/ros2_ws/install/examples_rclpy_minimal_client/lib/python3.10/site-packages/examples-rclpy-minimal-client.egg-link (link to .)
[2.745s] Invoked command in '/home/ros/ros2_ws/build/examples_rclpy_minimal_client' returned '0': PYTHONPATH=/home/ros/ros2_ws/build/examples_rclpy_minimal_client/prefix_override:/home/ros/ros2_ws/install/examples_rclpy_minimal_client/lib/python3.10/site-packages:${PYTHONPATH} /usr/bin/python3 setup.py develop --uninstall --editable --build-directory /home/ros/ros2_ws/build/examples_rclpy_minimal_client/build
[2.745s] Invoking command in '/home/ros/ros2_ws/src/examples/rclpy/services/minimal_client': PYTHONPATH=/home/ros/ros2_ws/build/examples_rclpy_minimal_client/prefix_override:/home/ros/ros2_ws/install/examples_rclpy_minimal_client/lib/python3.10/site-packages:${PYTHONPATH} /usr/bin/python3 setup.py egg_info --egg-base ../../../../../build/examples_rclpy_minimal_client build --build-base /home/ros/ros2_ws/build/examples_rclpy_minimal_client/build install --record /home/ros/ros2_ws/build/examples_rclpy_minimal_client/install.log --single-version-externally-managed
[3.144s] running egg_info
[3.145s] writing ../../../../../build/examples_rclpy_minimal_client/examples_rclpy_minimal_client.egg-info/PKG-INFO
[3.146s] writing dependency_links to ../../../../../build/examples_rclpy_minimal_client/examples_rclpy_minimal_client.egg-info/dependency_links.txt
[3.147s] writing entry points to ../../../../../build/examples_rclpy_minimal_client/examples_rclpy_minimal_client.egg-info/entry_points.txt
[3.148s] writing requirements to ../../../../../build/examples_rclpy_minimal_client/examples_rclpy_minimal_client.egg-info/requires.txt
[3.148s] writing top-level names to ../../../../../build/examples_rclpy_minimal_client/examples_rclpy_minimal_client.egg-info/top_level.txt
[3.150s] reading manifest file '../../../../../build/examples_rclpy_minimal_client/examples_rclpy_minimal_client.egg-info/SOURCES.txt'
[3.152s] writing manifest file '../../../../../build/examples_rclpy_minimal_client/examples_rclpy_minimal_client.egg-info/SOURCES.txt'
[3.152s] running build
[3.153s] running build_py
[3.153s] creating /home/ros/ros2_ws/build/examples_rclpy_minimal_client/build
[3.153s] creating /home/ros/ros2_ws/build/examples_rclpy_minimal_client/build/lib
[3.154s] creating /home/ros/ros2_ws/build/examples_rclpy_minimal_client/build/lib/examples_rclpy_minimal_client
[3.154s] copying examples_rclpy_minimal_client/client_async_member_function.py -> /home/ros/ros2_ws/build/examples_rclpy_minimal_client/build/lib/examples_rclpy_minimal_client
[3.154s] copying examples_rclpy_minimal_client/client_async_callback.py -> /home/ros/ros2_ws/build/examples_rclpy_minimal_client/build/lib/examples_rclpy_minimal_client
[3.155s] /usr/lib/python3/dist-packages/setuptools/command/install.py:34: SetuptoolsDeprecationWarning: setup.py install is deprecated. Use build and pip and other standards-based tools.
[3.156s]   warnings.warn(
[3.156s] copying examples_rclpy_minimal_client/__init__.py -> /home/ros/ros2_ws/build/examples_rclpy_minimal_client/build/lib/examples_rclpy_minimal_client
[3.156s] copying examples_rclpy_minimal_client/client.py -> /home/ros/ros2_ws/build/examples_rclpy_minimal_client/build/lib/examples_rclpy_minimal_client
[3.156s] copying examples_rclpy_minimal_client/client_async.py -> /home/ros/ros2_ws/build/examples_rclpy_minimal_client/build/lib/examples_rclpy_minimal_client
[3.156s] running install
[3.157s] running install_lib
[3.157s] creating /home/ros/ros2_ws/install/examples_rclpy_minimal_client/lib/python3.10/site-packages/examples_rclpy_minimal_client
[3.157s] copying /home/ros/ros2_ws/build/examples_rclpy_minimal_client/build/lib/examples_rclpy_minimal_client/client_async_member_function.py -> /home/ros/ros2_ws/install/examples_rclpy_minimal_client/lib/python3.10/site-packages/examples_rclpy_minimal_client
[3.158s] copying /home/ros/ros2_ws/build/examples_rclpy_minimal_client/build/lib/examples_rclpy_minimal_client/client_async_callback.py -> /home/ros/ros2_ws/install/examples_rclpy_minimal_client/lib/python3.10/site-packages/examples_rclpy_minimal_client
[3.158s] copying /home/ros/ros2_ws/build/examples_rclpy_minimal_client/build/lib/examples_rclpy_minimal_client/__init__.py -> /home/ros/ros2_ws/install/examples_rclpy_minimal_client/lib/python3.10/site-packages/examples_rclpy_minimal_client
[3.159s] copying /home/ros/ros2_ws/build/examples_rclpy_minimal_client/build/lib/examples_rclpy_minimal_client/client.py -> /home/ros/ros2_ws/install/examples_rclpy_minimal_client/lib/python3.10/site-packages/examples_rclpy_minimal_client
[3.159s] copying /home/ros/ros2_ws/build/examples_rclpy_minimal_client/build/lib/examples_rclpy_minimal_client/client_async.py -> /home/ros/ros2_ws/install/examples_rclpy_minimal_client/lib/python3.10/site-packages/examples_rclpy_minimal_client
[3.159s] byte-compiling /home/ros/ros2_ws/install/examples_rclpy_minimal_client/lib/python3.10/site-packages/examples_rclpy_minimal_client/client_async_member_function.py to client_async_member_function.cpython-310.pyc
[3.160s] byte-compiling /home/ros/ros2_ws/install/examples_rclpy_minimal_client/lib/python3.10/site-packages/examples_rclpy_minimal_client/client_async_callback.py to client_async_callback.cpython-310.pyc
[3.160s] byte-compiling /home/ros/ros2_ws/install/examples_rclpy_minimal_client/lib/python3.10/site-packages/examples_rclpy_minimal_client/__init__.py to __init__.cpython-310.pyc
[3.161s] byte-compiling /home/ros/ros2_ws/install/examples_rclpy_minimal_client/lib/python3.10/site-packages/examples_rclpy_minimal_client/client.py to client.cpython-310.pyc
[3.161s] byte-compiling /home/ros/ros2_ws/install/examples_rclpy_minimal_client/lib/python3.10/site-packages/examples_rclpy_minimal_client/client_async.py to client_async.cpython-310.pyc
[3.162s] running install_data
[3.163s] running install_egg_info
[3.165s] Copying ../../../../../build/examples_rclpy_minimal_client/examples_rclpy_minimal_client.egg-info to /home/ros/ros2_ws/install/examples_rclpy_minimal_client/lib/python3.10/site-packages/examples_rclpy_minimal_client-0.15.1-py3.10.egg-info
[3.168s] running install_scripts
[3.203s] Installing client script to /home/ros/ros2_ws/install/examples_rclpy_minimal_client/lib/examples_rclpy_minimal_client
[3.203s] Installing client_async script to /home/ros/ros2_ws/install/examples_rclpy_minimal_client/lib/examples_rclpy_minimal_client
[3.204s] Installing client_async_callback script to /home/ros/ros2_ws/install/examples_rclpy_minimal_client/lib/examples_rclpy_minimal_client
[3.205s] Installing client_async_member_function script to /home/ros/ros2_ws/install/examples_rclpy_minimal_client/lib/examples_rclpy_minimal_client
[3.206s] writing list of installed files to '/home/ros/ros2_ws/build/examples_rclpy_minimal_client/install.log'
[3.247s] Invoked command in '/home/ros/ros2_ws/src/examples/rclpy/services/minimal_client' returned '0': PYTHONPATH=/home/ros/ros2_ws/build/examples_rclpy_minimal_client/prefix_override:/home/ros/ros2_ws/install/examples_rclpy_minimal_client/lib/python3.10/site-packages:${PYTHONPATH} /usr/bin/python3 setup.py egg_info --egg-base ../../../../../build/examples_rclpy_minimal_client build --build-base /home/ros/ros2_ws/build/examples_rclpy_minimal_client/build install --record /home/ros/ros2_ws/build/examples_rclpy_minimal_client/install.log --single-version-externally-managed
