[1.414s] Invoking command in '/home/ros/ros2_ws/build/examples_rclpy_minimal_action_server': PYTHONPATH=/home/ros/ros2_ws/build/examples_rclpy_minimal_action_server/prefix_override:/home/ros/ros2_ws/install/examples_rclpy_minimal_action_server/lib/python3.10/site-packages:${PYTHONPATH} /usr/bin/python3 setup.py develop --editable --build-directory /home/ros/ros2_ws/build/examples_rclpy_minimal_action_server/build --no-deps install_data
[1.833s] running develop
[1.834s] /usr/lib/python3/dist-packages/setuptools/command/easy_install.py:158: EasyInstallDeprecationWarning: easy_install command is deprecated. Use build and pip and other standards-based tools.
[1.834s]   warnings.warn(
[1.836s] /usr/lib/python3/dist-packages/setuptools/command/install.py:34: SetuptoolsDeprecationWarning: setup.py install is deprecated. Use build and pip and other standards-based tools.
[1.837s]   warnings.warn(
[1.939s] /usr/lib/python3/dist-packages/pkg_resources/__init__.py:116: PkgResourcesDeprecationWarning: 1.1build1 is an invalid version and will not be supported in a future release
[1.939s]   warnings.warn(
[1.940s] /usr/lib/python3/dist-packages/pkg_resources/__init__.py:116: PkgResourcesDeprecationWarning: 0.1.43ubuntu1 is an invalid version and will not be supported in a future release
[1.940s]   warnings.warn(
[2.116s] running egg_info
[2.117s] creating examples_rclpy_minimal_action_server.egg-info
[2.118s] writing examples_rclpy_minimal_action_server.egg-info/PKG-INFO
[2.119s] writing dependency_links to examples_rclpy_minimal_action_server.egg-info/dependency_links.txt
[2.119s] writing entry points to examples_rclpy_minimal_action_server.egg-info/entry_points.txt
[2.119s] writing requirements to examples_rclpy_minimal_action_server.egg-info/requires.txt
[2.120s] writing top-level names to examples_rclpy_minimal_action_server.egg-info/top_level.txt
[2.120s] writing manifest file 'examples_rclpy_minimal_action_server.egg-info/SOURCES.txt'
[2.123s] reading manifest file 'examples_rclpy_minimal_action_server.egg-info/SOURCES.txt'
[2.125s] writing manifest file 'examples_rclpy_minimal_action_server.egg-info/SOURCES.txt'
[2.127s] running build_ext
[2.127s] Creating /home/ros/ros2_ws/install/examples_rclpy_minimal_action_server/lib/python3.10/site-packages/examples-rclpy-minimal-action-server.egg-link (link to .)
[2.130s] Installing server script to /home/ros/ros2_ws/install/examples_rclpy_minimal_action_server/lib/examples_rclpy_minimal_action_server
[2.130s] Installing server_defer script to /home/ros/ros2_ws/install/examples_rclpy_minimal_action_server/lib/examples_rclpy_minimal_action_server
[2.130s] Installing server_not_composable script to /home/ros/ros2_ws/install/examples_rclpy_minimal_action_server/lib/examples_rclpy_minimal_action_server
[2.131s] Installing server_queue_goals script to /home/ros/ros2_ws/install/examples_rclpy_minimal_action_server/lib/examples_rclpy_minimal_action_server
[2.131s] Installing server_single_goal script to /home/ros/ros2_ws/install/examples_rclpy_minimal_action_server/lib/examples_rclpy_minimal_action_server
[2.132s] 
[2.132s] Installed /home/ros/ros2_ws/build/examples_rclpy_minimal_action_server
[2.133s] running install_data
[2.133s] creating /home/ros/ros2_ws/install/examples_rclpy_minimal_action_server/share/ament_index
[2.133s] creating /home/ros/ros2_ws/install/examples_rclpy_minimal_action_server/share/ament_index/resource_index
[2.133s] creating /home/ros/ros2_ws/install/examples_rclpy_minimal_action_server/share/ament_index/resource_index/packages
[2.133s] copying resource/examples_rclpy_minimal_action_server -> /home/ros/ros2_ws/install/examples_rclpy_minimal_action_server/share/ament_index/resource_index/packages
[2.133s] copying package.xml -> /home/ros/ros2_ws/install/examples_rclpy_minimal_action_server/share/examples_rclpy_minimal_action_server
[2.169s] Invoked command in '/home/ros/ros2_ws/build/examples_rclpy_minimal_action_server' returned '0': PYTHONPATH=/home/ros/ros2_ws/build/examples_rclpy_minimal_action_server/prefix_override:/home/ros/ros2_ws/install/examples_rclpy_minimal_action_server/lib/python3.10/site-packages:${PYTHONPATH} /usr/bin/python3 setup.py develop --editable --build-directory /home/ros/ros2_ws/build/examples_rclpy_minimal_action_server/build --no-deps install_data
