[0.081s] Invoking command in '/home/ros/ros2_ws/build/examples_rclcpp_cbg_executor': CMAKE_PREFIX_PATH=/opt/ros/humble /usr/bin/cmake /home/ros/ros2_ws/src/examples/rclcpp/executors/cbg_executor -DCMAKE_INSTALL_PREFIX=/home/ros/ros2_ws/install/examples_rclcpp_cbg_executor
[0.188s] -- Found ament_cmake: 1.3.3 (/opt/ros/humble/share/ament_cmake/cmake)
[0.582s] -- Override CMake install command with custom implementation using symlinks instead of copying resources
[0.631s] -- Found rclcpp: 16.0.3 (/opt/ros/humble/share/rclcpp/cmake)
[0.759s] -- Found rosidl_generator_c: 3.1.4 (/opt/ros/humble/share/rosidl_generator_c/cmake)
[0.767s] -- Found rosidl_adapter: 3.1.4 (/opt/ros/humble/share/rosidl_adapter/cmake)
[0.791s] -- Found rosidl_generator_cpp: 3.1.4 (/opt/ros/humble/share/rosidl_generator_cpp/cmake)
[0.821s] -- Using all available rosidl_typesupport_c: rosidl_typesupport_fastrtps_c;rosidl_typesupport_introspection_c
[0.903s] -- Using all available rosidl_typesupport_cpp: rosidl_typesupport_fastrtps_cpp;rosidl_typesupport_introspection_cpp
[1.112s] -- Found rmw_implementation_cmake: 6.1.1 (/opt/ros/humble/share/rmw_implementation_cmake/cmake)
[1.118s] -- Found rmw_fastrtps_cpp: 6.2.2 (/opt/ros/humble/share/rmw_fastrtps_cpp/cmake)
[1.602s] -- Using RMW implementation 'rmw_fastrtps_cpp' as default
[2.174s] -- Found ament_lint_auto: 0.12.5 (/opt/ros/humble/share/ament_lint_auto/cmake)
[2.288s] -- Added test 'copyright' to check source files copyright and LICENSE
[2.290s] -- Added test 'cppcheck' to perform static code analysis on C / C++ code
[2.291s] -- Configured cppcheck include dirs: /home/ros/ros2_ws/src/examples/rclcpp/executors/cbg_executor/include
[2.291s] -- Configured cppcheck exclude dirs and/or files: 
[2.292s] -- Added test 'cpplint' to check C / C++ code against the Google style
[2.293s] -- Configured cpplint exclude dirs and/or files: 
[2.294s] -- Added test 'lint_cmake' to check CMake code style
[2.296s] -- Added test 'uncrustify' to check C / C++ code style
[2.296s] -- Configured uncrustify additional arguments: 
[2.297s] -- Added test 'xmllint' to check XML markup files
[2.299s] -- Configuring done
[2.334s] -- Generating done
[2.340s] -- Build files have been written to: /home/ros/ros2_ws/build/examples_rclcpp_cbg_executor
[2.399s] Invoked command in '/home/ros/ros2_ws/build/examples_rclcpp_cbg_executor' returned '0': CMAKE_PREFIX_PATH=/opt/ros/humble /usr/bin/cmake /home/ros/ros2_ws/src/examples/rclcpp/executors/cbg_executor -DCMAKE_INSTALL_PREFIX=/home/ros/ros2_ws/install/examples_rclcpp_cbg_executor
[2.401s] Invoking command in '/home/ros/ros2_ws/build/examples_rclcpp_cbg_executor': CMAKE_PREFIX_PATH=/opt/ros/humble /usr/bin/cmake --build /home/ros/ros2_ws/build/examples_rclcpp_cbg_executor -- -j4 -l4
[2.595s] [35m[1mConsolidate compiler generated dependencies of target ping[0m
[2.609s] [35m[1mConsolidate compiler generated dependencies of target pong[0m
[2.620s] [35m[1mConsolidate compiler generated dependencies of target ping_pong[0m
[2.721s] [ 30%] Built target ping
[2.723s] [ 60%] Built target pong
[2.777s] [100%] Built target ping_pong
[2.834s] Invoked command in '/home/ros/ros2_ws/build/examples_rclcpp_cbg_executor' returned '0': CMAKE_PREFIX_PATH=/opt/ros/humble /usr/bin/cmake --build /home/ros/ros2_ws/build/examples_rclcpp_cbg_executor -- -j4 -l4
[3.201s] Invoking command in '/home/ros/ros2_ws/build/examples_rclcpp_cbg_executor': CMAKE_PREFIX_PATH=/opt/ros/humble /usr/bin/cmake --install /home/ros/ros2_ws/build/examples_rclcpp_cbg_executor
[3.221s] -- Install configuration: ""
[3.233s] -- Execute custom install script
[3.233s] -- Up-to-date symlink: /home/ros/ros2_ws/install/examples_rclcpp_cbg_executor/lib/examples_rclcpp_cbg_executor/ping
[3.234s] -- Up-to-date symlink: /home/ros/ros2_ws/install/examples_rclcpp_cbg_executor/lib/examples_rclcpp_cbg_executor/pong
[3.234s] -- Up-to-date symlink: /home/ros/ros2_ws/install/examples_rclcpp_cbg_executor/lib/examples_rclcpp_cbg_executor/ping_pong
[3.234s] -- Up-to-date symlink: /home/ros/ros2_ws/install/examples_rclcpp_cbg_executor/include/examples_rclcpp_cbg_executor/ping_node.hpp
[3.234s] -- Up-to-date symlink: /home/ros/ros2_ws/install/examples_rclcpp_cbg_executor/include/examples_rclcpp_cbg_executor/pong_node.hpp
[3.235s] -- Up-to-date symlink: /home/ros/ros2_ws/install/examples_rclcpp_cbg_executor/share/ament_index/resource_index/package_run_dependencies/examples_rclcpp_cbg_executor
[3.235s] -- Up-to-date symlink: /home/ros/ros2_ws/install/examples_rclcpp_cbg_executor/share/ament_index/resource_index/parent_prefix_path/examples_rclcpp_cbg_executor
[3.235s] -- Up-to-date symlink: /home/ros/ros2_ws/install/examples_rclcpp_cbg_executor/share/examples_rclcpp_cbg_executor/environment/ament_prefix_path.sh
[3.235s] -- Up-to-date symlink: /home/ros/ros2_ws/install/examples_rclcpp_cbg_executor/share/examples_rclcpp_cbg_executor/environment/ament_prefix_path.dsv
[3.235s] -- Up-to-date symlink: /home/ros/ros2_ws/install/examples_rclcpp_cbg_executor/share/examples_rclcpp_cbg_executor/environment/path.sh
[3.235s] -- Up-to-date symlink: /home/ros/ros2_ws/install/examples_rclcpp_cbg_executor/share/examples_rclcpp_cbg_executor/environment/path.dsv
[3.236s] -- Up-to-date symlink: /home/ros/ros2_ws/install/examples_rclcpp_cbg_executor/share/examples_rclcpp_cbg_executor/local_setup.bash
[3.236s] -- Up-to-date symlink: /home/ros/ros2_ws/install/examples_rclcpp_cbg_executor/share/examples_rclcpp_cbg_executor/local_setup.sh
[3.237s] -- Up-to-date symlink: /home/ros/ros2_ws/install/examples_rclcpp_cbg_executor/share/examples_rclcpp_cbg_executor/local_setup.zsh
[3.237s] -- Up-to-date symlink: /home/ros/ros2_ws/install/examples_rclcpp_cbg_executor/share/examples_rclcpp_cbg_executor/local_setup.dsv
[3.237s] -- Symlinking: /home/ros/ros2_ws/install/examples_rclcpp_cbg_executor/share/examples_rclcpp_cbg_executor/package.dsv
[3.278s] -- Up-to-date symlink: /home/ros/ros2_ws/install/examples_rclcpp_cbg_executor/share/ament_index/resource_index/packages/examples_rclcpp_cbg_executor
[3.279s] -- Up-to-date symlink: /home/ros/ros2_ws/install/examples_rclcpp_cbg_executor/share/examples_rclcpp_cbg_executor/cmake/ament_cmake_export_dependencies-extras.cmake
[3.279s] -- Up-to-date symlink: /home/ros/ros2_ws/install/examples_rclcpp_cbg_executor/share/examples_rclcpp_cbg_executor/cmake/examples_rclcpp_cbg_executorConfig.cmake
[3.280s] -- Up-to-date symlink: /home/ros/ros2_ws/install/examples_rclcpp_cbg_executor/share/examples_rclcpp_cbg_executor/cmake/examples_rclcpp_cbg_executorConfig-version.cmake
[3.284s] -- Up-to-date symlink: /home/ros/ros2_ws/install/examples_rclcpp_cbg_executor/share/examples_rclcpp_cbg_executor/package.xml
[3.322s] Invoked command in '/home/ros/ros2_ws/build/examples_rclcpp_cbg_executor' returned '0': CMAKE_PREFIX_PATH=/opt/ros/humble /usr/bin/cmake --install /home/ros/ros2_ws/build/examples_rclcpp_cbg_executor
