[1.548s] Invoking command in '/home/ros/ros2_ws/src/merge_arrays': PYTHONPATH=/home/ros/ros2_ws/build/merge_arrays/prefix_override:/home/ros/ros2_ws/install/merge_arrays/lib/python3.10/site-packages:${PYTHONPATH} /usr/bin/python3 setup.py egg_info --egg-base ../../build/merge_arrays build --build-base /home/ros/ros2_ws/build/merge_arrays/build install --record /home/ros/ros2_ws/build/merge_arrays/install.log --single-version-externally-managed
[2.062s] running egg_info
[2.063s] writing ../../build/merge_arrays/merge_arrays.egg-info/PKG-INFO
[2.064s] writing dependency_links to ../../build/merge_arrays/merge_arrays.egg-info/dependency_links.txt
[2.065s] writing entry points to ../../build/merge_arrays/merge_arrays.egg-info/entry_points.txt
[2.065s] writing requirements to ../../build/merge_arrays/merge_arrays.egg-info/requires.txt
[2.066s] writing top-level names to ../../build/merge_arrays/merge_arrays.egg-info/top_level.txt
[2.069s] reading manifest file '../../build/merge_arrays/merge_arrays.egg-info/SOURCES.txt'
[2.070s] writing manifest file '../../build/merge_arrays/merge_arrays.egg-info/SOURCES.txt'
[2.071s] running build
[2.071s] running build_py
[2.071s] copying merge_arrays/merge_arrays_node.py -> /home/ros/ros2_ws/build/merge_arrays/build/lib/merge_arrays
[2.072s] running install
[2.072s] /usr/lib/python3/dist-packages/setuptools/command/install.py:34: SetuptoolsDeprecationWarning: setup.py install is deprecated. Use build and pip and other standards-based tools.
[2.072s]   warnings.warn(
[2.073s] running install_lib
[2.074s] copying /home/ros/ros2_ws/build/merge_arrays/build/lib/merge_arrays/merge_arrays_node.py -> /home/ros/ros2_ws/install/merge_arrays/lib/python3.10/site-packages/merge_arrays
[2.075s] byte-compiling /home/ros/ros2_ws/install/merge_arrays/lib/python3.10/site-packages/merge_arrays/merge_arrays_node.py to merge_arrays_node.cpython-310.pyc
[2.076s] running install_data
[2.078s] running install_egg_info
[2.080s] removing '/home/ros/ros2_ws/install/merge_arrays/lib/python3.10/site-packages/merge_arrays-0.0.0-py3.10.egg-info' (and everything under it)
[2.080s] Copying ../../build/merge_arrays/merge_arrays.egg-info to /home/ros/ros2_ws/install/merge_arrays/lib/python3.10/site-packages/merge_arrays-0.0.0-py3.10.egg-info
[2.081s] running install_scripts
[2.114s] Installing merge_arrays_node script to /home/ros/ros2_ws/install/merge_arrays/lib/merge_arrays
[2.115s] writing list of installed files to '/home/ros/ros2_ws/build/merge_arrays/install.log'
[2.151s] Invoked command in '/home/ros/ros2_ws/src/merge_arrays' returned '0': PYTHONPATH=/home/ros/ros2_ws/build/merge_arrays/prefix_override:/home/ros/ros2_ws/install/merge_arrays/lib/python3.10/site-packages:${PYTHONPATH} /usr/bin/python3 setup.py egg_info --egg-base ../../build/merge_arrays build --build-base /home/ros/ros2_ws/build/merge_arrays/build install --record /home/ros/ros2_ws/build/merge_arrays/install.log --single-version-externally-managed
