[1.019s] Invoking command in '/home/ros/ros2_ws/build/examples_rclpy_minimal_service': PYTHONPATH=/home/ros/ros2_ws/build/examples_rclpy_minimal_service/prefix_override:/home/ros/ros2_ws/install/examples_rclpy_minimal_service/lib/python3.10/site-packages:${PYTHONPATH} /usr/bin/python3 setup.py develop --editable --build-directory /home/ros/ros2_ws/build/examples_rclpy_minimal_service/build --no-deps install_data
[1.465s] running develop
[1.466s] /usr/lib/python3/dist-packages/setuptools/command/easy_install.py:158: EasyInstallDeprecationWarning: easy_install command is deprecated. Use build and pip and other standards-based tools.
[1.466s]   warnings.warn(
[1.469s] /usr/lib/python3/dist-packages/setuptools/command/install.py:34: SetuptoolsDeprecationWarning: setup.py install is deprecated. Use build and pip and other standards-based tools.
[1.469s]   warnings.warn(
[1.594s] /usr/lib/python3/dist-packages/pkg_resources/__init__.py:116: PkgResourcesDeprecationWarning: 1.1build1 is an invalid version and will not be supported in a future release
[1.594s]   warnings.warn(
[1.595s] /usr/lib/python3/dist-packages/pkg_resources/__init__.py:116: PkgResourcesDeprecationWarning: 0.1.43ubuntu1 is an invalid version and will not be supported in a future release
[1.595s]   warnings.warn(
[1.783s] running egg_info
[1.783s] creating examples_rclpy_minimal_service.egg-info
[1.784s] writing examples_rclpy_minimal_service.egg-info/PKG-INFO
[1.785s] writing dependency_links to examples_rclpy_minimal_service.egg-info/dependency_links.txt
[1.785s] writing entry points to examples_rclpy_minimal_service.egg-info/entry_points.txt
[1.785s] writing requirements to examples_rclpy_minimal_service.egg-info/requires.txt
[1.785s] writing top-level names to examples_rclpy_minimal_service.egg-info/top_level.txt
[1.785s] writing manifest file 'examples_rclpy_minimal_service.egg-info/SOURCES.txt'
[1.790s] reading manifest file 'examples_rclpy_minimal_service.egg-info/SOURCES.txt'
[1.791s] writing manifest file 'examples_rclpy_minimal_service.egg-info/SOURCES.txt'
[1.794s] running build_ext
[1.794s] Creating /home/ros/ros2_ws/install/examples_rclpy_minimal_service/lib/python3.10/site-packages/examples-rclpy-minimal-service.egg-link (link to .)
[1.795s] Installing service script to /home/ros/ros2_ws/install/examples_rclpy_minimal_service/lib/examples_rclpy_minimal_service
[1.796s] Installing service_member_function script to /home/ros/ros2_ws/install/examples_rclpy_minimal_service/lib/examples_rclpy_minimal_service
[1.797s] 
[1.797s] Installed /home/ros/ros2_ws/build/examples_rclpy_minimal_service
[1.797s] running install_data
[1.798s] creating /home/ros/ros2_ws/install/examples_rclpy_minimal_service/share/ament_index
[1.798s] creating /home/ros/ros2_ws/install/examples_rclpy_minimal_service/share/ament_index/resource_index
[1.798s] creating /home/ros/ros2_ws/install/examples_rclpy_minimal_service/share/ament_index/resource_index/packages
[1.798s] copying resource/examples_rclpy_minimal_service -> /home/ros/ros2_ws/install/examples_rclpy_minimal_service/share/ament_index/resource_index/packages
[1.798s] copying package.xml -> /home/ros/ros2_ws/install/examples_rclpy_minimal_service/share/examples_rclpy_minimal_service
[1.854s] Invoked command in '/home/ros/ros2_ws/build/examples_rclpy_minimal_service' returned '0': PYTHONPATH=/home/ros/ros2_ws/build/examples_rclpy_minimal_service/prefix_override:/home/ros/ros2_ws/install/examples_rclpy_minimal_service/lib/python3.10/site-packages:${PYTHONPATH} /usr/bin/python3 setup.py develop --editable --build-directory /home/ros/ros2_ws/build/examples_rclpy_minimal_service/build --no-deps install_data
