[0.092s] Invoking command in '/home/ros/ros2_ws/build/examples_rclcpp_minimal_publisher': CMAKE_PREFIX_PATH=${CMAKE_PREFIX_PATH}:/home/ros/ros2_ws/install/launch_testing_examples:/home/ros/ros2_ws/install/examples_rclpy_pointcloud_publisher:/home/ros/ros2_ws/install/examples_rclpy_minimal_subscriber:/home/ros/ros2_ws/install/examples_rclpy_minimal_service:/home/ros/ros2_ws/install/examples_rclpy_minimal_publisher:/home/ros/ros2_ws/install/examples_rclpy_minimal_client:/home/ros/ros2_ws/install/examples_rclpy_minimal_action_server:/home/ros/ros2_ws/install/examples_rclpy_minimal_action_client:/home/ros/ros2_ws/install/examples_rclpy_guard_conditions:/home/ros/ros2_ws/install/examples_rclpy_executors:/opt/ros/humble /usr/bin/cmake --build /home/ros/ros2_ws/build/examples_rclcpp_minimal_publisher -- -j4 -l4
[0.325s] [ 16%] Built target publisher_member_function_with_type_adapter
[0.330s] [ 50%] Built target publisher_lambda
[0.330s] [ 50%] Built target publisher_member_function
[0.361s] [ 66%] Built target publisher_member_function_with_unique_network_flow_endpoints
[0.437s] [ 83%] Built target publisher_not_composable
[0.478s] [100%] Built target publisher_wait_for_all_acked
[0.526s] Invoked command in '/home/ros/ros2_ws/build/examples_rclcpp_minimal_publisher' returned '0': CMAKE_PREFIX_PATH=${CMAKE_PREFIX_PATH}:/home/ros/ros2_ws/install/launch_testing_examples:/home/ros/ros2_ws/install/examples_rclpy_pointcloud_publisher:/home/ros/ros2_ws/install/examples_rclpy_minimal_subscriber:/home/ros/ros2_ws/install/examples_rclpy_minimal_service:/home/ros/ros2_ws/install/examples_rclpy_minimal_publisher:/home/ros/ros2_ws/install/examples_rclpy_minimal_client:/home/ros/ros2_ws/install/examples_rclpy_minimal_action_server:/home/ros/ros2_ws/install/examples_rclpy_minimal_action_client:/home/ros/ros2_ws/install/examples_rclpy_guard_conditions:/home/ros/ros2_ws/install/examples_rclpy_executors:/opt/ros/humble /usr/bin/cmake --build /home/ros/ros2_ws/build/examples_rclcpp_minimal_publisher -- -j4 -l4
[0.788s] Invoking command in '/home/ros/ros2_ws/build/examples_rclcpp_minimal_publisher': CMAKE_PREFIX_PATH=${CMAKE_PREFIX_PATH}:/home/ros/ros2_ws/install/launch_testing_examples:/home/ros/ros2_ws/install/examples_rclpy_pointcloud_publisher:/home/ros/ros2_ws/install/examples_rclpy_minimal_subscriber:/home/ros/ros2_ws/install/examples_rclpy_minimal_service:/home/ros/ros2_ws/install/examples_rclpy_minimal_publisher:/home/ros/ros2_ws/install/examples_rclpy_minimal_client:/home/ros/ros2_ws/install/examples_rclpy_minimal_action_server:/home/ros/ros2_ws/install/examples_rclpy_minimal_action_client:/home/ros/ros2_ws/install/examples_rclpy_guard_conditions:/home/ros/ros2_ws/install/examples_rclpy_executors:/opt/ros/humble /usr/bin/cmake --install /home/ros/ros2_ws/build/examples_rclcpp_minimal_publisher
[0.824s] -- Install configuration: ""
[0.825s] -- Execute custom install script
[0.825s] -- Up-to-date symlink: /home/ros/ros2_ws/install/examples_rclcpp_minimal_publisher/lib/examples_rclcpp_minimal_publisher/publisher_lambda
[0.826s] -- Up-to-date symlink: /home/ros/ros2_ws/install/examples_rclcpp_minimal_publisher/lib/examples_rclcpp_minimal_publisher/publisher_member_function
[0.826s] -- Up-to-date symlink: /home/ros/ros2_ws/install/examples_rclcpp_minimal_publisher/lib/examples_rclcpp_minimal_publisher/publisher_member_function_with_type_adapter
[0.827s] -- Up-to-date symlink: /home/ros/ros2_ws/install/examples_rclcpp_minimal_publisher/lib/examples_rclcpp_minimal_publisher/publisher_member_function_with_unique_network_flow_endpoints
[0.829s] -- Up-to-date symlink: /home/ros/ros2_ws/install/examples_rclcpp_minimal_publisher/lib/examples_rclcpp_minimal_publisher/publisher_wait_for_all_acked
[0.830s] -- Up-to-date symlink: /home/ros/ros2_ws/install/examples_rclcpp_minimal_publisher/lib/examples_rclcpp_minimal_publisher/publisher_not_composable
[0.832s] -- Up-to-date symlink: /home/ros/ros2_ws/install/examples_rclcpp_minimal_publisher/share/ament_index/resource_index/package_run_dependencies/examples_rclcpp_minimal_publisher
[0.834s] -- Up-to-date symlink: /home/ros/ros2_ws/install/examples_rclcpp_minimal_publisher/share/ament_index/resource_index/parent_prefix_path/examples_rclcpp_minimal_publisher
[0.836s] -- Up-to-date symlink: /home/ros/ros2_ws/install/examples_rclcpp_minimal_publisher/share/examples_rclcpp_minimal_publisher/environment/ament_prefix_path.sh
[0.837s] -- Up-to-date symlink: /home/ros/ros2_ws/install/examples_rclcpp_minimal_publisher/share/examples_rclcpp_minimal_publisher/environment/ament_prefix_path.dsv
[0.838s] -- Up-to-date symlink: /home/ros/ros2_ws/install/examples_rclcpp_minimal_publisher/share/examples_rclcpp_minimal_publisher/environment/path.sh
[0.838s] -- Up-to-date symlink: /home/ros/ros2_ws/install/examples_rclcpp_minimal_publisher/share/examples_rclcpp_minimal_publisher/environment/path.dsv
[0.838s] -- Up-to-date symlink: /home/ros/ros2_ws/install/examples_rclcpp_minimal_publisher/share/examples_rclcpp_minimal_publisher/local_setup.bash
[0.839s] -- Up-to-date symlink: /home/ros/ros2_ws/install/examples_rclcpp_minimal_publisher/share/examples_rclcpp_minimal_publisher/local_setup.sh
[0.839s] -- Up-to-date symlink: /home/ros/ros2_ws/install/examples_rclcpp_minimal_publisher/share/examples_rclcpp_minimal_publisher/local_setup.zsh
[0.839s] -- Up-to-date symlink: /home/ros/ros2_ws/install/examples_rclcpp_minimal_publisher/share/examples_rclcpp_minimal_publisher/local_setup.dsv
[0.840s] -- Symlinking: /home/ros/ros2_ws/install/examples_rclcpp_minimal_publisher/share/examples_rclcpp_minimal_publisher/package.dsv
[0.840s] -- Up-to-date symlink: /home/ros/ros2_ws/install/examples_rclcpp_minimal_publisher/share/ament_index/resource_index/packages/examples_rclcpp_minimal_publisher
[0.840s] -- Up-to-date symlink: /home/ros/ros2_ws/install/examples_rclcpp_minimal_publisher/share/examples_rclcpp_minimal_publisher/cmake/examples_rclcpp_minimal_publisherConfig.cmake
[0.841s] -- Up-to-date symlink: /home/ros/ros2_ws/install/examples_rclcpp_minimal_publisher/share/examples_rclcpp_minimal_publisher/cmake/examples_rclcpp_minimal_publisherConfig-version.cmake
[0.841s] -- Up-to-date symlink: /home/ros/ros2_ws/install/examples_rclcpp_minimal_publisher/share/examples_rclcpp_minimal_publisher/package.xml
[0.925s] Invoked command in '/home/ros/ros2_ws/build/examples_rclcpp_minimal_publisher' returned '0': CMAKE_PREFIX_PATH=${CMAKE_PREFIX_PATH}:/home/ros/ros2_ws/install/launch_testing_examples:/home/ros/ros2_ws/install/examples_rclpy_pointcloud_publisher:/home/ros/ros2_ws/install/examples_rclpy_minimal_subscriber:/home/ros/ros2_ws/install/examples_rclpy_minimal_service:/home/ros/ros2_ws/install/examples_rclpy_minimal_publisher:/home/ros/ros2_ws/install/examples_rclpy_minimal_client:/home/ros/ros2_ws/install/examples_rclpy_minimal_action_server:/home/ros/ros2_ws/install/examples_rclpy_minimal_action_client:/home/ros/ros2_ws/install/examples_rclpy_guard_conditions:/home/ros/ros2_ws/install/examples_rclpy_executors:/opt/ros/humble /usr/bin/cmake --install /home/ros/ros2_ws/build/examples_rclcpp_minimal_publisher
