-- Found ament_cmake: 1.3.3 (/opt/ros/humble/share/ament_cmake/cmake)
-- Found ament_lint_auto: 0.12.5 (/opt/ros/humble/share/ament_lint_auto/cmake)
-- Added test 'cppcheck' to perform static code analysis on C / C++ code
-- Configured cppcheck include dirs: $<BUILD_INTERFACE:/home/ros/ros2_ws/src/merge_arrays/include>
-- Configured cppcheck exclude dirs and/or files: 
-- Added test 'lint_cmake' to check CMake code style
-- Added test 'uncrustify' to check C / C++ code style
-- Configured uncrustify additional arguments: 
-- Added test 'xmllint' to check XML markup files
-- Configuring done
-- Generating done
-- Build files have been written to: /home/ros/ros2_ws/build/merge_arrays
[ 50%] [32mBuilding CXX object CMakeFiles/merge_arrays_node.dir/src/merge_arrays_node.cpp.o[0m
[100%] [32m[1mLinking CXX executable merge_arrays_node[0m
[100%] Built target merge_arrays_node
-- Install configuration: ""
-- Installing: /home/ros/ros2_ws/install/merge_arrays/lib/merge_arrays/merge_arrays_node
-- Up-to-date: /home/ros/ros2_ws/install/merge_arrays/share/ament_index/resource_index/package_run_dependencies/merge_arrays
-- Installing: /home/ros/ros2_ws/install/merge_arrays/share/ament_index/resource_index/parent_prefix_path/merge_arrays
-- Up-to-date: /home/ros/ros2_ws/install/merge_arrays/share/merge_arrays/environment/ament_prefix_path.sh
-- Installing: /home/ros/ros2_ws/install/merge_arrays/share/merge_arrays/environment/ament_prefix_path.dsv
-- Up-to-date: /home/ros/ros2_ws/install/merge_arrays/share/merge_arrays/environment/path.sh
-- Installing: /home/ros/ros2_ws/install/merge_arrays/share/merge_arrays/environment/path.dsv
-- Up-to-date: /home/ros/ros2_ws/install/merge_arrays/share/merge_arrays/local_setup.bash
-- Up-to-date: /home/ros/ros2_ws/install/merge_arrays/share/merge_arrays/local_setup.sh
-- Up-to-date: /home/ros/ros2_ws/install/merge_arrays/share/merge_arrays/local_setup.zsh
-- Installing: /home/ros/ros2_ws/install/merge_arrays/share/merge_arrays/local_setup.dsv
-- Installing: /home/ros/ros2_ws/install/merge_arrays/share/merge_arrays/package.dsv
-- Up-to-date: /home/ros/ros2_ws/install/merge_arrays/share/ament_index/resource_index/packages/merge_arrays
-- Up-to-date: /home/ros/ros2_ws/install/merge_arrays/share/merge_arrays/cmake/merge_arraysConfig.cmake
-- Up-to-date: /home/ros/ros2_ws/install/merge_arrays/share/merge_arrays/cmake/merge_arraysConfig-version.cmake
-- Up-to-date: /home/ros/ros2_ws/install/merge_arrays/share/merge_arrays/package.xml
