[2.883s] Invoking command in '/home/ros/ros2_ws/build/examples_rclpy_minimal_action_server': PYTHONPATH=/home/ros/ros2_ws/build/examples_rclpy_minimal_action_server/prefix_override:/home/ros/ros2_ws/install/examples_rclpy_minimal_action_server/lib/python3.10/site-packages:${PYTHONPATH} /usr/bin/python3 setup.py develop --uninstall --editable --build-directory /home/ros/ros2_ws/build/examples_rclpy_minimal_action_server/build
[3.639s] running develop
[3.640s] /usr/lib/python3/dist-packages/setuptools/command/easy_install.py:158: EasyInstallDeprecationWarning: easy_install command is deprecated. Use build and pip and other standards-based tools.
[3.640s]   warnings.warn(
[3.644s] /usr/lib/python3/dist-packages/setuptools/command/install.py:34: SetuptoolsDeprecationWarning: setup.py install is deprecated. Use build and pip and other standards-based tools.
[3.644s]   warnings.warn(
[3.793s] /usr/lib/python3/dist-packages/pkg_resources/__init__.py:116: PkgResourcesDeprecationWarning: 1.1build1 is an invalid version and will not be supported in a future release
[3.793s]   warnings.warn(
[3.794s] /usr/lib/python3/dist-packages/pkg_resources/__init__.py:116: PkgResourcesDeprecationWarning: 0.1.43ubuntu1 is an invalid version and will not be supported in a future release
[3.794s]   warnings.warn(
[4.035s] Invoked command in '/home/ros/ros2_ws/build/examples_rclpy_minimal_action_server' returned '0': PYTHONPATH=/home/ros/ros2_ws/build/examples_rclpy_minimal_action_server/prefix_override:/home/ros/ros2_ws/install/examples_rclpy_minimal_action_server/lib/python3.10/site-packages:${PYTHONPATH} /usr/bin/python3 setup.py develop --uninstall --editable --build-directory /home/ros/ros2_ws/build/examples_rclpy_minimal_action_server/build
[4.073s] Invoking command in '/home/ros/ros2_ws/src/examples/rclpy/actions/minimal_action_server': PYTHONPATH=/home/ros/ros2_ws/build/examples_rclpy_minimal_action_server/prefix_override:/home/ros/ros2_ws/install/examples_rclpy_minimal_action_server/lib/python3.10/site-packages:${PYTHONPATH} /usr/bin/python3 setup.py egg_info --egg-base ../../../../../build/examples_rclpy_minimal_action_server build --build-base /home/ros/ros2_ws/build/examples_rclpy_minimal_action_server/build install --record /home/ros/ros2_ws/build/examples_rclpy_minimal_action_server/install.log --single-version-externally-managed
[4.784s] running egg_info
[4.786s] writing ../../../../../build/examples_rclpy_minimal_action_server/examples_rclpy_minimal_action_server.egg-info/PKG-INFO
[4.787s] writing dependency_links to ../../../../../build/examples_rclpy_minimal_action_server/examples_rclpy_minimal_action_server.egg-info/dependency_links.txt
[4.788s] writing entry points to ../../../../../build/examples_rclpy_minimal_action_server/examples_rclpy_minimal_action_server.egg-info/entry_points.txt
[4.788s] writing requirements to ../../../../../build/examples_rclpy_minimal_action_server/examples_rclpy_minimal_action_server.egg-info/requires.txt
[4.789s] writing top-level names to ../../../../../build/examples_rclpy_minimal_action_server/examples_rclpy_minimal_action_server.egg-info/top_level.txt
[4.795s] reading manifest file '../../../../../build/examples_rclpy_minimal_action_server/examples_rclpy_minimal_action_server.egg-info/SOURCES.txt'
[4.819s] writing manifest file '../../../../../build/examples_rclpy_minimal_action_server/examples_rclpy_minimal_action_server.egg-info/SOURCES.txt'
[4.820s] running build
[4.820s] running build_py
[4.820s] running install
[4.820s] running install_lib
[4.821s] running install_data
[4.821s] /usr/lib/python3/dist-packages/setuptools/command/install.py:34: SetuptoolsDeprecationWarning: setup.py install is deprecated. Use build and pip and other standards-based tools.
[4.821s]   warnings.warn(
[4.835s] running install_egg_info
[4.837s] removing '/home/ros/ros2_ws/install/examples_rclpy_minimal_action_server/lib/python3.10/site-packages/examples_rclpy_minimal_action_server-0.15.1-py3.10.egg-info' (and everything under it)
[4.838s] Copying ../../../../../build/examples_rclpy_minimal_action_server/examples_rclpy_minimal_action_server.egg-info to /home/ros/ros2_ws/install/examples_rclpy_minimal_action_server/lib/python3.10/site-packages/examples_rclpy_minimal_action_server-0.15.1-py3.10.egg-info
[4.840s] running install_scripts
[4.948s] Installing server script to /home/ros/ros2_ws/install/examples_rclpy_minimal_action_server/lib/examples_rclpy_minimal_action_server
[4.972s] Installing server_defer script to /home/ros/ros2_ws/install/examples_rclpy_minimal_action_server/lib/examples_rclpy_minimal_action_server
[4.973s] Installing server_not_composable script to /home/ros/ros2_ws/install/examples_rclpy_minimal_action_server/lib/examples_rclpy_minimal_action_server
[4.973s] Installing server_queue_goals script to /home/ros/ros2_ws/install/examples_rclpy_minimal_action_server/lib/examples_rclpy_minimal_action_server
[4.973s] Installing server_single_goal script to /home/ros/ros2_ws/install/examples_rclpy_minimal_action_server/lib/examples_rclpy_minimal_action_server
[4.978s] writing list of installed files to '/home/ros/ros2_ws/build/examples_rclpy_minimal_action_server/install.log'
[5.053s] Invoked command in '/home/ros/ros2_ws/src/examples/rclpy/actions/minimal_action_server' returned '0': PYTHONPATH=/home/ros/ros2_ws/build/examples_rclpy_minimal_action_server/prefix_override:/home/ros/ros2_ws/install/examples_rclpy_minimal_action_server/lib/python3.10/site-packages:${PYTHONPATH} /usr/bin/python3 setup.py egg_info --egg-base ../../../../../build/examples_rclpy_minimal_action_server build --build-base /home/ros/ros2_ws/build/examples_rclpy_minimal_action_server/build install --record /home/ros/ros2_ws/build/examples_rclpy_minimal_action_server/install.log --single-version-externally-managed
