[0.192s] Invoking command in '/home/ros/ros2_ws/build/examples_rclcpp_minimal_client': CMAKE_PREFIX_PATH=/opt/ros/humble /usr/bin/cmake /home/ros/ros2_ws/src/examples/rclcpp/services/minimal_client -DAMENT_CMAKE_SYMLINK_INSTALL=1 -DCMAKE_INSTALL_PREFIX=/home/ros/ros2_ws/install/examples_rclcpp_minimal_client
[0.605s] -- The C compiler identification is GNU 11.3.0
[0.811s] -- The CXX compiler identification is GNU 11.3.0
[0.841s] -- Detecting C compiler ABI info
[1.110s] -- Detecting C compiler ABI info - done
[1.154s] -- Check for working C compiler: /usr/bin/cc - skipped
[1.154s] -- Detecting C compile features
[1.154s] -- Detecting C compile features - done
[1.165s] -- Detecting CXX compiler ABI info
[1.664s] -- Detecting CXX compiler ABI info - done
[1.673s] -- Check for working CXX compiler: /usr/bin/c++ - skipped
[1.675s] -- Detecting CXX compile features
[1.724s] -- Detecting CXX compile features - done
[1.724s] -- Found ament_cmake: 1.3.3 (/opt/ros/humble/share/ament_cmake/cmake)
[2.285s] -- Found Python3: /usr/bin/python3.10 (found version "3.10.6") found components: Interpreter 
[2.492s] -- Override CMake install command with custom implementation using symlinks instead of copying resources
[2.646s] -- Found example_interfaces: 0.9.3 (/opt/ros/humble/share/example_interfaces/cmake)
[2.878s] -- Found rosidl_generator_c: 3.1.4 (/opt/ros/humble/share/rosidl_generator_c/cmake)
[2.894s] -- Found rosidl_adapter: 3.1.4 (/opt/ros/humble/share/rosidl_adapter/cmake)
[2.918s] -- Found rosidl_generator_cpp: 3.1.4 (/opt/ros/humble/share/rosidl_generator_cpp/cmake)
[2.962s] -- Using all available rosidl_typesupport_c: rosidl_typesupport_fastrtps_c;rosidl_typesupport_introspection_c
[3.013s] -- Using all available rosidl_typesupport_cpp: rosidl_typesupport_fastrtps_cpp;rosidl_typesupport_introspection_cpp
[3.876s] -- Found rclcpp: 16.0.3 (/opt/ros/humble/share/rclcpp/cmake)
[4.108s] -- Found rmw_implementation_cmake: 6.1.1 (/opt/ros/humble/share/rmw_implementation_cmake/cmake)
[4.112s] -- Found rmw_fastrtps_cpp: 6.2.2 (/opt/ros/humble/share/rmw_fastrtps_cpp/cmake)
[4.572s] -- Found OpenSSL: /usr/lib/x86_64-linux-gnu/libcrypto.so (found version "3.0.2")  
[4.656s] -- Found FastRTPS: /opt/ros/humble/include  
[4.854s] -- Using RMW implementation 'rmw_fastrtps_cpp' as default
[4.869s] -- Looking for pthread.h
[5.206s] -- Looking for pthread.h - found
[5.206s] -- Performing Test CMAKE_HAVE_LIBC_PTHREAD
[5.678s] -- Performing Test CMAKE_HAVE_LIBC_PTHREAD - Success
[5.680s] -- Found Threads: TRUE  
[6.367s] -- Found ament_lint_auto: 0.12.5 (/opt/ros/humble/share/ament_lint_auto/cmake)
[6.629s] -- Added test 'copyright' to check source files copyright and LICENSE
[6.631s] -- Added test 'cppcheck' to perform static code analysis on C / C++ code
[6.632s] -- Configured cppcheck include dirs: 
[6.632s] -- Configured cppcheck exclude dirs and/or files: 
[6.634s] -- Added test 'cpplint' to check C / C++ code against the Google style
[6.634s] -- Configured cpplint exclude dirs and/or files: 
[6.635s] -- Added test 'lint_cmake' to check CMake code style
[6.636s] -- Added test 'uncrustify' to check C / C++ code style
[6.636s] -- Configured uncrustify additional arguments: 
[6.637s] -- Added test 'xmllint' to check XML markup files
[6.642s] -- Configuring done
[6.661s] -- Generating done
[6.666s] -- Build files have been written to: /home/ros/ros2_ws/build/examples_rclcpp_minimal_client
[6.688s] Invoked command in '/home/ros/ros2_ws/build/examples_rclcpp_minimal_client' returned '0': CMAKE_PREFIX_PATH=/opt/ros/humble /usr/bin/cmake /home/ros/ros2_ws/src/examples/rclcpp/services/minimal_client -DAMENT_CMAKE_SYMLINK_INSTALL=1 -DCMAKE_INSTALL_PREFIX=/home/ros/ros2_ws/install/examples_rclcpp_minimal_client
[6.689s] Invoking command in '/home/ros/ros2_ws/build/examples_rclcpp_minimal_client': CMAKE_PREFIX_PATH=/opt/ros/humble /usr/bin/cmake --build /home/ros/ros2_ws/build/examples_rclcpp_minimal_client -- -j4 -l4
[7.058s] [ 50%] [32mBuilding CXX object CMakeFiles/client_main.dir/main.cpp.o[0m
[20.841s] [100%] [32m[1mLinking CXX executable client_main[0m
[21.543s] [100%] Built target client_main
[21.618s] Invoked command in '/home/ros/ros2_ws/build/examples_rclcpp_minimal_client' returned '0': CMAKE_PREFIX_PATH=/opt/ros/humble /usr/bin/cmake --build /home/ros/ros2_ws/build/examples_rclcpp_minimal_client -- -j4 -l4
[22.011s] Invoking command in '/home/ros/ros2_ws/build/examples_rclcpp_minimal_client': CMAKE_PREFIX_PATH=/opt/ros/humble /usr/bin/cmake --install /home/ros/ros2_ws/build/examples_rclcpp_minimal_client
[22.036s] -- Install configuration: ""
[22.038s] -- Execute custom install script
[22.038s] -- Symlinking: /home/ros/ros2_ws/install/examples_rclcpp_minimal_client/lib/examples_rclcpp_minimal_client/client_main
[22.071s] -- Symlinking: /home/ros/ros2_ws/install/examples_rclcpp_minimal_client/share/ament_index/resource_index/package_run_dependencies/examples_rclcpp_minimal_client
[22.095s] -- Symlinking: /home/ros/ros2_ws/install/examples_rclcpp_minimal_client/share/ament_index/resource_index/parent_prefix_path/examples_rclcpp_minimal_client
[22.127s] -- Symlinking: /home/ros/ros2_ws/install/examples_rclcpp_minimal_client/share/examples_rclcpp_minimal_client/environment/ament_prefix_path.sh
[22.181s] -- Symlinking: /home/ros/ros2_ws/install/examples_rclcpp_minimal_client/share/examples_rclcpp_minimal_client/environment/ament_prefix_path.dsv
[22.223s] -- Symlinking: /home/ros/ros2_ws/install/examples_rclcpp_minimal_client/share/examples_rclcpp_minimal_client/environment/path.sh
[22.298s] -- Symlinking: /home/ros/ros2_ws/install/examples_rclcpp_minimal_client/share/examples_rclcpp_minimal_client/environment/path.dsv
[22.344s] -- Symlinking: /home/ros/ros2_ws/install/examples_rclcpp_minimal_client/share/examples_rclcpp_minimal_client/local_setup.bash
[22.395s] -- Symlinking: /home/ros/ros2_ws/install/examples_rclcpp_minimal_client/share/examples_rclcpp_minimal_client/local_setup.sh
[22.421s] -- Symlinking: /home/ros/ros2_ws/install/examples_rclcpp_minimal_client/share/examples_rclcpp_minimal_client/local_setup.zsh
[22.478s] -- Symlinking: /home/ros/ros2_ws/install/examples_rclcpp_minimal_client/share/examples_rclcpp_minimal_client/local_setup.dsv
[22.520s] -- Symlinking: /home/ros/ros2_ws/install/examples_rclcpp_minimal_client/share/examples_rclcpp_minimal_client/package.dsv
[22.570s] -- Symlinking: /home/ros/ros2_ws/install/examples_rclcpp_minimal_client/share/ament_index/resource_index/packages/examples_rclcpp_minimal_client
[22.615s] -- Symlinking: /home/ros/ros2_ws/install/examples_rclcpp_minimal_client/share/examples_rclcpp_minimal_client/cmake/examples_rclcpp_minimal_clientConfig.cmake
[22.671s] -- Symlinking: /home/ros/ros2_ws/install/examples_rclcpp_minimal_client/share/examples_rclcpp_minimal_client/cmake/examples_rclcpp_minimal_clientConfig-version.cmake
[22.713s] -- Symlinking: /home/ros/ros2_ws/install/examples_rclcpp_minimal_client/share/examples_rclcpp_minimal_client/package.xml
[22.762s] Invoked command in '/home/ros/ros2_ws/build/examples_rclcpp_minimal_client' returned '0': CMAKE_PREFIX_PATH=/opt/ros/humble /usr/bin/cmake --install /home/ros/ros2_ws/build/examples_rclcpp_minimal_client
