[1.699s] Invoking command in '/home/ros/ros2_ws/build/examples_rclpy_minimal_publisher': PYTHONPATH=/home/ros/ros2_ws/build/examples_rclpy_minimal_publisher/prefix_override:/home/ros/ros2_ws/install/examples_rclpy_minimal_publisher/lib/python3.10/site-packages:${PYTHONPATH} /usr/bin/python3 setup.py develop --uninstall --editable --build-directory /home/ros/ros2_ws/build/examples_rclpy_minimal_publisher/build
[2.209s] running develop
[2.211s] /usr/lib/python3/dist-packages/setuptools/command/easy_install.py:158: EasyInstallDeprecationWarning: easy_install command is deprecated. Use build and pip and other standards-based tools.
[2.211s]   warnings.warn(
[2.213s] /usr/lib/python3/dist-packages/setuptools/command/install.py:34: SetuptoolsDeprecationWarning: setup.py install is deprecated. Use build and pip and other standards-based tools.
[2.214s]   warnings.warn(
[2.308s] /usr/lib/python3/dist-packages/pkg_resources/__init__.py:116: PkgResourcesDeprecationWarning: 1.1build1 is an invalid version and will not be supported in a future release
[2.308s]   warnings.warn(
[2.309s] /usr/lib/python3/dist-packages/pkg_resources/__init__.py:116: PkgResourcesDeprecationWarning: 0.1.43ubuntu1 is an invalid version and will not be supported in a future release
[2.309s]   warnings.warn(
[2.676s] Invoked command in '/home/ros/ros2_ws/build/examples_rclpy_minimal_publisher' returned '0': PYTHONPATH=/home/ros/ros2_ws/build/examples_rclpy_minimal_publisher/prefix_override:/home/ros/ros2_ws/install/examples_rclpy_minimal_publisher/lib/python3.10/site-packages:${PYTHONPATH} /usr/bin/python3 setup.py develop --uninstall --editable --build-directory /home/ros/ros2_ws/build/examples_rclpy_minimal_publisher/build
[2.680s] Invoking command in '/home/ros/ros2_ws/src/examples/rclpy/topics/minimal_publisher': PYTHONPATH=/home/ros/ros2_ws/build/examples_rclpy_minimal_publisher/prefix_override:/home/ros/ros2_ws/install/examples_rclpy_minimal_publisher/lib/python3.10/site-packages:${PYTHONPATH} /usr/bin/python3 setup.py egg_info --egg-base ../../../../../build/examples_rclpy_minimal_publisher build --build-base /home/ros/ros2_ws/build/examples_rclpy_minimal_publisher/build install --record /home/ros/ros2_ws/build/examples_rclpy_minimal_publisher/install.log --single-version-externally-managed
[3.203s] running egg_info
[3.204s] writing ../../../../../build/examples_rclpy_minimal_publisher/examples_rclpy_minimal_publisher.egg-info/PKG-INFO
[3.208s] writing dependency_links to ../../../../../build/examples_rclpy_minimal_publisher/examples_rclpy_minimal_publisher.egg-info/dependency_links.txt
[3.208s] writing entry points to ../../../../../build/examples_rclpy_minimal_publisher/examples_rclpy_minimal_publisher.egg-info/entry_points.txt
[3.209s] writing requirements to ../../../../../build/examples_rclpy_minimal_publisher/examples_rclpy_minimal_publisher.egg-info/requires.txt
[3.209s] writing top-level names to ../../../../../build/examples_rclpy_minimal_publisher/examples_rclpy_minimal_publisher.egg-info/top_level.txt
[3.217s] reading manifest file '../../../../../build/examples_rclpy_minimal_publisher/examples_rclpy_minimal_publisher.egg-info/SOURCES.txt'
[3.220s] writing manifest file '../../../../../build/examples_rclpy_minimal_publisher/examples_rclpy_minimal_publisher.egg-info/SOURCES.txt'
[3.220s] running build
[3.220s] running build_py
[3.223s] running install
[3.224s] /usr/lib/python3/dist-packages/setuptools/command/install.py:34: SetuptoolsDeprecationWarning: setup.py install is deprecated. Use build and pip and other standards-based tools.
[3.224s]   warnings.warn(
[3.225s] running install_lib
[3.230s] running install_data
[3.233s] running install_egg_info
[3.236s] removing '/home/ros/ros2_ws/install/examples_rclpy_minimal_publisher/lib/python3.10/site-packages/examples_rclpy_minimal_publisher-0.15.1-py3.10.egg-info' (and everything under it)
[3.237s] Copying ../../../../../build/examples_rclpy_minimal_publisher/examples_rclpy_minimal_publisher.egg-info to /home/ros/ros2_ws/install/examples_rclpy_minimal_publisher/lib/python3.10/site-packages/examples_rclpy_minimal_publisher-0.15.1-py3.10.egg-info
[3.239s] running install_scripts
[3.266s] Installing publisher_local_function script to /home/ros/ros2_ws/install/examples_rclpy_minimal_publisher/lib/examples_rclpy_minimal_publisher
[3.267s] Installing publisher_member_function script to /home/ros/ros2_ws/install/examples_rclpy_minimal_publisher/lib/examples_rclpy_minimal_publisher
[3.267s] Installing publisher_old_school script to /home/ros/ros2_ws/install/examples_rclpy_minimal_publisher/lib/examples_rclpy_minimal_publisher
[3.268s] writing list of installed files to '/home/ros/ros2_ws/build/examples_rclpy_minimal_publisher/install.log'
[3.703s] Invoked command in '/home/ros/ros2_ws/src/examples/rclpy/topics/minimal_publisher' returned '0': PYTHONPATH=/home/ros/ros2_ws/build/examples_rclpy_minimal_publisher/prefix_override:/home/ros/ros2_ws/install/examples_rclpy_minimal_publisher/lib/python3.10/site-packages:${PYTHONPATH} /usr/bin/python3 setup.py egg_info --egg-base ../../../../../build/examples_rclpy_minimal_publisher build --build-base /home/ros/ros2_ws/build/examples_rclpy_minimal_publisher/build install --record /home/ros/ros2_ws/build/examples_rclpy_minimal_publisher/install.log --single-version-externally-managed
