[0.041s] Invoking command in '/home/ros/ros2_ws/build/merge_arrays': CMAKE_PREFIX_PATH=${CMAKE_PREFIX_PATH}:/home/ros/ros2_ws/install/launch_testing_examples:/home/ros/ros2_ws/install/examples_rclpy_pointcloud_publisher:/home/ros/ros2_ws/install/examples_rclpy_minimal_subscriber:/home/ros/ros2_ws/install/examples_rclpy_minimal_service:/home/ros/ros2_ws/install/examples_rclpy_minimal_publisher:/home/ros/ros2_ws/install/examples_rclpy_minimal_client:/home/ros/ros2_ws/install/examples_rclpy_minimal_action_server:/home/ros/ros2_ws/install/examples_rclpy_minimal_action_client:/home/ros/ros2_ws/install/examples_rclpy_guard_conditions:/home/ros/ros2_ws/install/examples_rclpy_executors:/opt/ros/humble /usr/bin/cmake --build /home/ros/ros2_ws/build/merge_arrays -- -j4 -l4
[0.127s] [35m[1mConsolidate compiler generated dependencies of target merge_arrays_node[0m
[0.171s] [ 25%] [32mBuilding CXX object CMakeFiles/merge_arrays_node.dir/src/merge_arrays_node.cpp.o[0m
[0.173s] [ 75%] Built target listener
[13.156s] [100%] [32m[1mLinking CXX executable merge_arrays_node[0m
[13.755s] [100%] Built target merge_arrays_node
[13.777s] Invoked command in '/home/ros/ros2_ws/build/merge_arrays' returned '0': CMAKE_PREFIX_PATH=${CMAKE_PREFIX_PATH}:/home/ros/ros2_ws/install/launch_testing_examples:/home/ros/ros2_ws/install/examples_rclpy_pointcloud_publisher:/home/ros/ros2_ws/install/examples_rclpy_minimal_subscriber:/home/ros/ros2_ws/install/examples_rclpy_minimal_service:/home/ros/ros2_ws/install/examples_rclpy_minimal_publisher:/home/ros/ros2_ws/install/examples_rclpy_minimal_client:/home/ros/ros2_ws/install/examples_rclpy_minimal_action_server:/home/ros/ros2_ws/install/examples_rclpy_minimal_action_client:/home/ros/ros2_ws/install/examples_rclpy_guard_conditions:/home/ros/ros2_ws/install/examples_rclpy_executors:/opt/ros/humble /usr/bin/cmake --build /home/ros/ros2_ws/build/merge_arrays -- -j4 -l4
[13.866s] Invoking command in '/home/ros/ros2_ws/build/merge_arrays': CMAKE_PREFIX_PATH=${CMAKE_PREFIX_PATH}:/home/ros/ros2_ws/install/launch_testing_examples:/home/ros/ros2_ws/install/examples_rclpy_pointcloud_publisher:/home/ros/ros2_ws/install/examples_rclpy_minimal_subscriber:/home/ros/ros2_ws/install/examples_rclpy_minimal_service:/home/ros/ros2_ws/install/examples_rclpy_minimal_publisher:/home/ros/ros2_ws/install/examples_rclpy_minimal_client:/home/ros/ros2_ws/install/examples_rclpy_minimal_action_server:/home/ros/ros2_ws/install/examples_rclpy_minimal_action_client:/home/ros/ros2_ws/install/examples_rclpy_guard_conditions:/home/ros/ros2_ws/install/examples_rclpy_executors:/opt/ros/humble /usr/bin/cmake --install /home/ros/ros2_ws/build/merge_arrays
[13.880s] -- Install configuration: ""
[13.882s] -- Installing: /home/ros/ros2_ws/install/merge_arrays/lib/merge_arrays/merge_arrays_node
[13.930s] -- Set runtime path of "/home/ros/ros2_ws/install/merge_arrays/lib/merge_arrays/merge_arrays_node" to ""
[13.933s] -- Up-to-date: /home/ros/ros2_ws/install/merge_arrays/lib/merge_arrays/listener
[13.933s] -- Up-to-date: /home/ros/ros2_ws/install/merge_arrays/share/ament_index/resource_index/package_run_dependencies/merge_arrays
[13.933s] -- Up-to-date: /home/ros/ros2_ws/install/merge_arrays/share/ament_index/resource_index/parent_prefix_path/merge_arrays
[13.933s] -- Up-to-date: /home/ros/ros2_ws/install/merge_arrays/share/merge_arrays/environment/ament_prefix_path.sh
[13.934s] -- Up-to-date: /home/ros/ros2_ws/install/merge_arrays/share/merge_arrays/environment/ament_prefix_path.dsv
[13.934s] -- Up-to-date: /home/ros/ros2_ws/install/merge_arrays/share/merge_arrays/environment/path.sh
[13.934s] -- Up-to-date: /home/ros/ros2_ws/install/merge_arrays/share/merge_arrays/environment/path.dsv
[13.935s] -- Up-to-date: /home/ros/ros2_ws/install/merge_arrays/share/merge_arrays/local_setup.bash
[13.935s] -- Up-to-date: /home/ros/ros2_ws/install/merge_arrays/share/merge_arrays/local_setup.sh
[13.935s] -- Up-to-date: /home/ros/ros2_ws/install/merge_arrays/share/merge_arrays/local_setup.zsh
[13.935s] -- Up-to-date: /home/ros/ros2_ws/install/merge_arrays/share/merge_arrays/local_setup.dsv
[13.935s] -- Installing: /home/ros/ros2_ws/install/merge_arrays/share/merge_arrays/package.dsv
[13.936s] -- Up-to-date: /home/ros/ros2_ws/install/merge_arrays/share/ament_index/resource_index/packages/merge_arrays
[13.936s] -- Up-to-date: /home/ros/ros2_ws/install/merge_arrays/share/merge_arrays/cmake/merge_arraysConfig.cmake
[13.936s] -- Up-to-date: /home/ros/ros2_ws/install/merge_arrays/share/merge_arrays/cmake/merge_arraysConfig-version.cmake
[13.936s] -- Up-to-date: /home/ros/ros2_ws/install/merge_arrays/share/merge_arrays/package.xml
[13.939s] Invoked command in '/home/ros/ros2_ws/build/merge_arrays' returned '0': CMAKE_PREFIX_PATH=${CMAKE_PREFIX_PATH}:/home/ros/ros2_ws/install/launch_testing_examples:/home/ros/ros2_ws/install/examples_rclpy_pointcloud_publisher:/home/ros/ros2_ws/install/examples_rclpy_minimal_subscriber:/home/ros/ros2_ws/install/examples_rclpy_minimal_service:/home/ros/ros2_ws/install/examples_rclpy_minimal_publisher:/home/ros/ros2_ws/install/examples_rclpy_minimal_client:/home/ros/ros2_ws/install/examples_rclpy_minimal_action_server:/home/ros/ros2_ws/install/examples_rclpy_minimal_action_client:/home/ros/ros2_ws/install/examples_rclpy_guard_conditions:/home/ros/ros2_ws/install/examples_rclpy_executors:/opt/ros/humble /usr/bin/cmake --install /home/ros/ros2_ws/build/merge_arrays
