[0.812s] DEBUG:colcon:Command line arguments: ['/usr/bin/colcon', 'build', '--packages-select', 'merge_arrays']
[0.812s] DEBUG:colcon:Parsed command line arguments: Namespace(log_base=None, log_level=None, verb_name='build', build_base='build', install_base='install', merge_install=False, symlink_install=False, test_result_base=None, continue_on_error=False, executor='parallel', parallel_workers=4, event_handlers=None, ignore_user_meta=False, metas=['./colcon.meta'], base_paths=['.'], packages_ignore=None, packages_ignore_regex=None, paths=None, packages_up_to=None, packages_up_to_regex=None, packages_above=None, packages_above_and_dependencies=None, packages_above_depth=None, packages_select_by_dep=None, packages_skip_by_dep=None, packages_skip_up_to=None, packages_select_build_failed=False, packages_skip_build_finished=False, packages_select_test_failures=False, packages_skip_test_passed=False, packages_select=['merge_arrays'], packages_skip=None, packages_select_regex=None, packages_skip_regex=None, packages_start=None, packages_end=None, allow_overriding=[], cmake_args=None, cmake_target=None, cmake_target_skip_unavailable=False, cmake_clean_cache=False, cmake_clean_first=False, cmake_force_configure=False, ament_cmake_args=None, catkin_cmake_args=None, catkin_skip_building_tests=False, verb_parser=<colcon_defaults.argument_parser.defaults.DefaultArgumentsDecorator object at 0x7fc2514a35e0>, verb_extension=<colcon_core.verb.build.BuildVerb object at 0x7fc251bcd240>, main=<bound method BuildVerb.main of <colcon_core.verb.build.BuildVerb object at 0x7fc251bcd240>>)
[0.873s] Level 1:colcon.colcon_core.package_discovery:discover_packages(colcon_meta) check parameters
[0.873s] Level 1:colcon.colcon_core.package_discovery:discover_packages(recursive) check parameters
[0.873s] Level 1:colcon.colcon_core.package_discovery:discover_packages(ignore) check parameters
[0.873s] Level 1:colcon.colcon_core.package_discovery:discover_packages(path) check parameters
[0.873s] Level 1:colcon.colcon_core.package_discovery:discover_packages(colcon_meta) discover
[0.873s] Level 1:colcon.colcon_core.package_discovery:discover_packages(recursive) discover
[0.873s] INFO:colcon.colcon_core.package_discovery:Crawling recursively for packages in '/home/ros/ros2_ws'
[0.874s] Level 1:colcon.colcon_core.package_identification:_identify(.) by extensions ['ignore', 'ignore_ament_install']
[0.874s] Level 1:colcon.colcon_core.package_identification:_identify(.) by extension 'ignore'
[0.874s] Level 1:colcon.colcon_core.package_identification:_identify(.) by extension 'ignore_ament_install'
[0.874s] Level 1:colcon.colcon_core.package_identification:_identify(.) by extensions ['colcon_pkg']
[0.874s] Level 1:colcon.colcon_core.package_identification:_identify(.) by extension 'colcon_pkg'
[0.874s] Level 1:colcon.colcon_core.package_identification:_identify(.) by extensions ['colcon_meta']
[0.874s] Level 1:colcon.colcon_core.package_identification:_identify(.) by extension 'colcon_meta'
[0.874s] Level 1:colcon.colcon_core.package_identification:_identify(.) by extensions ['ros']
[0.874s] Level 1:colcon.colcon_core.package_identification:_identify(.) by extension 'ros'
[0.893s] Level 1:colcon.colcon_core.package_identification:_identify(.) by extensions ['cmake', 'python']
[0.893s] Level 1:colcon.colcon_core.package_identification:_identify(.) by extension 'cmake'
[0.893s] Level 1:colcon.colcon_core.package_identification:_identify(.) by extension 'python'
[0.894s] Level 1:colcon.colcon_core.package_identification:_identify(.) by extensions ['python_setup_py']
[0.894s] Level 1:colcon.colcon_core.package_identification:_identify(.) by extension 'python_setup_py'
[0.894s] Level 1:colcon.colcon_core.package_identification:_identify(build) by extensions ['ignore', 'ignore_ament_install']
[0.894s] Level 1:colcon.colcon_core.package_identification:_identify(build) by extension 'ignore'
[0.894s] Level 1:colcon.colcon_core.package_identification:_identify(build) ignored
[0.894s] Level 1:colcon.colcon_core.package_identification:_identify(install) by extensions ['ignore', 'ignore_ament_install']
[0.894s] Level 1:colcon.colcon_core.package_identification:_identify(install) by extension 'ignore'
[0.894s] Level 1:colcon.colcon_core.package_identification:_identify(install) ignored
[0.895s] Level 1:colcon.colcon_core.package_identification:_identify(log) by extensions ['ignore', 'ignore_ament_install']
[0.895s] Level 1:colcon.colcon_core.package_identification:_identify(log) by extension 'ignore'
[0.895s] Level 1:colcon.colcon_core.package_identification:_identify(log) ignored
[0.895s] Level 1:colcon.colcon_core.package_identification:_identify(src) by extensions ['ignore', 'ignore_ament_install']
[0.895s] Level 1:colcon.colcon_core.package_identification:_identify(src) by extension 'ignore'
[0.895s] Level 1:colcon.colcon_core.package_identification:_identify(src) by extension 'ignore_ament_install'
[0.895s] Level 1:colcon.colcon_core.package_identification:_identify(src) by extensions ['colcon_pkg']
[0.895s] Level 1:colcon.colcon_core.package_identification:_identify(src) by extension 'colcon_pkg'
[0.895s] Level 1:colcon.colcon_core.package_identification:_identify(src) by extensions ['colcon_meta']
[0.895s] Level 1:colcon.colcon_core.package_identification:_identify(src) by extension 'colcon_meta'
[0.895s] Level 1:colcon.colcon_core.package_identification:_identify(src) by extensions ['ros']
[0.895s] Level 1:colcon.colcon_core.package_identification:_identify(src) by extension 'ros'
[0.896s] Level 1:colcon.colcon_core.package_identification:_identify(src) by extensions ['cmake', 'python']
[0.896s] Level 1:colcon.colcon_core.package_identification:_identify(src) by extension 'cmake'
[0.896s] Level 1:colcon.colcon_core.package_identification:_identify(src) by extension 'python'
[0.896s] Level 1:colcon.colcon_core.package_identification:_identify(src) by extensions ['python_setup_py']
[0.896s] Level 1:colcon.colcon_core.package_identification:_identify(src) by extension 'python_setup_py'
[0.896s] Level 1:colcon.colcon_core.package_identification:_identify(src/merge_arrays) by extensions ['ignore', 'ignore_ament_install']
[0.896s] Level 1:colcon.colcon_core.package_identification:_identify(src/merge_arrays) by extension 'ignore'
[0.896s] Level 1:colcon.colcon_core.package_identification:_identify(src/merge_arrays) by extension 'ignore_ament_install'
[0.896s] Level 1:colcon.colcon_core.package_identification:_identify(src/merge_arrays) by extensions ['colcon_pkg']
[0.896s] Level 1:colcon.colcon_core.package_identification:_identify(src/merge_arrays) by extension 'colcon_pkg'
[0.896s] Level 1:colcon.colcon_core.package_identification:_identify(src/merge_arrays) by extensions ['colcon_meta']
[0.896s] Level 1:colcon.colcon_core.package_identification:_identify(src/merge_arrays) by extension 'colcon_meta'
[0.897s] Level 1:colcon.colcon_core.package_identification:_identify(src/merge_arrays) by extensions ['ros']
[0.897s] Level 1:colcon.colcon_core.package_identification:_identify(src/merge_arrays) by extension 'ros'
[0.900s] DEBUG:colcon.colcon_core.package_identification:Package 'src/merge_arrays' with type 'ros.ament_python' and name 'merge_arrays'
[0.900s] Level 1:colcon.colcon_core.package_discovery:discover_packages(recursive) using defaults
[0.901s] Level 1:colcon.colcon_core.package_discovery:discover_packages(ignore) discover
[0.901s] Level 1:colcon.colcon_core.package_discovery:discover_packages(ignore) using defaults
[0.901s] Level 1:colcon.colcon_core.package_discovery:discover_packages(path) discover
[0.901s] Level 1:colcon.colcon_core.package_discovery:discover_packages(path) using defaults
[0.945s] Level 1:colcon.colcon_core.package_discovery:discover_packages(prefix_path) check parameters
[0.946s] Level 1:colcon.colcon_core.package_discovery:discover_packages(prefix_path) discover
[0.963s] DEBUG:colcon.colcon_installed_package_information.package_discovery:Found 24 installed packages in /home/ros/ros2_ws/install
[0.966s] DEBUG:colcon.colcon_installed_package_information.package_discovery:Found 284 installed packages in /opt/ros/humble
[0.970s] Level 1:colcon.colcon_core.package_discovery:discover_packages(prefix_path) using defaults
[1.121s] Level 5:colcon.colcon_core.verb:set package 'merge_arrays' build argument 'cmake_args' from command line to 'None'
[1.121s] Level 5:colcon.colcon_core.verb:set package 'merge_arrays' build argument 'cmake_target' from command line to 'None'
[1.121s] Level 5:colcon.colcon_core.verb:set package 'merge_arrays' build argument 'cmake_target_skip_unavailable' from command line to 'False'
[1.122s] Level 5:colcon.colcon_core.verb:set package 'merge_arrays' build argument 'cmake_clean_cache' from command line to 'False'
[1.122s] Level 5:colcon.colcon_core.verb:set package 'merge_arrays' build argument 'cmake_clean_first' from command line to 'False'
[1.122s] Level 5:colcon.colcon_core.verb:set package 'merge_arrays' build argument 'cmake_force_configure' from command line to 'False'
[1.122s] Level 5:colcon.colcon_core.verb:set package 'merge_arrays' build argument 'ament_cmake_args' from command line to 'None'
[1.122s] Level 5:colcon.colcon_core.verb:set package 'merge_arrays' build argument 'catkin_cmake_args' from command line to 'None'
[1.122s] Level 5:colcon.colcon_core.verb:set package 'merge_arrays' build argument 'catkin_skip_building_tests' from command line to 'False'
[1.122s] DEBUG:colcon.colcon_core.verb:Building package 'merge_arrays' with the following arguments: {'ament_cmake_args': None, 'build_base': '/home/ros/ros2_ws/build/merge_arrays', 'catkin_cmake_args': None, 'catkin_skip_building_tests': False, 'cmake_args': None, 'cmake_clean_cache': False, 'cmake_clean_first': False, 'cmake_force_configure': False, 'cmake_target': None, 'cmake_target_skip_unavailable': False, 'install_base': '/home/ros/ros2_ws/install/merge_arrays', 'merge_install': False, 'path': '/home/ros/ros2_ws/src/merge_arrays', 'symlink_install': False, 'test_result_base': None}
[1.123s] INFO:colcon.colcon_core.executor:Executing jobs using 'parallel' executor
[1.129s] DEBUG:colcon.colcon_parallel_executor.executor.parallel:run_until_complete
[1.130s] INFO:colcon.colcon_ros.task.ament_python.build:Building ROS package in '/home/ros/ros2_ws/src/merge_arrays' with build type 'ament_python'
[1.130s] Level 1:colcon.colcon_core.shell:create_environment_hook('merge_arrays', 'ament_prefix_path')
[1.139s] INFO:colcon.colcon_core.plugin_system:Skipping extension 'colcon_core.shell.bat': Not used on non-Windows systems
[1.140s] INFO:colcon.colcon_core.shell:Creating environment hook '/home/ros/ros2_ws/install/merge_arrays/share/merge_arrays/hook/ament_prefix_path.ps1'
[1.142s] INFO:colcon.colcon_core.shell:Creating environment descriptor '/home/ros/ros2_ws/install/merge_arrays/share/merge_arrays/hook/ament_prefix_path.dsv'
[1.143s] INFO:colcon.colcon_core.shell:Creating environment hook '/home/ros/ros2_ws/install/merge_arrays/share/merge_arrays/hook/ament_prefix_path.sh'
[1.148s] INFO:colcon.colcon_core.shell:Skip shell extension 'powershell' for command environment: Not usable outside of PowerShell
[1.148s] DEBUG:colcon.colcon_core.shell:Skip shell extension 'dsv' for command environment
[1.833s] INFO:colcon.colcon_core.task.python.build:Building Python package in '/home/ros/ros2_ws/src/merge_arrays'
[1.836s] INFO:colcon.colcon_core.shell:Skip shell extension 'powershell' for command environment: Not usable outside of PowerShell
[1.836s] DEBUG:colcon.colcon_core.shell:Skip shell extension 'dsv' for command environment
[2.440s] DEBUG:colcon.colcon_core.event_handler.log_command:Invoking command in '/home/ros/ros2_ws/src/merge_arrays': PYTHONPATH=/home/ros/ros2_ws/build/merge_arrays/prefix_override:/home/ros/ros2_ws/install/merge_arrays/lib/python3.10/site-packages:${PYTHONPATH} /usr/bin/python3 setup.py egg_info --egg-base ../../build/merge_arrays build --build-base /home/ros/ros2_ws/build/merge_arrays/build install --record /home/ros/ros2_ws/build/merge_arrays/install.log --single-version-externally-managed
[2.922s] DEBUG:colcon.colcon_core.event_handler.log_command:Invoked command in '/home/ros/ros2_ws/src/merge_arrays' returned '0': PYTHONPATH=/home/ros/ros2_ws/build/merge_arrays/prefix_override:/home/ros/ros2_ws/install/merge_arrays/lib/python3.10/site-packages:${PYTHONPATH} /usr/bin/python3 setup.py egg_info --egg-base ../../build/merge_arrays build --build-base /home/ros/ros2_ws/build/merge_arrays/build install --record /home/ros/ros2_ws/build/merge_arrays/install.log --single-version-externally-managed
[2.929s] Level 1:colcon.colcon_core.environment:checking '/home/ros/ros2_ws/install/merge_arrays' for CMake module files
[2.929s] Level 1:colcon.colcon_core.environment:checking '/home/ros/ros2_ws/install/merge_arrays' for CMake config files
[2.930s] Level 1:colcon.colcon_core.shell:create_environment_hook('merge_arrays', 'cmake_prefix_path')
[2.932s] INFO:colcon.colcon_core.shell:Creating environment hook '/home/ros/ros2_ws/install/merge_arrays/share/merge_arrays/hook/cmake_prefix_path.ps1'
[2.933s] INFO:colcon.colcon_core.shell:Creating environment descriptor '/home/ros/ros2_ws/install/merge_arrays/share/merge_arrays/hook/cmake_prefix_path.dsv'
[2.933s] INFO:colcon.colcon_core.shell:Creating environment hook '/home/ros/ros2_ws/install/merge_arrays/share/merge_arrays/hook/cmake_prefix_path.sh'
[2.935s] Level 1:colcon.colcon_core.environment:checking '/home/ros/ros2_ws/install/merge_arrays/lib'
[2.935s] Level 1:colcon.colcon_core.environment:checking '/home/ros/ros2_ws/install/merge_arrays/bin'
[2.935s] Level 1:colcon.colcon_core.environment:checking '/home/ros/ros2_ws/install/merge_arrays/lib/pkgconfig/merge_arrays.pc'
[2.936s] Level 1:colcon.colcon_core.environment:checking '/home/ros/ros2_ws/install/merge_arrays/lib/python3.10/site-packages'
[2.936s] Level 1:colcon.colcon_core.shell:create_environment_hook('merge_arrays', 'pythonpath')
[2.940s] INFO:colcon.colcon_core.shell:Creating environment hook '/home/ros/ros2_ws/install/merge_arrays/share/merge_arrays/hook/pythonpath.ps1'
[2.941s] INFO:colcon.colcon_core.shell:Creating environment descriptor '/home/ros/ros2_ws/install/merge_arrays/share/merge_arrays/hook/pythonpath.dsv'
[2.942s] INFO:colcon.colcon_core.shell:Creating environment hook '/home/ros/ros2_ws/install/merge_arrays/share/merge_arrays/hook/pythonpath.sh'
[2.943s] Level 1:colcon.colcon_core.environment:checking '/home/ros/ros2_ws/install/merge_arrays/bin'
[2.943s] Level 1:colcon.colcon_core.environment:create_environment_scripts_only(merge_arrays)
[2.946s] INFO:colcon.colcon_core.shell:Creating package script '/home/ros/ros2_ws/install/merge_arrays/share/merge_arrays/package.ps1'
[2.948s] INFO:colcon.colcon_core.shell:Creating package descriptor '/home/ros/ros2_ws/install/merge_arrays/share/merge_arrays/package.dsv'
[2.953s] INFO:colcon.colcon_core.shell:Creating package script '/home/ros/ros2_ws/install/merge_arrays/share/merge_arrays/package.sh'
[2.955s] INFO:colcon.colcon_core.shell:Creating package script '/home/ros/ros2_ws/install/merge_arrays/share/merge_arrays/package.bash'
[2.956s] INFO:colcon.colcon_core.shell:Creating package script '/home/ros/ros2_ws/install/merge_arrays/share/merge_arrays/package.zsh'
[2.958s] Level 1:colcon.colcon_core.environment:create_file_with_runtime_dependencies(/home/ros/ros2_ws/install/merge_arrays/share/colcon-core/packages/merge_arrays)
[2.959s] DEBUG:colcon.colcon_parallel_executor.executor.parallel:closing loop
[2.960s] DEBUG:colcon.colcon_parallel_executor.executor.parallel:loop closed
[2.960s] DEBUG:colcon.colcon_parallel_executor.executor.parallel:run_until_complete finished with '0'
[2.960s] DEBUG:colcon.colcon_core.event_reactor:joining thread
[2.974s] INFO:colcon.colcon_core.plugin_system:Skipping extension 'colcon_notification.desktop_notification.terminal_notifier': Not used on non-Darwin systems
[2.974s] INFO:colcon.colcon_core.plugin_system:Skipping extension 'colcon_notification.desktop_notification.win32': Not used on non-Windows systems
[2.974s] INFO:colcon.colcon_notification.desktop_notification:Sending desktop notification using 'notify2'
[3.005s] DEBUG:colcon.colcon_core.event_reactor:joined thread
[3.008s] INFO:colcon.colcon_core.shell:Creating prefix script '/home/ros/ros2_ws/install/local_setup.ps1'
[3.010s] INFO:colcon.colcon_core.shell:Creating prefix util module '/home/ros/ros2_ws/install/_local_setup_util_ps1.py'
[3.012s] INFO:colcon.colcon_core.shell:Creating prefix chain script '/home/ros/ros2_ws/install/setup.ps1'
[3.016s] INFO:colcon.colcon_core.shell:Creating prefix script '/home/ros/ros2_ws/install/local_setup.sh'
[3.017s] INFO:colcon.colcon_core.shell:Creating prefix util module '/home/ros/ros2_ws/install/_local_setup_util_sh.py'
[3.018s] INFO:colcon.colcon_core.shell:Creating prefix chain script '/home/ros/ros2_ws/install/setup.sh'
[3.025s] INFO:colcon.colcon_core.shell:Creating prefix script '/home/ros/ros2_ws/install/local_setup.bash'
[3.027s] INFO:colcon.colcon_core.shell:Creating prefix chain script '/home/ros/ros2_ws/install/setup.bash'
[3.035s] INFO:colcon.colcon_core.shell:Creating prefix script '/home/ros/ros2_ws/install/local_setup.zsh'
[3.037s] INFO:colcon.colcon_core.shell:Creating prefix chain script '/home/ros/ros2_ws/install/setup.zsh'
