[0.565s] DEBUG:colcon:Command line arguments: ['/usr/bin/colcon', 'build', '--packages-select', 'merge_arrays']
[0.565s] DEBUG:colcon:Parsed command line arguments: Namespace(log_base=None, log_level=None, verb_name='build', build_base='build', install_base='install', merge_install=False, symlink_install=False, test_result_base=None, continue_on_error=False, executor='parallel', parallel_workers=4, event_handlers=None, ignore_user_meta=False, metas=['./colcon.meta'], base_paths=['.'], packages_ignore=None, packages_ignore_regex=None, paths=None, packages_up_to=None, packages_up_to_regex=None, packages_above=None, packages_above_and_dependencies=None, packages_above_depth=None, packages_select_by_dep=None, packages_skip_by_dep=None, packages_skip_up_to=None, packages_select_build_failed=False, packages_skip_build_finished=False, packages_select_test_failures=False, packages_skip_test_passed=False, packages_select=['merge_arrays'], packages_skip=None, packages_select_regex=None, packages_skip_regex=None, packages_start=None, packages_end=None, allow_overriding=[], cmake_args=None, cmake_target=None, cmake_target_skip_unavailable=False, cmake_clean_cache=False, cmake_clean_first=False, cmake_force_configure=False, ament_cmake_args=None, catkin_cmake_args=None, catkin_skip_building_tests=False, verb_parser=<colcon_defaults.argument_parser.defaults.DefaultArgumentsDecorator object at 0x7f777031bd60>, verb_extension=<colcon_core.verb.build.BuildVerb object at 0x7f7770b52bc0>, main=<bound method BuildVerb.main of <colcon_core.verb.build.BuildVerb object at 0x7f7770b52bc0>>)
[0.619s] Level 1:colcon.colcon_core.package_discovery:discover_packages(colcon_meta) check parameters
[0.619s] Level 1:colcon.colcon_core.package_discovery:discover_packages(recursive) check parameters
[0.619s] Level 1:colcon.colcon_core.package_discovery:discover_packages(ignore) check parameters
[0.619s] Level 1:colcon.colcon_core.package_discovery:discover_packages(path) check parameters
[0.619s] Level 1:colcon.colcon_core.package_discovery:discover_packages(colcon_meta) discover
[0.619s] Level 1:colcon.colcon_core.package_discovery:discover_packages(recursive) discover
[0.620s] INFO:colcon.colcon_core.package_discovery:Crawling recursively for packages in '/home/ros/ros2_ws'
[0.620s] Level 1:colcon.colcon_core.package_identification:_identify(.) by extensions ['ignore', 'ignore_ament_install']
[0.620s] Level 1:colcon.colcon_core.package_identification:_identify(.) by extension 'ignore'
[0.620s] Level 1:colcon.colcon_core.package_identification:_identify(.) by extension 'ignore_ament_install'
[0.621s] Level 1:colcon.colcon_core.package_identification:_identify(.) by extensions ['colcon_pkg']
[0.621s] Level 1:colcon.colcon_core.package_identification:_identify(.) by extension 'colcon_pkg'
[0.621s] Level 1:colcon.colcon_core.package_identification:_identify(.) by extensions ['colcon_meta']
[0.621s] Level 1:colcon.colcon_core.package_identification:_identify(.) by extension 'colcon_meta'
[0.621s] Level 1:colcon.colcon_core.package_identification:_identify(.) by extensions ['ros']
[0.621s] Level 1:colcon.colcon_core.package_identification:_identify(.) by extension 'ros'
[0.641s] Level 1:colcon.colcon_core.package_identification:_identify(.) by extensions ['cmake', 'python']
[0.641s] Level 1:colcon.colcon_core.package_identification:_identify(.) by extension 'cmake'
[0.641s] Level 1:colcon.colcon_core.package_identification:_identify(.) by extension 'python'
[0.641s] Level 1:colcon.colcon_core.package_identification:_identify(.) by extensions ['python_setup_py']
[0.641s] Level 1:colcon.colcon_core.package_identification:_identify(.) by extension 'python_setup_py'
[0.642s] Level 1:colcon.colcon_core.package_identification:_identify(build) by extensions ['ignore', 'ignore_ament_install']
[0.642s] Level 1:colcon.colcon_core.package_identification:_identify(build) by extension 'ignore'
[0.642s] Level 1:colcon.colcon_core.package_identification:_identify(build) ignored
[0.642s] Level 1:colcon.colcon_core.package_identification:_identify(install) by extensions ['ignore', 'ignore_ament_install']
[0.642s] Level 1:colcon.colcon_core.package_identification:_identify(install) by extension 'ignore'
[0.642s] Level 1:colcon.colcon_core.package_identification:_identify(install) ignored
[0.642s] Level 1:colcon.colcon_core.package_identification:_identify(log) by extensions ['ignore', 'ignore_ament_install']
[0.643s] Level 1:colcon.colcon_core.package_identification:_identify(log) by extension 'ignore'
[0.643s] Level 1:colcon.colcon_core.package_identification:_identify(log) ignored
[0.643s] Level 1:colcon.colcon_core.package_identification:_identify(src) by extensions ['ignore', 'ignore_ament_install']
[0.643s] Level 1:colcon.colcon_core.package_identification:_identify(src) by extension 'ignore'
[0.643s] Level 1:colcon.colcon_core.package_identification:_identify(src) by extension 'ignore_ament_install'
[0.643s] Level 1:colcon.colcon_core.package_identification:_identify(src) by extensions ['colcon_pkg']
[0.643s] Level 1:colcon.colcon_core.package_identification:_identify(src) by extension 'colcon_pkg'
[0.643s] Level 1:colcon.colcon_core.package_identification:_identify(src) by extensions ['colcon_meta']
[0.643s] Level 1:colcon.colcon_core.package_identification:_identify(src) by extension 'colcon_meta'
[0.643s] Level 1:colcon.colcon_core.package_identification:_identify(src) by extensions ['ros']
[0.643s] Level 1:colcon.colcon_core.package_identification:_identify(src) by extension 'ros'
[0.643s] Level 1:colcon.colcon_core.package_identification:_identify(src) by extensions ['cmake', 'python']
[0.643s] Level 1:colcon.colcon_core.package_identification:_identify(src) by extension 'cmake'
[0.643s] Level 1:colcon.colcon_core.package_identification:_identify(src) by extension 'python'
[0.644s] Level 1:colcon.colcon_core.package_identification:_identify(src) by extensions ['python_setup_py']
[0.644s] Level 1:colcon.colcon_core.package_identification:_identify(src) by extension 'python_setup_py'
[0.644s] Level 1:colcon.colcon_core.package_identification:_identify(src/merge_arrays) by extensions ['ignore', 'ignore_ament_install']
[0.644s] Level 1:colcon.colcon_core.package_identification:_identify(src/merge_arrays) by extension 'ignore'
[0.644s] Level 1:colcon.colcon_core.package_identification:_identify(src/merge_arrays) by extension 'ignore_ament_install'
[0.644s] Level 1:colcon.colcon_core.package_identification:_identify(src/merge_arrays) by extensions ['colcon_pkg']
[0.644s] Level 1:colcon.colcon_core.package_identification:_identify(src/merge_arrays) by extension 'colcon_pkg'
[0.644s] Level 1:colcon.colcon_core.package_identification:_identify(src/merge_arrays) by extensions ['colcon_meta']
[0.644s] Level 1:colcon.colcon_core.package_identification:_identify(src/merge_arrays) by extension 'colcon_meta'
[0.645s] Level 1:colcon.colcon_core.package_identification:_identify(src/merge_arrays) by extensions ['ros']
[0.645s] Level 1:colcon.colcon_core.package_identification:_identify(src/merge_arrays) by extension 'ros'
[0.648s] DEBUG:colcon.colcon_core.package_identification:Package 'src/merge_arrays' with type 'ros.ament_cmake' and name 'merge_arrays'
[0.649s] Level 1:colcon.colcon_core.package_discovery:discover_packages(recursive) using defaults
[0.649s] Level 1:colcon.colcon_core.package_discovery:discover_packages(ignore) discover
[0.649s] Level 1:colcon.colcon_core.package_discovery:discover_packages(ignore) using defaults
[0.649s] Level 1:colcon.colcon_core.package_discovery:discover_packages(path) discover
[0.649s] Level 1:colcon.colcon_core.package_discovery:discover_packages(path) using defaults
[0.690s] Level 1:colcon.colcon_core.package_discovery:discover_packages(prefix_path) check parameters
[0.690s] Level 1:colcon.colcon_core.package_discovery:discover_packages(prefix_path) discover
[0.698s] DEBUG:colcon.colcon_installed_package_information.package_discovery:Found 24 installed packages in /home/ros/ros2_ws/install
[0.701s] DEBUG:colcon.colcon_installed_package_information.package_discovery:Found 284 installed packages in /opt/ros/humble
[0.707s] Level 1:colcon.colcon_core.package_discovery:discover_packages(prefix_path) using defaults
[0.841s] Level 5:colcon.colcon_core.verb:set package 'merge_arrays' build argument 'cmake_args' from command line to 'None'
[0.841s] Level 5:colcon.colcon_core.verb:set package 'merge_arrays' build argument 'cmake_target' from command line to 'None'
[0.841s] Level 5:colcon.colcon_core.verb:set package 'merge_arrays' build argument 'cmake_target_skip_unavailable' from command line to 'False'
[0.841s] Level 5:colcon.colcon_core.verb:set package 'merge_arrays' build argument 'cmake_clean_cache' from command line to 'False'
[0.842s] Level 5:colcon.colcon_core.verb:set package 'merge_arrays' build argument 'cmake_clean_first' from command line to 'False'
[0.842s] Level 5:colcon.colcon_core.verb:set package 'merge_arrays' build argument 'cmake_force_configure' from command line to 'False'
[0.842s] Level 5:colcon.colcon_core.verb:set package 'merge_arrays' build argument 'ament_cmake_args' from command line to 'None'
[0.842s] Level 5:colcon.colcon_core.verb:set package 'merge_arrays' build argument 'catkin_cmake_args' from command line to 'None'
[0.842s] Level 5:colcon.colcon_core.verb:set package 'merge_arrays' build argument 'catkin_skip_building_tests' from command line to 'False'
[0.843s] DEBUG:colcon.colcon_core.verb:Building package 'merge_arrays' with the following arguments: {'ament_cmake_args': None, 'build_base': '/home/ros/ros2_ws/build/merge_arrays', 'catkin_cmake_args': None, 'catkin_skip_building_tests': False, 'cmake_args': None, 'cmake_clean_cache': False, 'cmake_clean_first': False, 'cmake_force_configure': False, 'cmake_target': None, 'cmake_target_skip_unavailable': False, 'install_base': '/home/ros/ros2_ws/install/merge_arrays', 'merge_install': False, 'path': '/home/ros/ros2_ws/src/merge_arrays', 'symlink_install': False, 'test_result_base': None}
[0.845s] INFO:colcon.colcon_core.executor:Executing jobs using 'parallel' executor
[0.852s] DEBUG:colcon.colcon_parallel_executor.executor.parallel:run_until_complete
[0.853s] INFO:colcon.colcon_ros.task.ament_cmake.build:Building ROS package in '/home/ros/ros2_ws/src/merge_arrays' with build type 'ament_cmake'
[0.853s] INFO:colcon.colcon_cmake.task.cmake.build:Building CMake package in '/home/ros/ros2_ws/src/merge_arrays'
[0.862s] INFO:colcon.colcon_core.plugin_system:Skipping extension 'colcon_core.shell.bat': Not used on non-Windows systems
[0.862s] INFO:colcon.colcon_core.shell:Skip shell extension 'powershell' for command environment: Not usable outside of PowerShell
[0.862s] DEBUG:colcon.colcon_core.shell:Skip shell extension 'dsv' for command environment
[0.913s] DEBUG:colcon.colcon_core.event_handler.log_command:Invoking command in '/home/ros/ros2_ws/build/merge_arrays': CMAKE_PREFIX_PATH=${CMAKE_PREFIX_PATH}:/home/ros/ros2_ws/install/launch_testing_examples:/home/ros/ros2_ws/install/examples_rclpy_pointcloud_publisher:/home/ros/ros2_ws/install/examples_rclpy_minimal_subscriber:/home/ros/ros2_ws/install/examples_rclpy_minimal_service:/home/ros/ros2_ws/install/examples_rclpy_minimal_publisher:/home/ros/ros2_ws/install/examples_rclpy_minimal_client:/home/ros/ros2_ws/install/examples_rclpy_minimal_action_server:/home/ros/ros2_ws/install/examples_rclpy_minimal_action_client:/home/ros/ros2_ws/install/examples_rclpy_guard_conditions:/home/ros/ros2_ws/install/examples_rclpy_executors:/opt/ros/humble /usr/bin/cmake --build /home/ros/ros2_ws/build/merge_arrays -- -j4 -l4
[8.110s] DEBUG:colcon.colcon_core.event_handler.log_command:Invoked command in '/home/ros/ros2_ws/build/merge_arrays' returned '0': CMAKE_PREFIX_PATH=${CMAKE_PREFIX_PATH}:/home/ros/ros2_ws/install/launch_testing_examples:/home/ros/ros2_ws/install/examples_rclpy_pointcloud_publisher:/home/ros/ros2_ws/install/examples_rclpy_minimal_subscriber:/home/ros/ros2_ws/install/examples_rclpy_minimal_service:/home/ros/ros2_ws/install/examples_rclpy_minimal_publisher:/home/ros/ros2_ws/install/examples_rclpy_minimal_client:/home/ros/ros2_ws/install/examples_rclpy_minimal_action_server:/home/ros/ros2_ws/install/examples_rclpy_minimal_action_client:/home/ros/ros2_ws/install/examples_rclpy_guard_conditions:/home/ros/ros2_ws/install/examples_rclpy_executors:/opt/ros/humble /usr/bin/cmake --build /home/ros/ros2_ws/build/merge_arrays -- -j4 -l4
[8.195s] DEBUG:colcon.colcon_core.event_handler.log_command:Invoking command in '/home/ros/ros2_ws/build/merge_arrays': CMAKE_PREFIX_PATH=${CMAKE_PREFIX_PATH}:/home/ros/ros2_ws/install/launch_testing_examples:/home/ros/ros2_ws/install/examples_rclpy_pointcloud_publisher:/home/ros/ros2_ws/install/examples_rclpy_minimal_subscriber:/home/ros/ros2_ws/install/examples_rclpy_minimal_service:/home/ros/ros2_ws/install/examples_rclpy_minimal_publisher:/home/ros/ros2_ws/install/examples_rclpy_minimal_client:/home/ros/ros2_ws/install/examples_rclpy_minimal_action_server:/home/ros/ros2_ws/install/examples_rclpy_minimal_action_client:/home/ros/ros2_ws/install/examples_rclpy_guard_conditions:/home/ros/ros2_ws/install/examples_rclpy_executors:/opt/ros/humble /usr/bin/cmake --install /home/ros/ros2_ws/build/merge_arrays
[8.218s] Level 1:colcon.colcon_core.environment:create_environment_scripts_only(merge_arrays)
[8.222s] DEBUG:colcon.colcon_core.event_handler.log_command:Invoked command in '/home/ros/ros2_ws/build/merge_arrays' returned '0': CMAKE_PREFIX_PATH=${CMAKE_PREFIX_PATH}:/home/ros/ros2_ws/install/launch_testing_examples:/home/ros/ros2_ws/install/examples_rclpy_pointcloud_publisher:/home/ros/ros2_ws/install/examples_rclpy_minimal_subscriber:/home/ros/ros2_ws/install/examples_rclpy_minimal_service:/home/ros/ros2_ws/install/examples_rclpy_minimal_publisher:/home/ros/ros2_ws/install/examples_rclpy_minimal_client:/home/ros/ros2_ws/install/examples_rclpy_minimal_action_server:/home/ros/ros2_ws/install/examples_rclpy_minimal_action_client:/home/ros/ros2_ws/install/examples_rclpy_guard_conditions:/home/ros/ros2_ws/install/examples_rclpy_executors:/opt/ros/humble /usr/bin/cmake --install /home/ros/ros2_ws/build/merge_arrays
[8.233s] Level 1:colcon.colcon_core.environment:checking '/home/ros/ros2_ws/install/merge_arrays' for CMake module files
[8.234s] Level 1:colcon.colcon_core.environment:checking '/home/ros/ros2_ws/install/merge_arrays' for CMake config files
[8.234s] Level 1:colcon.colcon_core.shell:create_environment_hook('merge_arrays', 'cmake_prefix_path')
[8.237s] INFO:colcon.colcon_core.shell:Creating environment hook '/home/ros/ros2_ws/install/merge_arrays/share/merge_arrays/hook/cmake_prefix_path.ps1'
[8.238s] INFO:colcon.colcon_core.shell:Creating environment descriptor '/home/ros/ros2_ws/install/merge_arrays/share/merge_arrays/hook/cmake_prefix_path.dsv'
[8.239s] INFO:colcon.colcon_core.shell:Creating environment hook '/home/ros/ros2_ws/install/merge_arrays/share/merge_arrays/hook/cmake_prefix_path.sh'
[8.241s] Level 1:colcon.colcon_core.environment:checking '/home/ros/ros2_ws/install/merge_arrays/lib'
[8.242s] Level 1:colcon.colcon_core.environment:checking '/home/ros/ros2_ws/install/merge_arrays/bin'
[8.242s] Level 1:colcon.colcon_core.environment:checking '/home/ros/ros2_ws/install/merge_arrays/lib/pkgconfig/merge_arrays.pc'
[8.242s] Level 1:colcon.colcon_core.environment:checking '/home/ros/ros2_ws/install/merge_arrays/lib/python3.10/site-packages'
[8.243s] Level 1:colcon.colcon_core.environment:checking '/home/ros/ros2_ws/install/merge_arrays/bin'
[8.245s] INFO:colcon.colcon_core.shell:Creating package script '/home/ros/ros2_ws/install/merge_arrays/share/merge_arrays/package.ps1'
[8.246s] INFO:colcon.colcon_core.shell:Creating package descriptor '/home/ros/ros2_ws/install/merge_arrays/share/merge_arrays/package.dsv'
[8.247s] INFO:colcon.colcon_core.shell:Creating package script '/home/ros/ros2_ws/install/merge_arrays/share/merge_arrays/package.sh'
[8.248s] INFO:colcon.colcon_core.shell:Creating package script '/home/ros/ros2_ws/install/merge_arrays/share/merge_arrays/package.bash'
[8.249s] INFO:colcon.colcon_core.shell:Creating package script '/home/ros/ros2_ws/install/merge_arrays/share/merge_arrays/package.zsh'
[8.250s] Level 1:colcon.colcon_core.environment:create_file_with_runtime_dependencies(/home/ros/ros2_ws/install/merge_arrays/share/colcon-core/packages/merge_arrays)
[8.321s] Level 1:colcon.colcon_core.environment:create_environment_scripts_only(merge_arrays)
[8.324s] Level 1:colcon.colcon_core.environment:checking '/home/ros/ros2_ws/install/merge_arrays' for CMake module files
[8.325s] Level 1:colcon.colcon_core.environment:checking '/home/ros/ros2_ws/install/merge_arrays' for CMake config files
[8.325s] Level 1:colcon.colcon_core.shell:create_environment_hook('merge_arrays', 'cmake_prefix_path')
[8.327s] INFO:colcon.colcon_core.shell:Creating environment hook '/home/ros/ros2_ws/install/merge_arrays/share/merge_arrays/hook/cmake_prefix_path.ps1'
[8.328s] INFO:colcon.colcon_core.shell:Creating environment descriptor '/home/ros/ros2_ws/install/merge_arrays/share/merge_arrays/hook/cmake_prefix_path.dsv'
[8.329s] INFO:colcon.colcon_core.shell:Creating environment hook '/home/ros/ros2_ws/install/merge_arrays/share/merge_arrays/hook/cmake_prefix_path.sh'
[8.330s] Level 1:colcon.colcon_core.environment:checking '/home/ros/ros2_ws/install/merge_arrays/lib'
[8.330s] Level 1:colcon.colcon_core.environment:checking '/home/ros/ros2_ws/install/merge_arrays/bin'
[8.330s] Level 1:colcon.colcon_core.environment:checking '/home/ros/ros2_ws/install/merge_arrays/lib/pkgconfig/merge_arrays.pc'
[8.330s] Level 1:colcon.colcon_core.environment:checking '/home/ros/ros2_ws/install/merge_arrays/lib/python3.10/site-packages'
[8.330s] Level 1:colcon.colcon_core.environment:checking '/home/ros/ros2_ws/install/merge_arrays/bin'
[8.332s] INFO:colcon.colcon_core.shell:Creating package script '/home/ros/ros2_ws/install/merge_arrays/share/merge_arrays/package.ps1'
[8.333s] INFO:colcon.colcon_core.shell:Creating package descriptor '/home/ros/ros2_ws/install/merge_arrays/share/merge_arrays/package.dsv'
[8.334s] INFO:colcon.colcon_core.shell:Creating package script '/home/ros/ros2_ws/install/merge_arrays/share/merge_arrays/package.sh'
[8.334s] INFO:colcon.colcon_core.shell:Creating package script '/home/ros/ros2_ws/install/merge_arrays/share/merge_arrays/package.bash'
[8.335s] INFO:colcon.colcon_core.shell:Creating package script '/home/ros/ros2_ws/install/merge_arrays/share/merge_arrays/package.zsh'
[8.336s] Level 1:colcon.colcon_core.environment:create_file_with_runtime_dependencies(/home/ros/ros2_ws/install/merge_arrays/share/colcon-core/packages/merge_arrays)
[8.337s] DEBUG:colcon.colcon_parallel_executor.executor.parallel:closing loop
[8.338s] DEBUG:colcon.colcon_parallel_executor.executor.parallel:loop closed
[8.338s] DEBUG:colcon.colcon_parallel_executor.executor.parallel:run_until_complete finished with '0'
[8.338s] DEBUG:colcon.colcon_core.event_reactor:joining thread
[8.346s] INFO:colcon.colcon_core.plugin_system:Skipping extension 'colcon_notification.desktop_notification.terminal_notifier': Not used on non-Darwin systems
[8.346s] INFO:colcon.colcon_core.plugin_system:Skipping extension 'colcon_notification.desktop_notification.win32': Not used on non-Windows systems
[8.346s] INFO:colcon.colcon_notification.desktop_notification:Sending desktop notification using 'notify2'
[8.363s] DEBUG:colcon.colcon_core.event_reactor:joined thread
[8.367s] INFO:colcon.colcon_core.shell:Creating prefix script '/home/ros/ros2_ws/install/local_setup.ps1'
[8.372s] INFO:colcon.colcon_core.shell:Creating prefix util module '/home/ros/ros2_ws/install/_local_setup_util_ps1.py'
[8.376s] INFO:colcon.colcon_core.shell:Creating prefix chain script '/home/ros/ros2_ws/install/setup.ps1'
[8.382s] INFO:colcon.colcon_core.shell:Creating prefix script '/home/ros/ros2_ws/install/local_setup.sh'
[8.384s] INFO:colcon.colcon_core.shell:Creating prefix util module '/home/ros/ros2_ws/install/_local_setup_util_sh.py'
[8.386s] INFO:colcon.colcon_core.shell:Creating prefix chain script '/home/ros/ros2_ws/install/setup.sh'
[8.392s] INFO:colcon.colcon_core.shell:Creating prefix script '/home/ros/ros2_ws/install/local_setup.bash'
[8.394s] INFO:colcon.colcon_core.shell:Creating prefix chain script '/home/ros/ros2_ws/install/setup.bash'
[8.399s] INFO:colcon.colcon_core.shell:Creating prefix script '/home/ros/ros2_ws/install/local_setup.zsh'
[8.400s] INFO:colcon.colcon_core.shell:Creating prefix chain script '/home/ros/ros2_ws/install/setup.zsh'
