[0.081s] Invoking command in '/home/ros/ros2_ws/build/examples_rclcpp_async_client': CMAKE_PREFIX_PATH=/opt/ros/humble /usr/bin/cmake /home/ros/ros2_ws/src/examples/rclcpp/services/async_client -DAMENT_CMAKE_SYMLINK_INSTALL=1 -DCMAKE_INSTALL_PREFIX=/home/ros/ros2_ws/install/examples_rclcpp_async_client
[0.420s] -- The C compiler identification is GNU 11.3.0
[0.659s] -- The CXX compiler identification is GNU 11.3.0
[0.678s] -- Detecting C compiler ABI info
[0.828s] -- Detecting C compiler ABI info - done
[0.844s] -- Check for working C compiler: /usr/bin/cc - skipped
[0.845s] -- Detecting C compile features
[0.847s] -- Detecting C compile features - done
[0.853s] -- Detecting CXX compiler ABI info
[1.027s] -- Detecting CXX compiler ABI info - done
[1.059s] -- Check for working CXX compiler: /usr/bin/c++ - skipped
[1.059s] -- Detecting CXX compile features
[1.064s] -- Detecting CXX compile features - done
[1.072s] -- Found ament_cmake: 1.3.3 (/opt/ros/humble/share/ament_cmake/cmake)
[1.469s] -- Found Python3: /usr/bin/python3.10 (found version "3.10.6") found components: Interpreter 
[1.569s] -- Override CMake install command with custom implementation using symlinks instead of copying resources
[1.627s] -- Found example_interfaces: 0.9.3 (/opt/ros/humble/share/example_interfaces/cmake)
[1.673s] -- Found rosidl_generator_c: 3.1.4 (/opt/ros/humble/share/rosidl_generator_c/cmake)
[1.680s] -- Found rosidl_adapter: 3.1.4 (/opt/ros/humble/share/rosidl_adapter/cmake)
[1.695s] -- Found rosidl_generator_cpp: 3.1.4 (/opt/ros/humble/share/rosidl_generator_cpp/cmake)
[1.723s] -- Using all available rosidl_typesupport_c: rosidl_typesupport_fastrtps_c;rosidl_typesupport_introspection_c
[1.758s] -- Using all available rosidl_typesupport_cpp: rosidl_typesupport_fastrtps_cpp;rosidl_typesupport_introspection_cpp
[2.094s] -- Found rclcpp: 16.0.3 (/opt/ros/humble/share/rclcpp/cmake)
[2.209s] -- Found rmw_implementation_cmake: 6.1.1 (/opt/ros/humble/share/rmw_implementation_cmake/cmake)
[2.212s] -- Found rmw_fastrtps_cpp: 6.2.2 (/opt/ros/humble/share/rmw_fastrtps_cpp/cmake)
[2.454s] -- Found OpenSSL: /usr/lib/x86_64-linux-gnu/libcrypto.so (found version "3.0.2")  
[2.552s] -- Found FastRTPS: /opt/ros/humble/include  
[2.715s] -- Using RMW implementation 'rmw_fastrtps_cpp' as default
[2.767s] -- Looking for pthread.h
[2.991s] -- Looking for pthread.h - found
[2.991s] -- Performing Test CMAKE_HAVE_LIBC_PTHREAD
[3.111s] -- Performing Test CMAKE_HAVE_LIBC_PTHREAD - Success
[3.113s] -- Found Threads: TRUE  
[3.488s] -- Found ament_lint_auto: 0.12.5 (/opt/ros/humble/share/ament_lint_auto/cmake)
[3.627s] -- Added test 'copyright' to check source files copyright and LICENSE
[3.628s] -- Added test 'cppcheck' to perform static code analysis on C / C++ code
[3.629s] -- Configured cppcheck include dirs: 
[3.629s] -- Configured cppcheck exclude dirs and/or files: 
[3.630s] -- Added test 'cpplint' to check C / C++ code against the Google style
[3.630s] -- Configured cpplint exclude dirs and/or files: 
[3.636s] -- Added test 'lint_cmake' to check CMake code style
[3.637s] -- Added test 'uncrustify' to check C / C++ code style
[3.637s] -- Configured uncrustify additional arguments: 
[3.637s] -- Added test 'xmllint' to check XML markup files
[3.643s] -- Configuring done
[3.668s] -- Generating done
[3.674s] -- Build files have been written to: /home/ros/ros2_ws/build/examples_rclcpp_async_client
[3.694s] Invoked command in '/home/ros/ros2_ws/build/examples_rclcpp_async_client' returned '0': CMAKE_PREFIX_PATH=/opt/ros/humble /usr/bin/cmake /home/ros/ros2_ws/src/examples/rclcpp/services/async_client -DAMENT_CMAKE_SYMLINK_INSTALL=1 -DCMAKE_INSTALL_PREFIX=/home/ros/ros2_ws/install/examples_rclcpp_async_client
[3.699s] Invoking command in '/home/ros/ros2_ws/build/examples_rclcpp_async_client': CMAKE_PREFIX_PATH=/opt/ros/humble /usr/bin/cmake --build /home/ros/ros2_ws/build/examples_rclcpp_async_client -- -j4 -l4
[3.892s] [ 50%] [32mBuilding CXX object CMakeFiles/client_main.dir/main.cpp.o[0m
[35.396s] [100%] [32m[1mLinking CXX executable client_main[0m
[36.044s] [100%] Built target client_main
[36.122s] Invoked command in '/home/ros/ros2_ws/build/examples_rclcpp_async_client' returned '0': CMAKE_PREFIX_PATH=/opt/ros/humble /usr/bin/cmake --build /home/ros/ros2_ws/build/examples_rclcpp_async_client -- -j4 -l4
[36.556s] Invoking command in '/home/ros/ros2_ws/build/examples_rclcpp_async_client': CMAKE_PREFIX_PATH=/opt/ros/humble /usr/bin/cmake --install /home/ros/ros2_ws/build/examples_rclcpp_async_client
[36.616s] -- Install configuration: ""
[36.617s] -- Execute custom install script
[36.619s] -- Symlinking: /home/ros/ros2_ws/install/examples_rclcpp_async_client/lib/examples_rclcpp_async_client/client_main
[36.659s] -- Symlinking: /home/ros/ros2_ws/install/examples_rclcpp_async_client/share/ament_index/resource_index/package_run_dependencies/examples_rclcpp_async_client
[36.697s] -- Symlinking: /home/ros/ros2_ws/install/examples_rclcpp_async_client/share/ament_index/resource_index/parent_prefix_path/examples_rclcpp_async_client
[36.759s] -- Symlinking: /home/ros/ros2_ws/install/examples_rclcpp_async_client/share/examples_rclcpp_async_client/environment/ament_prefix_path.sh
[36.846s] -- Symlinking: /home/ros/ros2_ws/install/examples_rclcpp_async_client/share/examples_rclcpp_async_client/environment/ament_prefix_path.dsv
[36.912s] -- Symlinking: /home/ros/ros2_ws/install/examples_rclcpp_async_client/share/examples_rclcpp_async_client/environment/path.sh
[36.961s] -- Symlinking: /home/ros/ros2_ws/install/examples_rclcpp_async_client/share/examples_rclcpp_async_client/environment/path.dsv
[37.016s] -- Symlinking: /home/ros/ros2_ws/install/examples_rclcpp_async_client/share/examples_rclcpp_async_client/local_setup.bash
[37.056s] -- Symlinking: /home/ros/ros2_ws/install/examples_rclcpp_async_client/share/examples_rclcpp_async_client/local_setup.sh
[37.088s] -- Symlinking: /home/ros/ros2_ws/install/examples_rclcpp_async_client/share/examples_rclcpp_async_client/local_setup.zsh
[37.129s] -- Symlinking: /home/ros/ros2_ws/install/examples_rclcpp_async_client/share/examples_rclcpp_async_client/local_setup.dsv
[37.215s] -- Symlinking: /home/ros/ros2_ws/install/examples_rclcpp_async_client/share/examples_rclcpp_async_client/package.dsv
[37.277s] -- Symlinking: /home/ros/ros2_ws/install/examples_rclcpp_async_client/share/ament_index/resource_index/packages/examples_rclcpp_async_client
[37.321s] -- Symlinking: /home/ros/ros2_ws/install/examples_rclcpp_async_client/share/examples_rclcpp_async_client/cmake/examples_rclcpp_async_clientConfig.cmake
[37.372s] -- Symlinking: /home/ros/ros2_ws/install/examples_rclcpp_async_client/share/examples_rclcpp_async_client/cmake/examples_rclcpp_async_clientConfig-version.cmake
[37.419s] -- Symlinking: /home/ros/ros2_ws/install/examples_rclcpp_async_client/share/examples_rclcpp_async_client/package.xml
[37.499s] Invoked command in '/home/ros/ros2_ws/build/examples_rclcpp_async_client' returned '0': CMAKE_PREFIX_PATH=/opt/ros/humble /usr/bin/cmake --install /home/ros/ros2_ws/build/examples_rclcpp_async_client
