[0.049s] Invoking command in '/home/ros/ros2_ws/build/examples_rclcpp_minimal_composition': CMAKE_PREFIX_PATH=${CMAKE_PREFIX_PATH}:/home/ros/ros2_ws/install/launch_testing_examples:/home/ros/ros2_ws/install/examples_rclpy_pointcloud_publisher:/home/ros/ros2_ws/install/examples_rclpy_minimal_subscriber:/home/ros/ros2_ws/install/examples_rclpy_minimal_service:/home/ros/ros2_ws/install/examples_rclpy_minimal_publisher:/home/ros/ros2_ws/install/examples_rclpy_minimal_client:/home/ros/ros2_ws/install/examples_rclpy_minimal_action_server:/home/ros/ros2_ws/install/examples_rclpy_minimal_action_client:/home/ros/ros2_ws/install/examples_rclpy_guard_conditions:/home/ros/ros2_ws/install/examples_rclpy_executors:/opt/ros/humble /usr/bin/cmake --build /home/ros/ros2_ws/build/examples_rclcpp_minimal_composition -- -j4 -l4
[0.237s] [ 33%] Built target composition_nodes
[0.320s] [ 55%] Built target composition_publisher
[0.392s] [ 77%] Built target composition_subscriber
[0.400s] [100%] Built target composition_composed
[0.441s] Invoked command in '/home/ros/ros2_ws/build/examples_rclcpp_minimal_composition' returned '0': CMAKE_PREFIX_PATH=${CMAKE_PREFIX_PATH}:/home/ros/ros2_ws/install/launch_testing_examples:/home/ros/ros2_ws/install/examples_rclpy_pointcloud_publisher:/home/ros/ros2_ws/install/examples_rclpy_minimal_subscriber:/home/ros/ros2_ws/install/examples_rclpy_minimal_service:/home/ros/ros2_ws/install/examples_rclpy_minimal_publisher:/home/ros/ros2_ws/install/examples_rclpy_minimal_client:/home/ros/ros2_ws/install/examples_rclpy_minimal_action_server:/home/ros/ros2_ws/install/examples_rclpy_minimal_action_client:/home/ros/ros2_ws/install/examples_rclpy_guard_conditions:/home/ros/ros2_ws/install/examples_rclpy_executors:/opt/ros/humble /usr/bin/cmake --build /home/ros/ros2_ws/build/examples_rclcpp_minimal_composition -- -j4 -l4
[0.669s] Invoking command in '/home/ros/ros2_ws/build/examples_rclcpp_minimal_composition': CMAKE_PREFIX_PATH=${CMAKE_PREFIX_PATH}:/home/ros/ros2_ws/install/launch_testing_examples:/home/ros/ros2_ws/install/examples_rclpy_pointcloud_publisher:/home/ros/ros2_ws/install/examples_rclpy_minimal_subscriber:/home/ros/ros2_ws/install/examples_rclpy_minimal_service:/home/ros/ros2_ws/install/examples_rclpy_minimal_publisher:/home/ros/ros2_ws/install/examples_rclpy_minimal_client:/home/ros/ros2_ws/install/examples_rclpy_minimal_action_server:/home/ros/ros2_ws/install/examples_rclpy_minimal_action_client:/home/ros/ros2_ws/install/examples_rclpy_guard_conditions:/home/ros/ros2_ws/install/examples_rclpy_executors:/opt/ros/humble /usr/bin/cmake --install /home/ros/ros2_ws/build/examples_rclcpp_minimal_composition
[0.684s] -- Install configuration: ""
[0.686s] -- Execute custom install script
[0.688s] -- Up-to-date symlink: /home/ros/ros2_ws/install/examples_rclcpp_minimal_composition/share/examples_rclcpp_minimal_composition/environment/library_path.sh
[0.693s] -- Up-to-date symlink: /home/ros/ros2_ws/install/examples_rclcpp_minimal_composition/share/examples_rclcpp_minimal_composition/environment/library_path.dsv
[0.695s] -- Up-to-date symlink: /home/ros/ros2_ws/install/examples_rclcpp_minimal_composition/lib/libcomposition_nodes.so
[0.709s] -- Up-to-date symlink: /home/ros/ros2_ws/install/examples_rclcpp_minimal_composition/lib/examples_rclcpp_minimal_composition/composition_publisher
[0.711s] -- Up-to-date symlink: /home/ros/ros2_ws/install/examples_rclcpp_minimal_composition/lib/examples_rclcpp_minimal_composition/composition_subscriber
[0.712s] -- Up-to-date symlink: /home/ros/ros2_ws/install/examples_rclcpp_minimal_composition/lib/examples_rclcpp_minimal_composition/composition_composed
[0.712s] -- Up-to-date symlink: /home/ros/ros2_ws/install/examples_rclcpp_minimal_composition/share/ament_index/resource_index/package_run_dependencies/examples_rclcpp_minimal_composition
[0.713s] -- Up-to-date symlink: /home/ros/ros2_ws/install/examples_rclcpp_minimal_composition/share/ament_index/resource_index/parent_prefix_path/examples_rclcpp_minimal_composition
[0.713s] -- Up-to-date symlink: /home/ros/ros2_ws/install/examples_rclcpp_minimal_composition/share/examples_rclcpp_minimal_composition/environment/ament_prefix_path.sh
[0.715s] -- Up-to-date symlink: /home/ros/ros2_ws/install/examples_rclcpp_minimal_composition/share/examples_rclcpp_minimal_composition/environment/ament_prefix_path.dsv
[0.715s] -- Up-to-date symlink: /home/ros/ros2_ws/install/examples_rclcpp_minimal_composition/share/examples_rclcpp_minimal_composition/environment/path.sh
[0.716s] -- Up-to-date symlink: /home/ros/ros2_ws/install/examples_rclcpp_minimal_composition/share/examples_rclcpp_minimal_composition/environment/path.dsv
[0.716s] -- Up-to-date symlink: /home/ros/ros2_ws/install/examples_rclcpp_minimal_composition/share/examples_rclcpp_minimal_composition/local_setup.bash
[0.716s] -- Up-to-date symlink: /home/ros/ros2_ws/install/examples_rclcpp_minimal_composition/share/examples_rclcpp_minimal_composition/local_setup.sh
[0.717s] -- Up-to-date symlink: /home/ros/ros2_ws/install/examples_rclcpp_minimal_composition/share/examples_rclcpp_minimal_composition/local_setup.zsh
[0.717s] -- Up-to-date symlink: /home/ros/ros2_ws/install/examples_rclcpp_minimal_composition/share/examples_rclcpp_minimal_composition/local_setup.dsv
[0.717s] -- Symlinking: /home/ros/ros2_ws/install/examples_rclcpp_minimal_composition/share/examples_rclcpp_minimal_composition/package.dsv
[0.737s] -- Up-to-date symlink: /home/ros/ros2_ws/install/examples_rclcpp_minimal_composition/share/ament_index/resource_index/packages/examples_rclcpp_minimal_composition
[0.737s] -- Up-to-date symlink: /home/ros/ros2_ws/install/examples_rclcpp_minimal_composition/share/examples_rclcpp_minimal_composition/cmake/examples_rclcpp_minimal_compositionConfig.cmake
[0.738s] -- Up-to-date symlink: /home/ros/ros2_ws/install/examples_rclcpp_minimal_composition/share/examples_rclcpp_minimal_composition/cmake/examples_rclcpp_minimal_compositionConfig-version.cmake
[0.738s] -- Up-to-date symlink: /home/ros/ros2_ws/install/examples_rclcpp_minimal_composition/share/examples_rclcpp_minimal_composition/package.xml
[0.753s] Invoked command in '/home/ros/ros2_ws/build/examples_rclcpp_minimal_composition' returned '0': CMAKE_PREFIX_PATH=${CMAKE_PREFIX_PATH}:/home/ros/ros2_ws/install/launch_testing_examples:/home/ros/ros2_ws/install/examples_rclpy_pointcloud_publisher:/home/ros/ros2_ws/install/examples_rclpy_minimal_subscriber:/home/ros/ros2_ws/install/examples_rclpy_minimal_service:/home/ros/ros2_ws/install/examples_rclpy_minimal_publisher:/home/ros/ros2_ws/install/examples_rclpy_minimal_client:/home/ros/ros2_ws/install/examples_rclpy_minimal_action_server:/home/ros/ros2_ws/install/examples_rclpy_minimal_action_client:/home/ros/ros2_ws/install/examples_rclpy_guard_conditions:/home/ros/ros2_ws/install/examples_rclpy_executors:/opt/ros/humble /usr/bin/cmake --install /home/ros/ros2_ws/build/examples_rclcpp_minimal_composition
