[2.220s] Invoking command in '/home/ros/ros2_ws/build/examples_rclpy_minimal_action_client': PYTHONPATH=/home/ros/ros2_ws/build/examples_rclpy_minimal_action_client/prefix_override:/home/ros/ros2_ws/install/examples_rclpy_minimal_action_client/lib/python3.10/site-packages:${PYTHONPATH} /usr/bin/python3 setup.py develop --uninstall --editable --build-directory /home/ros/ros2_ws/build/examples_rclpy_minimal_action_client/build
[2.728s] running develop
[2.730s] /usr/lib/python3/dist-packages/setuptools/command/easy_install.py:158: EasyInstallDeprecationWarning: easy_install command is deprecated. Use build and pip and other standards-based tools.
[2.730s]   warnings.warn(
[2.732s] /usr/lib/python3/dist-packages/setuptools/command/install.py:34: SetuptoolsDeprecationWarning: setup.py install is deprecated. Use build and pip and other standards-based tools.
[2.732s]   warnings.warn(
[2.825s] /usr/lib/python3/dist-packages/pkg_resources/__init__.py:116: PkgResourcesDeprecationWarning: 1.1build1 is an invalid version and will not be supported in a future release
[2.826s]   warnings.warn(
[2.826s] /usr/lib/python3/dist-packages/pkg_resources/__init__.py:116: PkgResourcesDeprecationWarning: 0.1.43ubuntu1 is an invalid version and will not be supported in a future release
[2.826s]   warnings.warn(
[3.052s] Invoked command in '/home/ros/ros2_ws/build/examples_rclpy_minimal_action_client' returned '0': PYTHONPATH=/home/ros/ros2_ws/build/examples_rclpy_minimal_action_client/prefix_override:/home/ros/ros2_ws/install/examples_rclpy_minimal_action_client/lib/python3.10/site-packages:${PYTHONPATH} /usr/bin/python3 setup.py develop --uninstall --editable --build-directory /home/ros/ros2_ws/build/examples_rclpy_minimal_action_client/build
[3.055s] Invoking command in '/home/ros/ros2_ws/src/examples/rclpy/actions/minimal_action_client': PYTHONPATH=/home/ros/ros2_ws/build/examples_rclpy_minimal_action_client/prefix_override:/home/ros/ros2_ws/install/examples_rclpy_minimal_action_client/lib/python3.10/site-packages:${PYTHONPATH} /usr/bin/python3 setup.py egg_info --egg-base ../../../../../build/examples_rclpy_minimal_action_client build --build-base /home/ros/ros2_ws/build/examples_rclpy_minimal_action_client/build install --record /home/ros/ros2_ws/build/examples_rclpy_minimal_action_client/install.log --single-version-externally-managed
[3.478s] running egg_info
[3.479s] writing ../../../../../build/examples_rclpy_minimal_action_client/examples_rclpy_minimal_action_client.egg-info/PKG-INFO
[3.480s] writing dependency_links to ../../../../../build/examples_rclpy_minimal_action_client/examples_rclpy_minimal_action_client.egg-info/dependency_links.txt
[3.481s] writing entry points to ../../../../../build/examples_rclpy_minimal_action_client/examples_rclpy_minimal_action_client.egg-info/entry_points.txt
[3.482s] writing requirements to ../../../../../build/examples_rclpy_minimal_action_client/examples_rclpy_minimal_action_client.egg-info/requires.txt
[3.482s] writing top-level names to ../../../../../build/examples_rclpy_minimal_action_client/examples_rclpy_minimal_action_client.egg-info/top_level.txt
[3.485s] reading manifest file '../../../../../build/examples_rclpy_minimal_action_client/examples_rclpy_minimal_action_client.egg-info/SOURCES.txt'
[3.487s] writing manifest file '../../../../../build/examples_rclpy_minimal_action_client/examples_rclpy_minimal_action_client.egg-info/SOURCES.txt'
[3.487s] running build
[3.487s] running build_py
[3.488s] running install
[3.488s] /usr/lib/python3/dist-packages/setuptools/command/install.py:34: SetuptoolsDeprecationWarning: setup.py install is deprecated. Use build and pip and other standards-based tools.
[3.489s]   warnings.warn(
[3.489s] running install_lib
[3.491s] running install_data
[3.492s] running install_egg_info
[3.494s] removing '/home/ros/ros2_ws/install/examples_rclpy_minimal_action_client/lib/python3.10/site-packages/examples_rclpy_minimal_action_client-0.15.1-py3.10.egg-info' (and everything under it)
[3.495s] Copying ../../../../../build/examples_rclpy_minimal_action_client/examples_rclpy_minimal_action_client.egg-info to /home/ros/ros2_ws/install/examples_rclpy_minimal_action_client/lib/python3.10/site-packages/examples_rclpy_minimal_action_client-0.15.1-py3.10.egg-info
[3.496s] running install_scripts
[3.530s] Installing client script to /home/ros/ros2_ws/install/examples_rclpy_minimal_action_client/lib/examples_rclpy_minimal_action_client
[3.531s] Installing client_asyncio script to /home/ros/ros2_ws/install/examples_rclpy_minimal_action_client/lib/examples_rclpy_minimal_action_client
[3.532s] Installing client_cancel script to /home/ros/ros2_ws/install/examples_rclpy_minimal_action_client/lib/examples_rclpy_minimal_action_client
[3.532s] Installing client_not_composable script to /home/ros/ros2_ws/install/examples_rclpy_minimal_action_client/lib/examples_rclpy_minimal_action_client
[3.534s] writing list of installed files to '/home/ros/ros2_ws/build/examples_rclpy_minimal_action_client/install.log'
[3.922s] Invoked command in '/home/ros/ros2_ws/src/examples/rclpy/actions/minimal_action_client' returned '0': PYTHONPATH=/home/ros/ros2_ws/build/examples_rclpy_minimal_action_client/prefix_override:/home/ros/ros2_ws/install/examples_rclpy_minimal_action_client/lib/python3.10/site-packages:${PYTHONPATH} /usr/bin/python3 setup.py egg_info --egg-base ../../../../../build/examples_rclpy_minimal_action_client build --build-base /home/ros/ros2_ws/build/examples_rclpy_minimal_action_client/build install --record /home/ros/ros2_ws/build/examples_rclpy_minimal_action_client/install.log --single-version-externally-managed
