[0.968s] Invoking command in '/home/ros/ros2_ws/build/examples_rclpy_pointcloud_publisher': PYTHONPATH=/home/ros/ros2_ws/build/examples_rclpy_pointcloud_publisher/prefix_override:/home/ros/ros2_ws/install/examples_rclpy_pointcloud_publisher/lib/python3.10/site-packages:${PYTHONPATH} /usr/bin/python3 setup.py develop --editable --build-directory /home/ros/ros2_ws/build/examples_rclpy_pointcloud_publisher/build --no-deps install_data
[1.439s] running develop
[1.440s] /usr/lib/python3/dist-packages/setuptools/command/easy_install.py:158: EasyInstallDeprecationWarning: easy_install command is deprecated. Use build and pip and other standards-based tools.
[1.440s]   warnings.warn(
[1.441s] /usr/lib/python3/dist-packages/setuptools/command/install.py:34: SetuptoolsDeprecationWarning: setup.py install is deprecated. Use build and pip and other standards-based tools.
[1.442s]   warnings.warn(
[1.566s] /usr/lib/python3/dist-packages/pkg_resources/__init__.py:116: PkgResourcesDeprecationWarning: 1.1build1 is an invalid version and will not be supported in a future release
[1.568s]   warnings.warn(
[1.570s] /usr/lib/python3/dist-packages/pkg_resources/__init__.py:116: PkgResourcesDeprecationWarning: 0.1.43ubuntu1 is an invalid version and will not be supported in a future release
[1.570s]   warnings.warn(
[1.765s] running egg_info
[1.767s] creating examples_rclpy_pointcloud_publisher.egg-info
[1.767s] writing examples_rclpy_pointcloud_publisher.egg-info/PKG-INFO
[1.768s] writing dependency_links to examples_rclpy_pointcloud_publisher.egg-info/dependency_links.txt
[1.768s] writing entry points to examples_rclpy_pointcloud_publisher.egg-info/entry_points.txt
[1.768s] writing requirements to examples_rclpy_pointcloud_publisher.egg-info/requires.txt
[1.769s] writing top-level names to examples_rclpy_pointcloud_publisher.egg-info/top_level.txt
[1.769s] writing manifest file 'examples_rclpy_pointcloud_publisher.egg-info/SOURCES.txt'
[1.771s] reading manifest file 'examples_rclpy_pointcloud_publisher.egg-info/SOURCES.txt'
[1.772s] writing manifest file 'examples_rclpy_pointcloud_publisher.egg-info/SOURCES.txt'
[1.775s] running build_ext
[1.775s] Creating /home/ros/ros2_ws/install/examples_rclpy_pointcloud_publisher/lib/python3.10/site-packages/examples-rclpy-pointcloud-publisher.egg-link (link to .)
[1.776s] Installing pointcloud_publisher script to /home/ros/ros2_ws/install/examples_rclpy_pointcloud_publisher/lib/examples_rclpy_pointcloud_publisher
[1.777s] 
[1.777s] Installed /home/ros/ros2_ws/build/examples_rclpy_pointcloud_publisher
[1.778s] running install_data
[1.778s] creating /home/ros/ros2_ws/install/examples_rclpy_pointcloud_publisher/share/ament_index
[1.778s] creating /home/ros/ros2_ws/install/examples_rclpy_pointcloud_publisher/share/ament_index/resource_index
[1.779s] creating /home/ros/ros2_ws/install/examples_rclpy_pointcloud_publisher/share/ament_index/resource_index/packages
[1.779s] copying resource/examples_rclpy_pointcloud_publisher -> /home/ros/ros2_ws/install/examples_rclpy_pointcloud_publisher/share/ament_index/resource_index/packages
[1.779s] copying package.xml -> /home/ros/ros2_ws/install/examples_rclpy_pointcloud_publisher/share/examples_rclpy_pointcloud_publisher
[1.820s] Invoked command in '/home/ros/ros2_ws/build/examples_rclpy_pointcloud_publisher' returned '0': PYTHONPATH=/home/ros/ros2_ws/build/examples_rclpy_pointcloud_publisher/prefix_override:/home/ros/ros2_ws/install/examples_rclpy_pointcloud_publisher/lib/python3.10/site-packages:${PYTHONPATH} /usr/bin/python3 setup.py develop --editable --build-directory /home/ros/ros2_ws/build/examples_rclpy_pointcloud_publisher/build --no-deps install_data
