[1.907s] Invoking command in '/home/ros/ros2_ws/build/examples_rclpy_minimal_service': PYTHONPATH=/home/ros/ros2_ws/build/examples_rclpy_minimal_service/prefix_override:/home/ros/ros2_ws/install/examples_rclpy_minimal_service/lib/python3.10/site-packages:${PYTHONPATH} /usr/bin/python3 setup.py develop --uninstall --editable --build-directory /home/ros/ros2_ws/build/examples_rclpy_minimal_service/build
[2.529s] running develop
[2.530s] /usr/lib/python3/dist-packages/setuptools/command/easy_install.py:158: EasyInstallDeprecationWarning: easy_install command is deprecated. Use build and pip and other standards-based tools.
[2.530s]   warnings.warn(
[2.541s] /usr/lib/python3/dist-packages/setuptools/command/install.py:34: SetuptoolsDeprecationWarning: setup.py install is deprecated. Use build and pip and other standards-based tools.
[2.541s]   warnings.warn(
[2.697s] /usr/lib/python3/dist-packages/pkg_resources/__init__.py:116: PkgResourcesDeprecationWarning: 1.1build1 is an invalid version and will not be supported in a future release
[2.697s]   warnings.warn(
[2.698s] /usr/lib/python3/dist-packages/pkg_resources/__init__.py:116: PkgResourcesDeprecationWarning: 0.1.43ubuntu1 is an invalid version and will not be supported in a future release
[2.698s]   warnings.warn(
[2.950s] Invoked command in '/home/ros/ros2_ws/build/examples_rclpy_minimal_service' returned '0': PYTHONPATH=/home/ros/ros2_ws/build/examples_rclpy_minimal_service/prefix_override:/home/ros/ros2_ws/install/examples_rclpy_minimal_service/lib/python3.10/site-packages:${PYTHONPATH} /usr/bin/python3 setup.py develop --uninstall --editable --build-directory /home/ros/ros2_ws/build/examples_rclpy_minimal_service/build
[2.960s] Invoking command in '/home/ros/ros2_ws/src/examples/rclpy/services/minimal_service': PYTHONPATH=/home/ros/ros2_ws/build/examples_rclpy_minimal_service/prefix_override:/home/ros/ros2_ws/install/examples_rclpy_minimal_service/lib/python3.10/site-packages:${PYTHONPATH} /usr/bin/python3 setup.py egg_info --egg-base ../../../../../build/examples_rclpy_minimal_service build --build-base /home/ros/ros2_ws/build/examples_rclpy_minimal_service/build install --record /home/ros/ros2_ws/build/examples_rclpy_minimal_service/install.log --single-version-externally-managed
[3.651s] running egg_info
[3.652s] writing ../../../../../build/examples_rclpy_minimal_service/examples_rclpy_minimal_service.egg-info/PKG-INFO
[3.659s] writing dependency_links to ../../../../../build/examples_rclpy_minimal_service/examples_rclpy_minimal_service.egg-info/dependency_links.txt
[3.660s] writing entry points to ../../../../../build/examples_rclpy_minimal_service/examples_rclpy_minimal_service.egg-info/entry_points.txt
[3.660s] writing requirements to ../../../../../build/examples_rclpy_minimal_service/examples_rclpy_minimal_service.egg-info/requires.txt
[3.661s] writing top-level names to ../../../../../build/examples_rclpy_minimal_service/examples_rclpy_minimal_service.egg-info/top_level.txt
[3.692s] reading manifest file '../../../../../build/examples_rclpy_minimal_service/examples_rclpy_minimal_service.egg-info/SOURCES.txt'
[3.694s] writing manifest file '../../../../../build/examples_rclpy_minimal_service/examples_rclpy_minimal_service.egg-info/SOURCES.txt'
[3.694s] running build
[3.694s] running build_py
[3.697s] running install
[3.697s] /usr/lib/python3/dist-packages/setuptools/command/install.py:34: SetuptoolsDeprecationWarning: setup.py install is deprecated. Use build and pip and other standards-based tools.
[3.697s]   warnings.warn(
[3.698s] running install_lib
[3.702s] running install_data
[3.704s] running install_egg_info
[3.707s] removing '/home/ros/ros2_ws/install/examples_rclpy_minimal_service/lib/python3.10/site-packages/examples_rclpy_minimal_service-0.15.1-py3.10.egg-info' (and everything under it)
[3.707s] Copying ../../../../../build/examples_rclpy_minimal_service/examples_rclpy_minimal_service.egg-info to /home/ros/ros2_ws/install/examples_rclpy_minimal_service/lib/python3.10/site-packages/examples_rclpy_minimal_service-0.15.1-py3.10.egg-info
[3.729s] running install_scripts
[3.761s] Installing service script to /home/ros/ros2_ws/install/examples_rclpy_minimal_service/lib/examples_rclpy_minimal_service
[3.762s] Installing service_member_function script to /home/ros/ros2_ws/install/examples_rclpy_minimal_service/lib/examples_rclpy_minimal_service
[3.762s] writing list of installed files to '/home/ros/ros2_ws/build/examples_rclpy_minimal_service/install.log'
[3.843s] Invoked command in '/home/ros/ros2_ws/src/examples/rclpy/services/minimal_service' returned '0': PYTHONPATH=/home/ros/ros2_ws/build/examples_rclpy_minimal_service/prefix_override:/home/ros/ros2_ws/install/examples_rclpy_minimal_service/lib/python3.10/site-packages:${PYTHONPATH} /usr/bin/python3 setup.py egg_info --egg-base ../../../../../build/examples_rclpy_minimal_service build --build-base /home/ros/ros2_ws/build/examples_rclpy_minimal_service/build install --record /home/ros/ros2_ws/build/examples_rclpy_minimal_service/install.log --single-version-externally-managed
