[0.021s] Invoking command in '/home/ros/ros2_ws/build/examples_rclcpp_minimal_service': CMAKE_PREFIX_PATH=/opt/ros/humble /usr/bin/cmake /home/ros/ros2_ws/src/examples/rclcpp/services/minimal_service -DCMAKE_INSTALL_PREFIX=/home/ros/ros2_ws/install/examples_rclcpp_minimal_service
[0.043s] -- Found ament_cmake: 1.3.3 (/opt/ros/humble/share/ament_cmake/cmake)
[0.330s] -- Override CMake install command with custom implementation using symlinks instead of copying resources
[0.341s] -- Found example_interfaces: 0.9.3 (/opt/ros/humble/share/example_interfaces/cmake)
[0.397s] -- Found rosidl_generator_c: 3.1.4 (/opt/ros/humble/share/rosidl_generator_c/cmake)
[0.401s] -- Found rosidl_adapter: 3.1.4 (/opt/ros/humble/share/rosidl_adapter/cmake)
[0.411s] -- Found rosidl_generator_cpp: 3.1.4 (/opt/ros/humble/share/rosidl_generator_cpp/cmake)
[0.429s] -- Using all available rosidl_typesupport_c: rosidl_typesupport_fastrtps_c;rosidl_typesupport_introspection_c
[0.457s] -- Using all available rosidl_typesupport_cpp: rosidl_typesupport_fastrtps_cpp;rosidl_typesupport_introspection_cpp
[1.120s] -- Found rclcpp: 16.0.3 (/opt/ros/humble/share/rclcpp/cmake)
[1.208s] -- Found rmw_implementation_cmake: 6.1.1 (/opt/ros/humble/share/rmw_implementation_cmake/cmake)
[1.210s] -- Found rmw_fastrtps_cpp: 6.2.2 (/opt/ros/humble/share/rmw_fastrtps_cpp/cmake)
[1.433s] -- Using RMW implementation 'rmw_fastrtps_cpp' as default
[1.955s] -- Found ament_lint_auto: 0.12.5 (/opt/ros/humble/share/ament_lint_auto/cmake)
[2.133s] -- Added test 'copyright' to check source files copyright and LICENSE
[2.135s] -- Added test 'cppcheck' to perform static code analysis on C / C++ code
[2.136s] -- Configured cppcheck include dirs: 
[2.136s] -- Configured cppcheck exclude dirs and/or files: 
[2.140s] -- Added test 'cpplint' to check C / C++ code against the Google style
[2.141s] -- Configured cpplint exclude dirs and/or files: 
[2.141s] -- Added test 'lint_cmake' to check CMake code style
[2.141s] -- Added test 'uncrustify' to check C / C++ code style
[2.142s] -- Configured uncrustify additional arguments: 
[2.142s] -- Added test 'xmllint' to check XML markup files
[2.145s] -- Configuring done
[2.181s] -- Generating done
[2.182s] -- Build files have been written to: /home/ros/ros2_ws/build/examples_rclcpp_minimal_service
[2.247s] Invoked command in '/home/ros/ros2_ws/build/examples_rclcpp_minimal_service' returned '0': CMAKE_PREFIX_PATH=/opt/ros/humble /usr/bin/cmake /home/ros/ros2_ws/src/examples/rclcpp/services/minimal_service -DCMAKE_INSTALL_PREFIX=/home/ros/ros2_ws/install/examples_rclcpp_minimal_service
[2.250s] Invoking command in '/home/ros/ros2_ws/build/examples_rclcpp_minimal_service': CMAKE_PREFIX_PATH=/opt/ros/humble /usr/bin/cmake --build /home/ros/ros2_ws/build/examples_rclcpp_minimal_service -- -j4 -l4
[2.382s] [35m[1mConsolidate compiler generated dependencies of target service_main[0m
[2.440s] [100%] Built target service_main
[2.514s] Invoked command in '/home/ros/ros2_ws/build/examples_rclcpp_minimal_service' returned '0': CMAKE_PREFIX_PATH=/opt/ros/humble /usr/bin/cmake --build /home/ros/ros2_ws/build/examples_rclcpp_minimal_service -- -j4 -l4
[2.620s] Invoking command in '/home/ros/ros2_ws/build/examples_rclcpp_minimal_service': CMAKE_PREFIX_PATH=/opt/ros/humble /usr/bin/cmake --install /home/ros/ros2_ws/build/examples_rclcpp_minimal_service
[2.634s] -- Install configuration: ""
[2.634s] -- Execute custom install script
[2.635s] -- Up-to-date symlink: /home/ros/ros2_ws/install/examples_rclcpp_minimal_service/lib/examples_rclcpp_minimal_service/service_main
[2.635s] -- Up-to-date symlink: /home/ros/ros2_ws/install/examples_rclcpp_minimal_service/share/ament_index/resource_index/package_run_dependencies/examples_rclcpp_minimal_service
[2.635s] -- Up-to-date symlink: /home/ros/ros2_ws/install/examples_rclcpp_minimal_service/share/ament_index/resource_index/parent_prefix_path/examples_rclcpp_minimal_service
[2.636s] -- Up-to-date symlink: /home/ros/ros2_ws/install/examples_rclcpp_minimal_service/share/examples_rclcpp_minimal_service/environment/ament_prefix_path.sh
[2.636s] -- Up-to-date symlink: /home/ros/ros2_ws/install/examples_rclcpp_minimal_service/share/examples_rclcpp_minimal_service/environment/ament_prefix_path.dsv
[2.636s] -- Up-to-date symlink: /home/ros/ros2_ws/install/examples_rclcpp_minimal_service/share/examples_rclcpp_minimal_service/environment/path.sh
[2.637s] -- Up-to-date symlink: /home/ros/ros2_ws/install/examples_rclcpp_minimal_service/share/examples_rclcpp_minimal_service/environment/path.dsv
[2.637s] -- Up-to-date symlink: /home/ros/ros2_ws/install/examples_rclcpp_minimal_service/share/examples_rclcpp_minimal_service/local_setup.bash
[2.637s] -- Up-to-date symlink: /home/ros/ros2_ws/install/examples_rclcpp_minimal_service/share/examples_rclcpp_minimal_service/local_setup.sh
[2.638s] -- Up-to-date symlink: /home/ros/ros2_ws/install/examples_rclcpp_minimal_service/share/examples_rclcpp_minimal_service/local_setup.zsh
[2.638s] -- Up-to-date symlink: /home/ros/ros2_ws/install/examples_rclcpp_minimal_service/share/examples_rclcpp_minimal_service/local_setup.dsv
[2.639s] -- Symlinking: /home/ros/ros2_ws/install/examples_rclcpp_minimal_service/share/examples_rclcpp_minimal_service/package.dsv
[2.658s] -- Up-to-date symlink: /home/ros/ros2_ws/install/examples_rclcpp_minimal_service/share/ament_index/resource_index/packages/examples_rclcpp_minimal_service
[2.659s] -- Up-to-date symlink: /home/ros/ros2_ws/install/examples_rclcpp_minimal_service/share/examples_rclcpp_minimal_service/cmake/examples_rclcpp_minimal_serviceConfig.cmake
[2.659s] -- Up-to-date symlink: /home/ros/ros2_ws/install/examples_rclcpp_minimal_service/share/examples_rclcpp_minimal_service/cmake/examples_rclcpp_minimal_serviceConfig-version.cmake
[2.659s] -- Up-to-date symlink: /home/ros/ros2_ws/install/examples_rclcpp_minimal_service/share/examples_rclcpp_minimal_service/package.xml
[2.668s] Invoked command in '/home/ros/ros2_ws/build/examples_rclcpp_minimal_service' returned '0': CMAKE_PREFIX_PATH=/opt/ros/humble /usr/bin/cmake --install /home/ros/ros2_ws/build/examples_rclcpp_minimal_service
