[1.291s] Invoking command in '/home/ros/ros2_ws/build/examples_rclpy_minimal_action_client': PYTHONPATH=/home/ros/ros2_ws/build/examples_rclpy_minimal_action_client/prefix_override:/home/ros/ros2_ws/install/examples_rclpy_minimal_action_client/lib/python3.10/site-packages:${PYTHONPATH} /usr/bin/python3 setup.py develop --editable --build-directory /home/ros/ros2_ws/build/examples_rclpy_minimal_action_client/build --no-deps install_data
[1.802s] running develop
[1.811s] /usr/lib/python3/dist-packages/setuptools/command/easy_install.py:158: EasyInstallDeprecationWarning: easy_install command is deprecated. Use build and pip and other standards-based tools.
[1.811s]   warnings.warn(
[1.814s] /usr/lib/python3/dist-packages/setuptools/command/install.py:34: SetuptoolsDeprecationWarning: setup.py install is deprecated. Use build and pip and other standards-based tools.
[1.814s]   warnings.warn(
[1.995s] /usr/lib/python3/dist-packages/pkg_resources/__init__.py:116: PkgResourcesDeprecationWarning: 1.1build1 is an invalid version and will not be supported in a future release
[1.996s]   warnings.warn(
[1.997s] /usr/lib/python3/dist-packages/pkg_resources/__init__.py:116: PkgResourcesDeprecationWarning: 0.1.43ubuntu1 is an invalid version and will not be supported in a future release
[1.998s]   warnings.warn(
[2.331s] running egg_info
[2.332s] creating examples_rclpy_minimal_action_client.egg-info
[2.332s] writing examples_rclpy_minimal_action_client.egg-info/PKG-INFO
[2.333s] writing dependency_links to examples_rclpy_minimal_action_client.egg-info/dependency_links.txt
[2.334s] writing entry points to examples_rclpy_minimal_action_client.egg-info/entry_points.txt
[2.334s] writing requirements to examples_rclpy_minimal_action_client.egg-info/requires.txt
[2.334s] writing top-level names to examples_rclpy_minimal_action_client.egg-info/top_level.txt
[2.335s] writing manifest file 'examples_rclpy_minimal_action_client.egg-info/SOURCES.txt'
[2.338s] reading manifest file 'examples_rclpy_minimal_action_client.egg-info/SOURCES.txt'
[2.339s] writing manifest file 'examples_rclpy_minimal_action_client.egg-info/SOURCES.txt'
[2.341s] running build_ext
[2.342s] Creating /home/ros/ros2_ws/install/examples_rclpy_minimal_action_client/lib/python3.10/site-packages/examples-rclpy-minimal-action-client.egg-link (link to .)
[2.343s] Installing client script to /home/ros/ros2_ws/install/examples_rclpy_minimal_action_client/lib/examples_rclpy_minimal_action_client
[2.351s] Installing client_asyncio script to /home/ros/ros2_ws/install/examples_rclpy_minimal_action_client/lib/examples_rclpy_minimal_action_client
[2.352s] Installing client_cancel script to /home/ros/ros2_ws/install/examples_rclpy_minimal_action_client/lib/examples_rclpy_minimal_action_client
[2.352s] Installing client_not_composable script to /home/ros/ros2_ws/install/examples_rclpy_minimal_action_client/lib/examples_rclpy_minimal_action_client
[2.356s] 
[2.356s] Installed /home/ros/ros2_ws/build/examples_rclpy_minimal_action_client
[2.356s] running install_data
[2.356s] creating /home/ros/ros2_ws/install/examples_rclpy_minimal_action_client/share/ament_index
[2.356s] creating /home/ros/ros2_ws/install/examples_rclpy_minimal_action_client/share/ament_index/resource_index
[2.357s] creating /home/ros/ros2_ws/install/examples_rclpy_minimal_action_client/share/ament_index/resource_index/packages
[2.357s] copying resource/examples_rclpy_minimal_action_client -> /home/ros/ros2_ws/install/examples_rclpy_minimal_action_client/share/ament_index/resource_index/packages
[2.357s] copying package.xml -> /home/ros/ros2_ws/install/examples_rclpy_minimal_action_client/share/examples_rclpy_minimal_action_client
[2.414s] Invoked command in '/home/ros/ros2_ws/build/examples_rclpy_minimal_action_client' returned '0': PYTHONPATH=/home/ros/ros2_ws/build/examples_rclpy_minimal_action_client/prefix_override:/home/ros/ros2_ws/install/examples_rclpy_minimal_action_client/lib/python3.10/site-packages:${PYTHONPATH} /usr/bin/python3 setup.py develop --editable --build-directory /home/ros/ros2_ws/build/examples_rclpy_minimal_action_client/build --no-deps install_data
