[1.106s] Invoking command in '/home/ros/ros2_ws/build/examples_rclpy_minimal_publisher': PYTHONPATH=/home/ros/ros2_ws/build/examples_rclpy_minimal_publisher/prefix_override:/home/ros/ros2_ws/install/examples_rclpy_minimal_publisher/lib/python3.10/site-packages:${PYTHONPATH} /usr/bin/python3 setup.py develop --editable --build-directory /home/ros/ros2_ws/build/examples_rclpy_minimal_publisher/build --no-deps install_data
[1.538s] running develop
[1.539s] /usr/lib/python3/dist-packages/setuptools/command/easy_install.py:158: EasyInstallDeprecationWarning: easy_install command is deprecated. Use build and pip and other standards-based tools.
[1.540s]   warnings.warn(
[1.541s] /usr/lib/python3/dist-packages/setuptools/command/install.py:34: SetuptoolsDeprecationWarning: setup.py install is deprecated. Use build and pip and other standards-based tools.
[1.542s]   warnings.warn(
[1.639s] /usr/lib/python3/dist-packages/pkg_resources/__init__.py:116: PkgResourcesDeprecationWarning: 1.1build1 is an invalid version and will not be supported in a future release
[1.639s]   warnings.warn(
[1.640s] /usr/lib/python3/dist-packages/pkg_resources/__init__.py:116: PkgResourcesDeprecationWarning: 0.1.43ubuntu1 is an invalid version and will not be supported in a future release
[1.640s]   warnings.warn(
[1.822s] running egg_info
[1.822s] creating examples_rclpy_minimal_publisher.egg-info
[1.823s] writing examples_rclpy_minimal_publisher.egg-info/PKG-INFO
[1.823s] writing dependency_links to examples_rclpy_minimal_publisher.egg-info/dependency_links.txt
[1.824s] writing entry points to examples_rclpy_minimal_publisher.egg-info/entry_points.txt
[1.824s] writing requirements to examples_rclpy_minimal_publisher.egg-info/requires.txt
[1.824s] writing top-level names to examples_rclpy_minimal_publisher.egg-info/top_level.txt
[1.825s] writing manifest file 'examples_rclpy_minimal_publisher.egg-info/SOURCES.txt'
[1.827s] reading manifest file 'examples_rclpy_minimal_publisher.egg-info/SOURCES.txt'
[1.828s] writing manifest file 'examples_rclpy_minimal_publisher.egg-info/SOURCES.txt'
[1.830s] running build_ext
[1.831s] Creating /home/ros/ros2_ws/install/examples_rclpy_minimal_publisher/lib/python3.10/site-packages/examples-rclpy-minimal-publisher.egg-link (link to .)
[1.832s] Installing publisher_local_function script to /home/ros/ros2_ws/install/examples_rclpy_minimal_publisher/lib/examples_rclpy_minimal_publisher
[1.833s] Installing publisher_member_function script to /home/ros/ros2_ws/install/examples_rclpy_minimal_publisher/lib/examples_rclpy_minimal_publisher
[1.833s] Installing publisher_old_school script to /home/ros/ros2_ws/install/examples_rclpy_minimal_publisher/lib/examples_rclpy_minimal_publisher
[1.833s] 
[1.834s] Installed /home/ros/ros2_ws/build/examples_rclpy_minimal_publisher
[1.834s] running install_data
[1.834s] creating /home/ros/ros2_ws/install/examples_rclpy_minimal_publisher/share/ament_index
[1.835s] creating /home/ros/ros2_ws/install/examples_rclpy_minimal_publisher/share/ament_index/resource_index
[1.835s] creating /home/ros/ros2_ws/install/examples_rclpy_minimal_publisher/share/ament_index/resource_index/packages
[1.835s] copying resource/examples_rclpy_minimal_publisher -> /home/ros/ros2_ws/install/examples_rclpy_minimal_publisher/share/ament_index/resource_index/packages
[1.836s] copying package.xml -> /home/ros/ros2_ws/install/examples_rclpy_minimal_publisher/share/examples_rclpy_minimal_publisher
[1.883s] Invoked command in '/home/ros/ros2_ws/build/examples_rclpy_minimal_publisher' returned '0': PYTHONPATH=/home/ros/ros2_ws/build/examples_rclpy_minimal_publisher/prefix_override:/home/ros/ros2_ws/install/examples_rclpy_minimal_publisher/lib/python3.10/site-packages:${PYTHONPATH} /usr/bin/python3 setup.py develop --editable --build-directory /home/ros/ros2_ws/build/examples_rclpy_minimal_publisher/build --no-deps install_data
