[2.036s] Invoking command in '/home/ros/ros2_ws/build/examples_rclpy_pointcloud_publisher': PYTHONPATH=/home/ros/ros2_ws/build/examples_rclpy_pointcloud_publisher/prefix_override:/home/ros/ros2_ws/install/examples_rclpy_pointcloud_publisher/lib/python3.10/site-packages:${PYTHONPATH} /usr/bin/python3 setup.py develop --uninstall --editable --build-directory /home/ros/ros2_ws/build/examples_rclpy_pointcloud_publisher/build
[2.910s] running develop
[2.913s] /usr/lib/python3/dist-packages/setuptools/command/easy_install.py:158: EasyInstallDeprecationWarning: easy_install command is deprecated. Use build and pip and other standards-based tools.
[2.913s]   warnings.warn(
[2.916s] /usr/lib/python3/dist-packages/setuptools/command/install.py:34: SetuptoolsDeprecationWarning: setup.py install is deprecated. Use build and pip and other standards-based tools.
[2.916s]   warnings.warn(
[3.091s] /usr/lib/python3/dist-packages/pkg_resources/__init__.py:116: PkgResourcesDeprecationWarning: 1.1build1 is an invalid version and will not be supported in a future release
[3.091s]   warnings.warn(
[3.098s] /usr/lib/python3/dist-packages/pkg_resources/__init__.py:116: PkgResourcesDeprecationWarning: 0.1.43ubuntu1 is an invalid version and will not be supported in a future release
[3.098s]   warnings.warn(
[3.710s] Invoked command in '/home/ros/ros2_ws/build/examples_rclpy_pointcloud_publisher' returned '0': PYTHONPATH=/home/ros/ros2_ws/build/examples_rclpy_pointcloud_publisher/prefix_override:/home/ros/ros2_ws/install/examples_rclpy_pointcloud_publisher/lib/python3.10/site-packages:${PYTHONPATH} /usr/bin/python3 setup.py develop --uninstall --editable --build-directory /home/ros/ros2_ws/build/examples_rclpy_pointcloud_publisher/build
[3.712s] Invoking command in '/home/ros/ros2_ws/src/examples/rclpy/topics/pointcloud_publisher': PYTHONPATH=/home/ros/ros2_ws/build/examples_rclpy_pointcloud_publisher/prefix_override:/home/ros/ros2_ws/install/examples_rclpy_pointcloud_publisher/lib/python3.10/site-packages:${PYTHONPATH} /usr/bin/python3 setup.py egg_info --egg-base ../../../../../build/examples_rclpy_pointcloud_publisher build --build-base /home/ros/ros2_ws/build/examples_rclpy_pointcloud_publisher/build install --record /home/ros/ros2_ws/build/examples_rclpy_pointcloud_publisher/install.log --single-version-externally-managed
[4.241s] running egg_info
[4.252s] writing ../../../../../build/examples_rclpy_pointcloud_publisher/examples_rclpy_pointcloud_publisher.egg-info/PKG-INFO
[4.252s] writing dependency_links to ../../../../../build/examples_rclpy_pointcloud_publisher/examples_rclpy_pointcloud_publisher.egg-info/dependency_links.txt
[4.253s] writing entry points to ../../../../../build/examples_rclpy_pointcloud_publisher/examples_rclpy_pointcloud_publisher.egg-info/entry_points.txt
[4.253s] writing requirements to ../../../../../build/examples_rclpy_pointcloud_publisher/examples_rclpy_pointcloud_publisher.egg-info/requires.txt
[4.253s] writing top-level names to ../../../../../build/examples_rclpy_pointcloud_publisher/examples_rclpy_pointcloud_publisher.egg-info/top_level.txt
[4.253s] reading manifest file '../../../../../build/examples_rclpy_pointcloud_publisher/examples_rclpy_pointcloud_publisher.egg-info/SOURCES.txt'
[4.265s] /usr/lib/python3/dist-packages/setuptools/command/install.py:34: SetuptoolsDeprecationWarning: setup.py install is deprecated. Use build and pip and other standards-based tools.
[4.266s]   warnings.warn(
[4.287s] writing manifest file '../../../../../build/examples_rclpy_pointcloud_publisher/examples_rclpy_pointcloud_publisher.egg-info/SOURCES.txt'
[4.287s] running build
[4.287s] running build_py
[4.287s] running install
[4.287s] running install_lib
[4.287s] running install_data
[4.288s] running install_egg_info
[4.288s] removing '/home/ros/ros2_ws/install/examples_rclpy_pointcloud_publisher/lib/python3.10/site-packages/examples_rclpy_pointcloud_publisher-0.15.1-py3.10.egg-info' (and everything under it)
[4.288s] Copying ../../../../../build/examples_rclpy_pointcloud_publisher/examples_rclpy_pointcloud_publisher.egg-info to /home/ros/ros2_ws/install/examples_rclpy_pointcloud_publisher/lib/python3.10/site-packages/examples_rclpy_pointcloud_publisher-0.15.1-py3.10.egg-info
[4.288s] running install_scripts
[4.346s] Installing pointcloud_publisher script to /home/ros/ros2_ws/install/examples_rclpy_pointcloud_publisher/lib/examples_rclpy_pointcloud_publisher
[4.371s] writing list of installed files to '/home/ros/ros2_ws/build/examples_rclpy_pointcloud_publisher/install.log'
[4.439s] Invoked command in '/home/ros/ros2_ws/src/examples/rclpy/topics/pointcloud_publisher' returned '0': PYTHONPATH=/home/ros/ros2_ws/build/examples_rclpy_pointcloud_publisher/prefix_override:/home/ros/ros2_ws/install/examples_rclpy_pointcloud_publisher/lib/python3.10/site-packages:${PYTHONPATH} /usr/bin/python3 setup.py egg_info --egg-base ../../../../../build/examples_rclpy_pointcloud_publisher build --build-base /home/ros/ros2_ws/build/examples_rclpy_pointcloud_publisher/build install --record /home/ros/ros2_ws/build/examples_rclpy_pointcloud_publisher/install.log --single-version-externally-managed
